[INFO ] 2020-11-23 19:06:14.539 [TestNG-test=Regression for SPS-SDD Event Report-1] BasePage - Execution environment - RCI
[INFO ] 2020-11-23 19:07:56.115 [TestNG-test=Regression for SPS-SDD Event Report-1] BasePage - Execution environment - RCI
[INFO ] 2020-11-23 19:07:57.627 [TestNG-test=Regression for SPS-SDD Event Report-1] BasePage - Execution URL - https://ssl-product-creditor-web.vm-rct.stg.as8677.net/creditor/rm/login
[INFO ] 2020-11-23 19:07:57.630 [TestNG-test=Regression for SPS-SDD Event Report-1] BasePage - hubURL - http://selenium-hub:4444/wd/hub
[INFO ] 2020-11-23 19:07:57.631 [TestNG-test=Regression for SPS-SDD Event Report-1] BasePage - Execution browser - chromelocal
[INFO ] 2020-11-23 19:08:15.963 [TestNG-test=Regression for SPS-SDD Event Report-1] BasePage - Initialized chrome browser driver
[INFO ] 2020-11-23 19:08:25.595 [TestNG-test=Regression for SPS-SDD Event Report-1] UserActions - Text Field: 'By.xpath: .//*[@id='wrapper']/fieldset/form/p[1]/input'. Value 'atos' entered
[INFO ] 2020-11-23 19:08:26.598 [TestNG-test=Regression for SPS-SDD Event Report-1] UserActions - Text Field: 'By.xpath: .//*[@id='wrapper']/fieldset/form/p[2]/input'. Value 'atosatos' entered
[INFO ] 2020-11-23 19:08:27.098 [TestNG-test=Regression for SPS-SDD Event Report-1] LoginPage - User default logged sucessfully....
[INFO ] 2020-11-23 19:08:33.184 [TestNG-test=Regression for SPS-SDD Event Report-1] UserActions - Link: ' By.id: bthp' clicked
[INFO ] 2020-11-23 19:08:36.745 [TestNG-test=Regression for SPS-SDD Event Report-1] UserActions - Page loaded sucessfully ......
[INFO ] 2020-11-23 19:08:36.746 [TestNG-test=Regression for SPS-SDD Event Report-1] UserActions - Link: ' By.xpath: .//*[@id='pageMenu']/ul/li/a[contains(text(),'Mandates Management')]' clicked
[INFO ] 2020-11-23 19:08:44.465 [TestNG-test=Regression for SPS-SDD Event Report-1] UserActions - Link: ' By.name: search' clicked
[INFO ] 2020-11-23 19:08:47.319 [TestNG-test=Regression for SPS-SDD Event Report-1] UserActions - Page loaded sucessfully ......
[INFO ] 2020-11-23 19:08:49.447 [TestNG-test=Regression for SPS-SDD Event Report-1] UserActions - click with JS : ' By.xpath: //div[@class='buttonBar']//a[contains(text(),'Create SDD')]' clicked
[INFO ] 2020-11-23 19:08:50.108 [TestNG-test=Regression for SPS-SDD Event Report-1] UserActions - Text Field: 'By.xpath: //*[@id='dueDateField']'. Value '23/11/2020' entered
[INFO ] 2020-11-23 19:08:51.544 [TestNG-test=Regression for SPS-SDD Event Report-1] UserActions - Text Field: 'By.xpath: //*[@id='amount']'. Value '22' entered
[INFO ] 2020-11-23 19:08:52.142 [TestNG-test=Regression for SPS-SDD Event Report-1] UserActions - Text Field: 'By.xpath: //*[@id='endToEndId']'. Value '143394' entered
[INFO ] 2020-11-23 19:08:52.704 [TestNG-test=Regression for SPS-SDD Event Report-1] UserActions - Text Field: 'By.xpath: .//*[@id='initiatorTxRef']'. Value '187444' entered
[INFO ] 2020-11-23 19:08:52.950 [TestNG-test=Regression for SPS-SDD Event Report-1] UserActions - Link: ' By.xpath: .//*[@id='generatePreNotification']' clicked
[INFO ] 2020-11-23 19:08:56.316 [TestNG-test=Regression for SPS-SDD Event Report-1] UserActions - Link: ' By.xpath: .//*[@id='sddCreateForm']/div[3]/input[1]' clicked
[INFO ] 2020-11-23 19:11:16.285 [TestNG-test=Regression for SPS-SDD Event Report-1] BasePage - Execution environment - RCI
[INFO ] 2020-11-23 19:11:17.727 [TestNG-test=Regression for SPS-SDD Event Report-1] BasePage - Execution URL - https://ssl-product-creditor-web.vm-rct.stg.as8677.net/creditor/rm/login
[INFO ] 2020-11-23 19:11:17.730 [TestNG-test=Regression for SPS-SDD Event Report-1] BasePage - hubURL - http://selenium-hub:4444/wd/hub
[INFO ] 2020-11-23 19:11:17.733 [TestNG-test=Regression for SPS-SDD Event Report-1] BasePage - Execution browser - chromelocal
[INFO ] 2020-11-23 19:11:34.659 [TestNG-test=Regression for SPS-SDD Event Report-1] BasePage - Initialized chrome browser driver
[INFO ] 2020-11-23 19:11:42.320 [TestNG-test=Regression for SPS-SDD Event Report-1] UserActions - Text Field: 'By.xpath: .//*[@id='wrapper']/fieldset/form/p[1]/input'. Value 'atos' entered
[INFO ] 2020-11-23 19:11:43.147 [TestNG-test=Regression for SPS-SDD Event Report-1] UserActions - Text Field: 'By.xpath: .//*[@id='wrapper']/fieldset/form/p[2]/input'. Value 'atosatos' entered
[INFO ] 2020-11-23 19:11:43.618 [TestNG-test=Regression for SPS-SDD Event Report-1] LoginPage - User default logged sucessfully....
[INFO ] 2020-11-23 19:11:49.875 [TestNG-test=Regression for SPS-SDD Event Report-1] UserActions - Link: ' By.id: bthp' clicked
[INFO ] 2020-11-23 19:11:54.632 [TestNG-test=Regression for SPS-SDD Event Report-1] UserActions - Page loaded sucessfully ......
[INFO ] 2020-11-23 19:11:54.633 [TestNG-test=Regression for SPS-SDD Event Report-1] UserActions - Link: ' By.xpath: .//*[@id='pageMenu']/ul/li/a[contains(text(),'Mandates Management')]' clicked
[INFO ] 2020-11-23 19:12:02.867 [TestNG-test=Regression for SPS-SDD Event Report-1] UserActions - Link: ' By.name: search' clicked
[INFO ] 2020-11-23 19:12:06.008 [TestNG-test=Regression for SPS-SDD Event Report-1] UserActions - Page loaded sucessfully ......
[INFO ] 2020-11-23 19:12:07.626 [TestNG-test=Regression for SPS-SDD Event Report-1] UserActions - click with JS : ' By.xpath: //div[@class='buttonBar']//a[contains(text(),'Create SDD')]' clicked
[INFO ] 2020-11-23 19:12:08.375 [TestNG-test=Regression for SPS-SDD Event Report-1] UserActions - Text Field: 'By.xpath: //*[@id='dueDateField']'. Value '23/11/2020' entered
[INFO ] 2020-11-23 19:12:09.726 [TestNG-test=Regression for SPS-SDD Event Report-1] UserActions - Text Field: 'By.xpath: //*[@id='amount']'. Value '22' entered
[INFO ] 2020-11-23 19:12:10.248 [TestNG-test=Regression for SPS-SDD Event Report-1] UserActions - Text Field: 'By.xpath: //*[@id='endToEndId']'. Value '102779' entered
[INFO ] 2020-11-23 19:12:10.751 [TestNG-test=Regression for SPS-SDD Event Report-1] UserActions - Text Field: 'By.xpath: .//*[@id='initiatorTxRef']'. Value '113269' entered
[INFO ] 2020-11-23 19:12:11.011 [TestNG-test=Regression for SPS-SDD Event Report-1] UserActions - Link: ' By.xpath: .//*[@id='generatePreNotification']' clicked
[INFO ] 2020-11-23 19:12:13.837 [TestNG-test=Regression for SPS-SDD Event Report-1] UserActions - Link: ' By.xpath: .//*[@id='sddCreateForm']/div[3]/input[1]' clicked
[INFO ] 2020-11-23 19:16:13.854 [TestNG-test=Regression for SPS-SDD Event Report-1] BasePage - Execution environment - RCI
[INFO ] 2020-11-23 19:16:14.771 [TestNG-test=Regression for SPS-SDD Event Report-1] BasePage - Execution URL - https://ssl-product-creditor-web.vm-rct.stg.as8677.net/creditor/rm/login
[INFO ] 2020-11-23 19:16:14.771 [TestNG-test=Regression for SPS-SDD Event Report-1] BasePage - hubURL - http://selenium-hub:4444/wd/hub
[INFO ] 2020-11-23 19:16:14.771 [TestNG-test=Regression for SPS-SDD Event Report-1] BasePage - Execution browser - chromelocal
[INFO ] 2020-11-23 19:16:29.318 [TestNG-test=Regression for SPS-SDD Event Report-1] BasePage - Initialized chrome browser driver
[INFO ] 2020-11-23 19:16:36.395 [TestNG-test=Regression for SPS-SDD Event Report-1] UserActions - Text Field: 'By.xpath: .//*[@id='wrapper']/fieldset/form/p[1]/input'. Value 'atos' entered
[INFO ] 2020-11-23 19:16:36.897 [TestNG-test=Regression for SPS-SDD Event Report-1] UserActions - Text Field: 'By.xpath: .//*[@id='wrapper']/fieldset/form/p[2]/input'. Value 'atosatos' entered
[INFO ] 2020-11-23 19:16:37.290 [TestNG-test=Regression for SPS-SDD Event Report-1] LoginPage - User default logged sucessfully....
[INFO ] 2020-11-23 19:16:41.207 [TestNG-test=Regression for SPS-SDD Event Report-1] UserActions - Link: ' By.id: bthp' clicked
[INFO ] 2020-11-23 19:16:45.289 [TestNG-test=Regression for SPS-SDD Event Report-1] UserActions - Page loaded sucessfully ......
[INFO ] 2020-11-23 19:16:45.289 [TestNG-test=Regression for SPS-SDD Event Report-1] UserActions - Link: ' By.xpath: .//*[@id='pageMenu']/ul/li/a[contains(text(),'Mandates Management')]' clicked
[INFO ] 2020-11-23 19:16:52.959 [TestNG-test=Regression for SPS-SDD Event Report-1] UserActions - Link: ' By.name: search' clicked
[INFO ] 2020-11-23 19:16:56.214 [TestNG-test=Regression for SPS-SDD Event Report-1] UserActions - Page loaded sucessfully ......
[INFO ] 2020-11-23 19:16:58.071 [TestNG-test=Regression for SPS-SDD Event Report-1] UserActions - click with JS : ' By.xpath: //div[@class='buttonBar']//a[contains(text(),'Create SDD')]' clicked
[INFO ] 2020-11-23 19:16:58.735 [TestNG-test=Regression for SPS-SDD Event Report-1] UserActions - Text Field: 'By.xpath: //*[@id='dueDateField']'. Value '23/11/2020' entered
[INFO ] 2020-11-23 19:17:00.141 [TestNG-test=Regression for SPS-SDD Event Report-1] UserActions - Text Field: 'By.xpath: //*[@id='amount']'. Value '22' entered
[INFO ] 2020-11-23 19:17:00.643 [TestNG-test=Regression for SPS-SDD Event Report-1] UserActions - Text Field: 'By.xpath: //*[@id='endToEndId']'. Value '172573' entered
[INFO ] 2020-11-23 19:17:01.170 [TestNG-test=Regression for SPS-SDD Event Report-1] UserActions - Text Field: 'By.xpath: .//*[@id='initiatorTxRef']'. Value '115050' entered
[INFO ] 2020-11-23 19:17:01.435 [TestNG-test=Regression for SPS-SDD Event Report-1] UserActions - Link: ' By.xpath: .//*[@id='generatePreNotification']' clicked
[INFO ] 2020-11-23 19:17:04.149 [TestNG-test=Regression for SPS-SDD Event Report-1] UserActions - Link: ' By.xpath: .//*[@id='sddCreateForm']/div[3]/input[1]' clicked
[INFO ] 2020-11-23 19:19:30.583 [TestNG-test=Regression for SPS-SDD Event Report-1] BasePage - Execution environment - RCI
[INFO ] 2020-11-23 19:19:31.802 [TestNG-test=Regression for SPS-SDD Event Report-1] BasePage - Execution URL - https://ssl-product-creditor-web.vm-rct.stg.as8677.net/creditor/rm/login
[INFO ] 2020-11-23 19:19:31.809 [TestNG-test=Regression for SPS-SDD Event Report-1] BasePage - hubURL - http://selenium-hub:4444/wd/hub
[INFO ] 2020-11-23 19:19:31.809 [TestNG-test=Regression for SPS-SDD Event Report-1] BasePage - Execution browser - chromelocal
[INFO ] 2020-11-23 19:19:46.270 [TestNG-test=Regression for SPS-SDD Event Report-1] BasePage - Initialized chrome browser driver
[INFO ] 2020-11-23 19:19:54.127 [TestNG-test=Regression for SPS-SDD Event Report-1] UserActions - Text Field: 'By.xpath: .//*[@id='wrapper']/fieldset/form/p[1]/input'. Value 'atos' entered
[INFO ] 2020-11-23 19:19:55.154 [TestNG-test=Regression for SPS-SDD Event Report-1] UserActions - Text Field: 'By.xpath: .//*[@id='wrapper']/fieldset/form/p[2]/input'. Value 'atosatos' entered
[INFO ] 2020-11-23 19:19:55.660 [TestNG-test=Regression for SPS-SDD Event Report-1] LoginPage - User default logged sucessfully....
[INFO ] 2020-11-23 19:20:01.239 [TestNG-test=Regression for SPS-SDD Event Report-1] UserActions - Link: ' By.id: bthp' clicked
[INFO ] 2020-11-23 19:20:05.459 [TestNG-test=Regression for SPS-SDD Event Report-1] UserActions - Page loaded sucessfully ......
[INFO ] 2020-11-23 19:20:05.459 [TestNG-test=Regression for SPS-SDD Event Report-1] UserActions - Link: ' By.xpath: .//*[@id='pageMenu']/ul/li/a[contains(text(),'Mandates Management')]' clicked
[INFO ] 2020-11-23 19:20:13.075 [TestNG-test=Regression for SPS-SDD Event Report-1] UserActions - Link: ' By.name: search' clicked
[INFO ] 2020-11-23 19:20:16.828 [TestNG-test=Regression for SPS-SDD Event Report-1] UserActions - Page loaded sucessfully ......
[INFO ] 2020-11-23 19:20:19.437 [TestNG-test=Regression for SPS-SDD Event Report-1] UserActions - click with JS : ' By.xpath: //div[@class='buttonBar']//a[contains(text(),'Create SDD')]' clicked
[INFO ] 2020-11-23 19:20:20.162 [TestNG-test=Regression for SPS-SDD Event Report-1] UserActions - Text Field: 'By.xpath: //*[@id='dueDateField']'. Value '23/11/2020' entered
[INFO ] 2020-11-23 19:20:21.531 [TestNG-test=Regression for SPS-SDD Event Report-1] UserActions - Text Field: 'By.xpath: //*[@id='amount']'. Value '22' entered
[INFO ] 2020-11-23 19:20:22.087 [TestNG-test=Regression for SPS-SDD Event Report-1] UserActions - Text Field: 'By.xpath: //*[@id='endToEndId']'. Value '114187' entered
[INFO ] 2020-11-23 19:20:22.604 [TestNG-test=Regression for SPS-SDD Event Report-1] UserActions - Text Field: 'By.xpath: .//*[@id='initiatorTxRef']'. Value '135803' entered
[INFO ] 2020-11-23 19:20:22.886 [TestNG-test=Regression for SPS-SDD Event Report-1] UserActions - Link: ' By.xpath: .//*[@id='generatePreNotification']' clicked
[INFO ] 2020-11-23 19:20:25.499 [TestNG-test=Regression for SPS-SDD Event Report-1] UserActions - Link: ' By.xpath: .//*[@id='sddCreateForm']/div[3]/input[1]' clicked
[INFO ] 2020-11-23 19:22:10.647 [TestNG-test=Regression for SPS-SDD Event Report-1] BasePage - Execution environment - RCI
[INFO ] 2020-11-23 19:22:12.036 [TestNG-test=Regression for SPS-SDD Event Report-1] BasePage - Execution URL - https://ssl-product-creditor-web.vm-rct.stg.as8677.net/creditor/rm/login
[INFO ] 2020-11-23 19:22:12.043 [TestNG-test=Regression for SPS-SDD Event Report-1] BasePage - hubURL - http://selenium-hub:4444/wd/hub
[INFO ] 2020-11-23 19:22:12.043 [TestNG-test=Regression for SPS-SDD Event Report-1] BasePage - Execution browser - chromelocal
[INFO ] 2020-11-23 19:22:27.392 [TestNG-test=Regression for SPS-SDD Event Report-1] BasePage - Initialized chrome browser driver
[INFO ] 2020-11-23 19:22:35.768 [TestNG-test=Regression for SPS-SDD Event Report-1] UserActions - Text Field: 'By.xpath: .//*[@id='wrapper']/fieldset/form/p[1]/input'. Value 'atos' entered
[INFO ] 2020-11-23 19:22:36.302 [TestNG-test=Regression for SPS-SDD Event Report-1] UserActions - Text Field: 'By.xpath: .//*[@id='wrapper']/fieldset/form/p[2]/input'. Value 'atosatos' entered
[INFO ] 2020-11-23 19:22:36.725 [TestNG-test=Regression for SPS-SDD Event Report-1] LoginPage - User default logged sucessfully....
[INFO ] 2020-11-23 19:22:44.567 [TestNG-test=Regression for SPS-SDD Event Report-1] UserActions - Link: ' By.id: bthp' clicked
[INFO ] 2020-11-23 19:22:49.881 [TestNG-test=Regression for SPS-SDD Event Report-1] UserActions - Page loaded sucessfully ......
[INFO ] 2020-11-23 19:22:49.881 [TestNG-test=Regression for SPS-SDD Event Report-1] UserActions - Link: ' By.xpath: .//*[@id='pageMenu']/ul/li/a[contains(text(),'Mandates Management')]' clicked
[INFO ] 2020-11-23 19:22:58.547 [TestNG-test=Regression for SPS-SDD Event Report-1] UserActions - Link: ' By.name: search' clicked
[INFO ] 2020-11-23 19:23:01.780 [TestNG-test=Regression for SPS-SDD Event Report-1] UserActions - Page loaded sucessfully ......
[INFO ] 2020-11-23 19:23:03.144 [TestNG-test=Regression for SPS-SDD Event Report-1] UserActions - click with JS : ' By.xpath: //div[@class='buttonBar']//a[contains(text(),'Create SDD')]' clicked
[INFO ] 2020-11-23 19:23:03.782 [TestNG-test=Regression for SPS-SDD Event Report-1] UserActions - Text Field: 'By.xpath: //*[@id='dueDateField']'. Value '23/11/2020' entered
[INFO ] 2020-11-23 19:23:05.130 [TestNG-test=Regression for SPS-SDD Event Report-1] UserActions - Text Field: 'By.xpath: //*[@id='amount']'. Value '22' entered
[INFO ] 2020-11-23 19:23:05.643 [TestNG-test=Regression for SPS-SDD Event Report-1] UserActions - Text Field: 'By.xpath: //*[@id='endToEndId']'. Value '176979' entered
[INFO ] 2020-11-23 19:23:06.230 [TestNG-test=Regression for SPS-SDD Event Report-1] UserActions - Text Field: 'By.xpath: .//*[@id='initiatorTxRef']'. Value '126062' entered
[INFO ] 2020-11-23 19:23:06.539 [TestNG-test=Regression for SPS-SDD Event Report-1] UserActions - Link: ' By.xpath: .//*[@id='generatePreNotification']' clicked
[INFO ] 2020-11-23 19:23:09.340 [TestNG-test=Regression for SPS-SDD Event Report-1] UserActions - Link: ' By.xpath: .//*[@id='sddCreateForm']/div[3]/input[1]' clicked
[INFO ] 2020-11-23 19:33:40.681 [TestNG-test=Regression for SPS-SDD Event Report-1] BasePage - Execution environment - RCI
[INFO ] 2020-11-23 19:33:41.685 [TestNG-test=Regression for SPS-SDD Event Report-1] BasePage - Execution URL - https://ssl-product-creditor-web.vm-rct.stg.as8677.net/creditor/rm/login
[INFO ] 2020-11-23 19:33:41.685 [TestNG-test=Regression for SPS-SDD Event Report-1] BasePage - hubURL - http://selenium-hub:4444/wd/hub
[INFO ] 2020-11-23 19:33:41.685 [TestNG-test=Regression for SPS-SDD Event Report-1] BasePage - Execution browser - chromelocal
[INFO ] 2020-11-23 19:33:55.104 [TestNG-test=Regression for SPS-SDD Event Report-1] BasePage - Initialized chrome browser driver
[INFO ] 2020-11-23 19:34:01.300 [TestNG-test=Regression for SPS-SDD Event Report-1] UserActions - Text Field: 'By.xpath: .//*[@id='wrapper']/fieldset/form/p[1]/input'. Value 'atos' entered
[INFO ] 2020-11-23 19:34:01.860 [TestNG-test=Regression for SPS-SDD Event Report-1] UserActions - Text Field: 'By.xpath: .//*[@id='wrapper']/fieldset/form/p[2]/input'. Value 'atosatos' entered
[INFO ] 2020-11-23 19:34:02.276 [TestNG-test=Regression for SPS-SDD Event Report-1] LoginPage - User default logged sucessfully....
[INFO ] 2020-11-23 19:34:07.054 [TestNG-test=Regression for SPS-SDD Event Report-1] UserActions - Link: ' By.id: bthp' clicked
[INFO ] 2020-11-23 19:34:16.061 [TestNG-test=Regression for SPS-SDD Event Report-1] UserActions - Page loaded sucessfully ......
[INFO ] 2020-11-23 19:34:16.061 [TestNG-test=Regression for SPS-SDD Event Report-1] UserActions - Link: ' By.xpath: .//*[@id='pageMenu']/ul/li/a[contains(text(),'Mandates Management')]' clicked
[INFO ] 2020-11-23 19:34:25.191 [TestNG-test=Regression for SPS-SDD Event Report-1] UserActions - Link: ' By.name: search' clicked
[INFO ] 2020-11-23 19:34:29.854 [TestNG-test=Regression for SPS-SDD Event Report-1] UserActions - Page loaded sucessfully ......
[INFO ] 2020-11-23 19:34:32.500 [TestNG-test=Regression for SPS-SDD Event Report-1] UserActions - click with JS : ' By.xpath: //div[@class='buttonBar']//a[contains(text(),'Create SDD')]' clicked
[INFO ] 2020-11-23 19:34:33.199 [TestNG-test=Regression for SPS-SDD Event Report-1] UserActions - Text Field: 'By.xpath: //*[@id='dueDateField']'. Value '23/11/2020' entered
[INFO ] 2020-11-23 19:34:34.620 [TestNG-test=Regression for SPS-SDD Event Report-1] UserActions - Text Field: 'By.xpath: //*[@id='amount']'. Value '22' entered
[INFO ] 2020-11-23 19:34:35.214 [TestNG-test=Regression for SPS-SDD Event Report-1] UserActions - Text Field: 'By.xpath: //*[@id='endToEndId']'. Value '104992' entered
[INFO ] 2020-11-23 19:34:35.752 [TestNG-test=Regression for SPS-SDD Event Report-1] UserActions - Text Field: 'By.xpath: .//*[@id='initiatorTxRef']'. Value '186767' entered
[INFO ] 2020-11-23 19:34:36.033 [TestNG-test=Regression for SPS-SDD Event Report-1] UserActions - Link: ' By.xpath: .//*[@id='generatePreNotification']' clicked
[INFO ] 2020-11-23 19:34:39.110 [TestNG-test=Regression for SPS-SDD Event Report-1] UserActions - Link: ' By.xpath: .//*[@id='sddCreateForm']/div[3]/input[1]' clicked
[INFO ] 2020-11-23 19:45:17.828 [TestNG-test=Regression for SPS-sanity Test-1] BasePage - Execution environment - RCI
[INFO ] 2020-11-23 19:45:18.942 [TestNG-test=Regression for SPS-sanity Test-1] BasePage - Execution URL - https://ssl-product-creditor-web.vm-rct.stg.as8677.net/creditor/rm/login
[INFO ] 2020-11-23 19:45:18.950 [TestNG-test=Regression for SPS-sanity Test-1] BasePage - hubURL - http://selenium-hub:4444/wd/hub
[INFO ] 2020-11-23 19:45:18.950 [TestNG-test=Regression for SPS-sanity Test-1] BasePage - Execution browser - chromelocal
[INFO ] 2020-11-23 19:45:33.895 [TestNG-test=Regression for SPS-sanity Test-1] BasePage - Initialized chrome browser driver
[INFO ] 2020-11-23 19:45:43.006 [TestNG-test=Regression for SPS-sanity Test-1] UserActions - Text Field: 'By.xpath: .//*[@id='wrapper']/fieldset/form/p[1]/input'. Value 'atos' entered
[INFO ] 2020-11-23 19:45:44.231 [TestNG-test=Regression for SPS-sanity Test-1] UserActions - Text Field: 'By.xpath: .//*[@id='wrapper']/fieldset/form/p[2]/input'. Value 'atosatos' entered
[INFO ] 2020-11-23 19:45:44.643 [TestNG-test=Regression for SPS-sanity Test-1] LoginPage - User default logged sucessfully....
[INFO ] 2020-11-23 19:45:48.744 [TestNG-test=Regression for SPS-sanity Test-1] UserActions - Link: ' By.id: bthp' clicked
[INFO ] 2020-11-23 19:45:53.660 [TestNG-test=Regression for SPS-sanity Test-1] UserActions - Page loaded sucessfully ......
[INFO ] 2020-11-23 19:45:53.660 [TestNG-test=Regression for SPS-sanity Test-1] UserActions - Link: ' By.xpath: .//*[@id='pageMenu']/ul/li/a[contains(text(),'Mandates Management')]' clicked
[INFO ] 2020-11-23 19:46:04.890 [TestNG-test=Regression for SPS-sanity Test-1] UserActions - Link: ' By.name: search' clicked
[INFO ] 2020-11-23 19:46:08.068 [TestNG-test=Regression for SPS-sanity Test-1] UserActions - Page loaded sucessfully ......
[INFO ] 2020-11-23 19:46:09.863 [TestNG-test=Regression for SPS-sanity Test-1] UserActions - click with JS : ' By.xpath: //div[@class='buttonBar']//a[contains(text(),'Create SDD')]' clicked
[INFO ] 2020-11-23 19:46:10.653 [TestNG-test=Regression for SPS-sanity Test-1] UserActions - Text Field: 'By.xpath: //*[@id='dueDateField']'. Value '23/11/2020' entered
[INFO ] 2020-11-23 19:46:12.063 [TestNG-test=Regression for SPS-sanity Test-1] UserActions - Text Field: 'By.xpath: //*[@id='amount']'. Value '22' entered
[INFO ] 2020-11-23 19:46:12.578 [TestNG-test=Regression for SPS-sanity Test-1] UserActions - Text Field: 'By.xpath: //*[@id='endToEndId']'. Value '120468' entered
[INFO ] 2020-11-23 19:46:13.116 [TestNG-test=Regression for SPS-sanity Test-1] UserActions - Text Field: 'By.xpath: .//*[@id='initiatorTxRef']'. Value '155115' entered
[INFO ] 2020-11-23 19:46:13.395 [TestNG-test=Regression for SPS-sanity Test-1] UserActions - Link: ' By.xpath: .//*[@id='generatePreNotification']' clicked
[INFO ] 2020-11-23 19:46:15.953 [TestNG-test=Regression for SPS-sanity Test-1] UserActions - Link: ' By.xpath: .//*[@id='sddCreateForm']/div[3]/input[1]' clicked
[INFO ] 2020-11-23 20:11:50.724 [TestNG-test=Regression for SPS-sanity Test-1] BasePage - Execution environment - RCI
[INFO ] 2020-11-23 20:11:51.801 [TestNG-test=Regression for SPS-sanity Test-1] BasePage - Execution URL - https://ssl-product-creditor-web.vm-rct.stg.as8677.net/creditor/rm/login
[INFO ] 2020-11-23 20:11:51.810 [TestNG-test=Regression for SPS-sanity Test-1] BasePage - hubURL - http://selenium-hub:4444/wd/hub
[INFO ] 2020-11-23 20:11:51.810 [TestNG-test=Regression for SPS-sanity Test-1] BasePage - Execution browser - chromelocal
[INFO ] 2020-11-23 20:12:05.590 [TestNG-test=Regression for SPS-sanity Test-1] BasePage - Initialized chrome browser driver
[INFO ] 2020-11-23 20:12:14.704 [TestNG-test=Regression for SPS-sanity Test-1] UserActions - Text Field: 'By.xpath: .//*[@id='wrapper']/fieldset/form/p[1]/input'. Value 'atos' entered
[INFO ] 2020-11-23 20:12:15.646 [TestNG-test=Regression for SPS-sanity Test-1] UserActions - Text Field: 'By.xpath: .//*[@id='wrapper']/fieldset/form/p[2]/input'. Value 'atosatos' entered
[INFO ] 2020-11-23 20:12:16.097 [TestNG-test=Regression for SPS-sanity Test-1] LoginPage - User default logged sucessfully....
[INFO ] 2020-11-23 20:12:20.684 [TestNG-test=Regression for SPS-sanity Test-1] UserActions - Link: ' By.id: bthp' clicked
[INFO ] 2020-11-23 20:12:24.918 [TestNG-test=Regression for SPS-sanity Test-1] UserActions - Page loaded sucessfully ......
[INFO ] 2020-11-23 20:12:24.918 [TestNG-test=Regression for SPS-sanity Test-1] UserActions - Link: ' By.xpath: .//*[@id='pageMenu']/ul/li/a[contains(text(),'Mandates Management')]' clicked
[INFO ] 2020-11-23 20:12:32.614 [TestNG-test=Regression for SPS-sanity Test-1] UserActions - Link: ' By.name: search' clicked
[INFO ] 2020-11-23 20:12:35.576 [TestNG-test=Regression for SPS-sanity Test-1] UserActions - Page loaded sucessfully ......
[INFO ] 2020-11-23 20:12:39.313 [TestNG-test=Regression for SPS-sanity Test-1] UserActions - click with JS : ' By.xpath: //div[@class='buttonBar']//a[contains(text(),'Create SDD')]' clicked
[INFO ] 2020-11-23 20:12:40.190 [TestNG-test=Regression for SPS-sanity Test-1] UserActions - Text Field: 'By.xpath: //*[@id='dueDateField']'. Value '23/11/2020' entered
[INFO ] 2020-11-23 20:12:41.557 [TestNG-test=Regression for SPS-sanity Test-1] UserActions - Text Field: 'By.xpath: //*[@id='amount']'. Value '22' entered
[INFO ] 2020-11-23 20:12:42.104 [TestNG-test=Regression for SPS-sanity Test-1] UserActions - Text Field: 'By.xpath: //*[@id='endToEndId']'. Value '195949' entered
[INFO ] 2020-11-23 20:12:42.618 [TestNG-test=Regression for SPS-sanity Test-1] UserActions - Text Field: 'By.xpath: .//*[@id='initiatorTxRef']'. Value '181597' entered
[INFO ] 2020-11-23 20:12:42.895 [TestNG-test=Regression for SPS-sanity Test-1] UserActions - Link: ' By.xpath: .//*[@id='generatePreNotification']' clicked
[INFO ] 2020-11-23 20:12:45.883 [TestNG-test=Regression for SPS-sanity Test-1] UserActions - Link: ' By.xpath: .//*[@id='sddCreateForm']/div[3]/input[1]' clicked
[INFO ] 2020-11-23 20:21:21.966 [TestNG-test=Regression for SPS-sanity Test-1] BasePage - Execution environment - RCI
[INFO ] 2020-11-23 20:21:22.910 [TestNG-test=Regression for SPS-sanity Test-1] BasePage - Execution URL - https://ssl-product-creditor-web.vm-rct.stg.as8677.net/creditor/rm/login
[INFO ] 2020-11-23 20:21:22.910 [TestNG-test=Regression for SPS-sanity Test-1] BasePage - hubURL - http://selenium-hub:4444/wd/hub
[INFO ] 2020-11-23 20:21:22.910 [TestNG-test=Regression for SPS-sanity Test-1] BasePage - Execution browser - chromelocal
[INFO ] 2020-11-23 20:21:37.751 [TestNG-test=Regression for SPS-sanity Test-1] BasePage - Initialized chrome browser driver
[INFO ] 2020-11-23 20:21:45.957 [TestNG-test=Regression for SPS-sanity Test-1] UserActions - Text Field: 'By.xpath: .//*[@id='wrapper']/fieldset/form/p[1]/input'. Value 'atos' entered
[INFO ] 2020-11-23 20:21:46.777 [TestNG-test=Regression for SPS-sanity Test-1] UserActions - Text Field: 'By.xpath: .//*[@id='wrapper']/fieldset/form/p[2]/input'. Value 'atosatos' entered
[INFO ] 2020-11-23 20:21:47.204 [TestNG-test=Regression for SPS-sanity Test-1] LoginPage - User default logged sucessfully....
[INFO ] 2020-11-23 20:21:51.543 [TestNG-test=Regression for SPS-sanity Test-1] UserActions - Link: ' By.id: bthp' clicked
[INFO ] 2020-11-23 20:21:55.396 [TestNG-test=Regression for SPS-sanity Test-1] UserActions - Page loaded sucessfully ......
[INFO ] 2020-11-23 20:21:55.396 [TestNG-test=Regression for SPS-sanity Test-1] UserActions - Link: ' By.xpath: .//*[@id='pageMenu']/ul/li/a[contains(text(),'Mandates Management')]' clicked
[INFO ] 2020-11-23 20:22:03.004 [TestNG-test=Regression for SPS-sanity Test-1] UserActions - Link: ' By.name: search' clicked
[INFO ] 2020-11-23 20:22:06.159 [TestNG-test=Regression for SPS-sanity Test-1] UserActions - Page loaded sucessfully ......
[INFO ] 2020-11-23 20:22:08.121 [TestNG-test=Regression for SPS-sanity Test-1] UserActions - click with JS : ' By.xpath: //div[@class='buttonBar']//a[contains(text(),'Create SDD')]' clicked
[INFO ] 2020-11-23 20:22:08.903 [TestNG-test=Regression for SPS-sanity Test-1] UserActions - Text Field: 'By.xpath: //*[@id='dueDateField']'. Value '23/11/2020' entered
[INFO ] 2020-11-23 20:22:10.293 [TestNG-test=Regression for SPS-sanity Test-1] UserActions - Text Field: 'By.xpath: //*[@id='amount']'. Value '22' entered
[INFO ] 2020-11-23 20:22:10.832 [TestNG-test=Regression for SPS-sanity Test-1] UserActions - Text Field: 'By.xpath: //*[@id='endToEndId']'. Value '139611' entered
[INFO ] 2020-11-23 20:22:11.380 [TestNG-test=Regression for SPS-sanity Test-1] UserActions - Text Field: 'By.xpath: .//*[@id='initiatorTxRef']'. Value '179291' entered
[INFO ] 2020-11-23 20:22:11.673 [TestNG-test=Regression for SPS-sanity Test-1] UserActions - Link: ' By.xpath: .//*[@id='generatePreNotification']' clicked
[INFO ] 2020-11-23 20:22:14.036 [TestNG-test=Regression for SPS-sanity Test-1] UserActions - Link: ' By.xpath: .//*[@id='sddCreateForm']/div[3]/input[1]' clicked
[INFO ] 2020-11-23 20:24:56.365 [TestNG-test=Regression for SPS-sanity Test-1] BasePage - Execution environment - RCI
[INFO ] 2020-11-23 20:24:57.544 [TestNG-test=Regression for SPS-sanity Test-1] BasePage - Execution URL - https://ssl-product-creditor-web.vm-rct.stg.as8677.net/creditor/rm/login
[INFO ] 2020-11-23 20:24:57.550 [TestNG-test=Regression for SPS-sanity Test-1] BasePage - hubURL - http://selenium-hub:4444/wd/hub
[INFO ] 2020-11-23 20:24:57.550 [TestNG-test=Regression for SPS-sanity Test-1] BasePage - Execution browser - chromelocal
[INFO ] 2020-11-23 20:25:12.112 [TestNG-test=Regression for SPS-sanity Test-1] BasePage - Initialized chrome browser driver
[INFO ] 2020-11-23 20:25:19.568 [TestNG-test=Regression for SPS-sanity Test-1] UserActions - Text Field: 'By.xpath: .//*[@id='wrapper']/fieldset/form/p[1]/input'. Value 'atos' entered
[INFO ] 2020-11-23 20:25:20.246 [TestNG-test=Regression for SPS-sanity Test-1] UserActions - Text Field: 'By.xpath: .//*[@id='wrapper']/fieldset/form/p[2]/input'. Value 'atosatos' entered
[INFO ] 2020-11-23 20:25:20.641 [TestNG-test=Regression for SPS-sanity Test-1] LoginPage - User default logged sucessfully....
[INFO ] 2020-11-23 20:25:25.123 [TestNG-test=Regression for SPS-sanity Test-1] UserActions - Link: ' By.id: bthp' clicked
[INFO ] 2020-11-23 20:25:28.770 [TestNG-test=Regression for SPS-sanity Test-1] UserActions - Page loaded sucessfully ......
[INFO ] 2020-11-23 20:25:28.770 [TestNG-test=Regression for SPS-sanity Test-1] UserActions - Link: ' By.xpath: .//*[@id='pageMenu']/ul/li/a[contains(text(),'Mandates Management')]' clicked
[INFO ] 2020-11-23 20:25:37.870 [TestNG-test=Regression for SPS-sanity Test-1] UserActions - Link: ' By.name: search' clicked
[INFO ] 2020-11-23 20:25:41.169 [TestNG-test=Regression for SPS-sanity Test-1] UserActions - Page loaded sucessfully ......
[INFO ] 2020-11-23 20:25:42.827 [TestNG-test=Regression for SPS-sanity Test-1] UserActions - click with JS : ' By.xpath: //div[@class='buttonBar']//a[contains(text(),'Create SDD')]' clicked
[INFO ] 2020-11-23 20:25:43.438 [TestNG-test=Regression for SPS-sanity Test-1] UserActions - Text Field: 'By.xpath: //*[@id='dueDateField']'. Value '23/11/2020' entered
[INFO ] 2020-11-23 20:25:44.816 [TestNG-test=Regression for SPS-sanity Test-1] UserActions - Text Field: 'By.xpath: //*[@id='amount']'. Value '22' entered
[INFO ] 2020-11-23 20:25:45.353 [TestNG-test=Regression for SPS-sanity Test-1] UserActions - Text Field: 'By.xpath: //*[@id='endToEndId']'. Value '121676' entered
[INFO ] 2020-11-23 20:25:45.870 [TestNG-test=Regression for SPS-sanity Test-1] UserActions - Text Field: 'By.xpath: .//*[@id='initiatorTxRef']'. Value '134184' entered
[INFO ] 2020-11-23 20:25:46.185 [TestNG-test=Regression for SPS-sanity Test-1] UserActions - Link: ' By.xpath: .//*[@id='generatePreNotification']' clicked
[INFO ] 2020-11-23 20:25:48.588 [TestNG-test=Regression for SPS-sanity Test-1] UserActions - Link: ' By.xpath: .//*[@id='sddCreateForm']/div[3]/input[1]' clicked
