[INFO ] 2021-02-15 13:40:55.406 [TestNG-test=Document Signature Test-1] BasePage - Execution environment - RCI
[INFO ] 2021-02-15 13:40:56.389 [TestNG-test=Document Signature Test-1] BasePage - Execution URL - https://ssl-product-creditor-web.vm-rct.stg.as8677.net/creditor/rm/login
[INFO ] 2021-02-15 13:40:56.391 [TestNG-test=Document Signature Test-1] BasePage - hubURL - http://selenium-hub:4444/wd/hub
[INFO ] 2021-02-15 13:40:56.392 [TestNG-test=Document Signature Test-1] BasePage - Execution browser - chromelocal
[INFO ] 2021-02-15 13:41:06.105 [TestNG-test=Document Signature Test-1] BasePage - Initialized chrome browser driver
[INFO ] 2021-02-15 14:33:32.831 [TestNG-test=Document Signature Test-1] BasePage - Execution environment - RCI
[INFO ] 2021-02-15 14:33:33.869 [TestNG-test=Document Signature Test-1] BasePage - Execution URL - https://ssl-product-creditor-web.vm-rct.stg.as8677.net/creditor/rm/login
[INFO ] 2021-02-15 14:33:33.874 [TestNG-test=Document Signature Test-1] BasePage - hubURL - http://selenium-hub:4444/wd/hub
[INFO ] 2021-02-15 14:33:33.875 [TestNG-test=Document Signature Test-1] BasePage - Execution browser - chromelocal
[INFO ] 2021-02-15 14:33:43.001 [TestNG-test=Document Signature Test-1] BasePage - Initialized chrome browser driver
[INFO ] 2021-02-15 15:22:46.498 [TestNG-test=Document Signature Test-1] BasePage - Execution environment - RCI
[INFO ] 2021-02-15 15:22:47.367 [TestNG-test=Document Signature Test-1] BasePage - Execution URL - https://ssl-product-creditor-web.vm-rct.stg.as8677.net/creditor/rm/login
[INFO ] 2021-02-15 15:22:47.369 [TestNG-test=Document Signature Test-1] BasePage - hubURL - http://selenium-hub:4444/wd/hub
[INFO ] 2021-02-15 15:22:47.370 [TestNG-test=Document Signature Test-1] BasePage - Execution browser - chromelocal
[INFO ] 2021-02-15 15:22:54.781 [TestNG-test=Document Signature Test-1] BasePage - Initialized chrome browser driver
[INFO ] 2021-02-15 15:23:40.738 [TestNG-test=Document Signature Test-1] BasePage - Execution environment - RCI
[INFO ] 2021-02-15 15:23:41.810 [TestNG-test=Document Signature Test-1] BasePage - Execution URL - https://ssl-product-creditor-web.vm-rct.stg.as8677.net/creditor/rm/login
[INFO ] 2021-02-15 15:23:41.813 [TestNG-test=Document Signature Test-1] BasePage - hubURL - http://selenium-hub:4444/wd/hub
[INFO ] 2021-02-15 15:23:41.814 [TestNG-test=Document Signature Test-1] BasePage - Execution browser - chromelocal
[INFO ] 2021-02-15 15:23:54.910 [TestNG-test=Document Signature Test-1] BasePage - Initialized chrome browser driver
[INFO ] 2021-02-15 15:49:23.615 [TestNG-test=Document Signature Test-1] BasePage - Execution environment - RCI
[INFO ] 2021-02-15 15:49:24.613 [TestNG-test=Document Signature Test-1] BasePage - Execution URL - https://ssl-product-creditor-web.vm-rct.stg.as8677.net/creditor/rm/login
[INFO ] 2021-02-15 15:49:24.613 [TestNG-test=Document Signature Test-1] BasePage - hubURL - http://selenium-hub:4444/wd/hub
[INFO ] 2021-02-15 15:49:24.613 [TestNG-test=Document Signature Test-1] BasePage - Execution browser - chromelocal
[INFO ] 2021-02-15 15:49:32.434 [TestNG-test=Document Signature Test-1] BasePage - Initialized chrome browser driver
[INFO ] 2021-02-15 17:13:52.293 [TestNG-test=Document Signature Test-1] BasePage - Execution environment - RCI
[INFO ] 2021-02-15 17:13:53.533 [TestNG-test=Document Signature Test-1] BasePage - Execution URL - https://ssl-product-creditor-web.vm-rct.stg.as8677.net/creditor/rm/login
[INFO ] 2021-02-15 17:13:53.534 [TestNG-test=Document Signature Test-1] BasePage - hubURL - http://selenium-hub:4444/wd/hub
[INFO ] 2021-02-15 17:13:53.534 [TestNG-test=Document Signature Test-1] BasePage - Execution browser - chromelocal
[INFO ] 2021-02-15 17:14:04.843 [TestNG-test=Document Signature Test-1] BasePage - Initialized chrome browser driver
[INFO ] 2021-02-15 18:00:05.841 [TestNG-test=Document Signature Test-1] BasePage - Execution environment - RCI
[INFO ] 2021-02-15 18:00:06.646 [TestNG-test=Document Signature Test-1] BasePage - Execution URL - https://ssl-product-creditor-web.vm-rct.stg.as8677.net/creditor/rm/login
[INFO ] 2021-02-15 18:00:06.646 [TestNG-test=Document Signature Test-1] BasePage - hubURL - http://selenium-hub:4444/wd/hub
[INFO ] 2021-02-15 18:00:06.646 [TestNG-test=Document Signature Test-1] BasePage - Execution browser - chromelocal
[INFO ] 2021-02-15 18:00:14.738 [TestNG-test=Document Signature Test-1] BasePage - Initialized chrome browser driver
[INFO ] 2021-02-15 19:39:04.407 [TestNG-test=Document Signature Test-1] BasePage - Execution environment - RCI
[INFO ] 2021-02-15 19:39:05.625 [TestNG-test=Document Signature Test-1] BasePage - Execution URL - https://ssl-product-creditor-web.vm-rct.stg.as8677.net/creditor/rm/login
[INFO ] 2021-02-15 19:39:05.628 [TestNG-test=Document Signature Test-1] BasePage - hubURL - http://selenium-hub:4444/wd/hub
[INFO ] 2021-02-15 19:39:05.630 [TestNG-test=Document Signature Test-1] BasePage - Execution browser - chromelocal
[INFO ] 2021-02-15 19:39:14.133 [TestNG-test=Document Signature Test-1] BasePage - Initialized chrome browser driver
[INFO ] 2021-02-15 19:39:56.153 [TestNG-test=Document Signature Test-1] BasePage - Execution environment - RCI
[INFO ] 2021-02-15 19:39:57.071 [TestNG-test=Document Signature Test-1] BasePage - Execution URL - https://ssl-product-creditor-web.vm-rct.stg.as8677.net/creditor/rm/login
[INFO ] 2021-02-15 19:39:57.074 [TestNG-test=Document Signature Test-1] BasePage - hubURL - http://selenium-hub:4444/wd/hub
[INFO ] 2021-02-15 19:39:57.074 [TestNG-test=Document Signature Test-1] BasePage - Execution browser - chromelocal
[INFO ] 2021-02-15 19:40:06.238 [TestNG-test=Document Signature Test-1] BasePage - Initialized chrome browser driver
[INFO ] 2021-02-15 20:38:34.265 [TestNG-test=Document Signature Test-1] BasePage - Execution environment - RCI
[INFO ] 2021-02-15 20:38:35.164 [TestNG-test=Document Signature Test-1] BasePage - Execution URL - https://ssl-product-creditor-web.vm-rct.stg.as8677.net/creditor/rm/login
[INFO ] 2021-02-15 20:38:35.166 [TestNG-test=Document Signature Test-1] BasePage - hubURL - http://selenium-hub:4444/wd/hub
[INFO ] 2021-02-15 20:38:35.167 [TestNG-test=Document Signature Test-1] BasePage - Execution browser - chromelocal
[INFO ] 2021-02-15 20:38:43.664 [TestNG-test=Document Signature Test-1] BasePage - Initialized chrome browser driver
