[INFO ] 2021-02-22 12:59:27.393 [TestNG-test=Document Signature Test-1] BasePage - Execution environment - RCI
[INFO ] 2021-02-22 12:59:28.461 [TestNG-test=Document Signature Test-1] BasePage - Execution URL - https://ssl-product-creditor-web.vm-rct.stg.as8677.net/creditor/rm/login
[INFO ] 2021-02-22 12:59:28.464 [TestNG-test=Document Signature Test-1] BasePage - hubURL - http://selenium-hub:4444/wd/hub
[INFO ] 2021-02-22 12:59:28.466 [TestNG-test=Document Signature Test-1] BasePage - Execution browser - chromelocal
[INFO ] 2021-02-22 12:59:38.131 [TestNG-test=Document Signature Test-1] BasePage - Initialized chrome browser driver
[INFO ] 2021-02-22 13:30:38.851 [TestNG-test=Document Signature Test-1] BasePage - Execution environment - RCI
[INFO ] 2021-02-22 13:30:40.630 [TestNG-test=Document Signature Test-1] BasePage - Execution URL - https://ssl-product-creditor-web.vm-rct.stg.as8677.net/creditor/rm/login
[INFO ] 2021-02-22 13:30:40.634 [TestNG-test=Document Signature Test-1] BasePage - hubURL - http://selenium-hub:4444/wd/hub
[INFO ] 2021-02-22 13:30:40.635 [TestNG-test=Document Signature Test-1] BasePage - Execution browser - chromelocal
[INFO ] 2021-02-22 13:31:07.636 [TestNG-test=Document Signature Test-1] BasePage - Initialized chrome browser driver
[INFO ] 2021-02-22 13:32:24.458 [TestNG-test=Document Signature Test-1] BasePage - Execution environment - RCI
[INFO ] 2021-02-22 13:32:25.636 [TestNG-test=Document Signature Test-1] BasePage - Execution URL - https://ssl-product-creditor-web.vm-rct.stg.as8677.net/creditor/rm/login
[INFO ] 2021-02-22 13:32:25.639 [TestNG-test=Document Signature Test-1] BasePage - hubURL - http://selenium-hub:4444/wd/hub
[INFO ] 2021-02-22 13:32:25.640 [TestNG-test=Document Signature Test-1] BasePage - Execution browser - chromelocal
[INFO ] 2021-02-22 13:32:37.983 [TestNG-test=Document Signature Test-1] BasePage - Initialized chrome browser driver
[INFO ] 2021-02-22 13:49:26.277 [TestNG-test=Document Signature Test-1] BasePage - Execution environment - RCI
[INFO ] 2021-02-22 13:49:27.265 [TestNG-test=Document Signature Test-1] BasePage - Execution URL - https://ssl-product-creditor-web.vm-rct.stg.as8677.net/creditor/rm/login
[INFO ] 2021-02-22 13:49:27.268 [TestNG-test=Document Signature Test-1] BasePage - hubURL - http://selenium-hub:4444/wd/hub
[INFO ] 2021-02-22 13:49:27.269 [TestNG-test=Document Signature Test-1] BasePage - Execution browser - chromelocal
[INFO ] 2021-02-22 13:49:39.338 [TestNG-test=Document Signature Test-1] BasePage - Initialized chrome browser driver
