[INFO ] 2020-12-23 22:24:13.589 [TestNG-test=Regression for SPS-SDD Event Report-1] BasePage - Execution environment - RCI
[INFO ] 2020-12-23 22:24:14.453 [TestNG-test=Regression for SPS-SDD Event Report-1] BasePage - Execution URL - https://ssl-product-creditor-web.vm-rct.stg.as8677.net/creditor/rm/login
[INFO ] 2020-12-23 22:24:14.453 [TestNG-test=Regression for SPS-SDD Event Report-1] BasePage - hubURL - http://selenium-hub:4444/wd/hub
[INFO ] 2020-12-23 22:24:14.453 [TestNG-test=Regression for SPS-SDD Event Report-1] BasePage - Execution browser - chromelocal
[INFO ] 2020-12-23 22:24:23.644 [TestNG-test=Regression for SPS-SDD Event Report-1] BasePage - Initialized chrome browser driver
[INFO ] 2020-12-23 22:30:01.167 [TestNG-test=Regression for SPS-SDD Event Report-1] BasePage - Execution environment - RCI
[INFO ] 2020-12-23 22:30:02.394 [TestNG-test=Regression for SPS-SDD Event Report-1] BasePage - Execution URL - https://ssl-product-creditor-web.vm-rct.stg.as8677.net/creditor/rm/login
[INFO ] 2020-12-23 22:30:02.405 [TestNG-test=Regression for SPS-SDD Event Report-1] BasePage - hubURL - http://selenium-hub:4444/wd/hub
[INFO ] 2020-12-23 22:30:02.405 [TestNG-test=Regression for SPS-SDD Event Report-1] BasePage - Execution browser - chromelocal
[INFO ] 2020-12-23 22:30:14.711 [TestNG-test=Regression for SPS-SDD Event Report-1] BasePage - Initialized chrome browser driver
[INFO ] 2020-12-23 22:30:34.862 [TestNG-test=Regression for SPS-SDD Event Report-1] DSReuseUndefinedFlowTest - ID is 185764
[INFO ] 2020-12-23 22:30:34.951 [TestNG-test=Regression for SPS-SDD Event Report-1] DSReuseUndefinedFlowTest - UIR is null
[INFO ] 2020-12-23 22:30:34.951 [TestNG-test=Regression for SPS-SDD Event Report-1] DSReuseUndefinedFlowTest - UMR is null
[INFO ] 2020-12-23 22:54:41.774 [TestNG-test=Regression for SPS-SDD Event Report-1] BasePage - Execution environment - RCI
[INFO ] 2020-12-23 22:54:42.743 [TestNG-test=Regression for SPS-SDD Event Report-1] BasePage - Execution URL - https://ssl-product-creditor-web.vm-rct.stg.as8677.net/creditor/rm/login
[INFO ] 2020-12-23 22:54:42.743 [TestNG-test=Regression for SPS-SDD Event Report-1] BasePage - hubURL - http://selenium-hub:4444/wd/hub
[INFO ] 2020-12-23 22:54:42.758 [TestNG-test=Regression for SPS-SDD Event Report-1] BasePage - Execution browser - chromelocal
[INFO ] 2020-12-23 22:54:51.920 [TestNG-test=Regression for SPS-SDD Event Report-1] BasePage - Initialized chrome browser driver
[INFO ] 2020-12-23 22:55:13.863 [TestNG-test=Regression for SPS-SDD Event Report-1] DSDocumentSignatureDisabledTest - Checking document payment type MANDATE
[INFO ] 2020-12-23 22:55:20.683 [TestNG-test=Regression for SPS-SDD Event Report-1] RestEndPoints - {"code":"SIGN_ERR_022","timeStamp":"2020-12-23 18:25:17"}
[INFO ] 2020-12-23 22:55:20.683 [TestNG-test=Regression for SPS-SDD Event Report-1] DSDocumentSignatureDisabledTest - Checking document payment type NONE
[INFO ] 2020-12-23 22:55:24.324 [TestNG-test=Regression for SPS-SDD Event Report-1] RestEndPoints - {"code":"SIGN_ERR_022","timeStamp":"2020-12-23 18:25:22"}
[INFO ] 2020-12-23 22:55:24.324 [TestNG-test=Regression for SPS-SDD Event Report-1] DSDocumentSignatureDisabledTest - Checking document payment type CARD_PAYMENT
[INFO ] 2020-12-23 22:55:27.677 [TestNG-test=Regression for SPS-SDD Event Report-1] RestEndPoints - {"code":"SIGN_ERR_022","timeStamp":"2020-12-23 18:25:26"}
[INFO ] 2020-12-23 22:55:27.677 [TestNG-test=Regression for SPS-SDD Event Report-1] DSDocumentSignatureDisabledTest - Checking document payment type UNDEFINED
[INFO ] 2020-12-23 22:55:30.803 [TestNG-test=Regression for SPS-SDD Event Report-1] RestEndPoints - {"code":"SIGN_ERR_022","timeStamp":"2020-12-23 18:25:29"}
