[INFO ] 2021-03-02 09:51:10.158 [TestNG-test=Document Signature Test-1] BasePage - Execution environment - RCI
[INFO ] 2021-03-02 09:51:11.085 [TestNG-test=Document Signature Test-1] BasePage - Execution URL - https://ssl-product-creditor-web.vm-rct.stg.as8677.net/creditor/rm/login
[INFO ] 2021-03-02 09:51:11.090 [TestNG-test=Document Signature Test-1] BasePage - hubURL - http://selenium-hub:4444/wd/hub
[INFO ] 2021-03-02 09:51:11.090 [TestNG-test=Document Signature Test-1] BasePage - Execution browser - chromelocal
[INFO ] 2021-03-02 09:51:20.395 [TestNG-test=Document Signature Test-1] BasePage - Initialized chrome browser driver
[INFO ] 2021-03-02 09:53:43.415 [TestNG-test=Document Signature Test-1] BasePage - Execution environment - RCI
[INFO ] 2021-03-02 09:53:44.398 [TestNG-test=Document Signature Test-1] BasePage - Execution URL - https://ssl-product-creditor-web.vm-rct.stg.as8677.net/creditor/rm/login
[INFO ] 2021-03-02 09:53:44.401 [TestNG-test=Document Signature Test-1] BasePage - hubURL - http://selenium-hub:4444/wd/hub
[INFO ] 2021-03-02 09:53:44.402 [TestNG-test=Document Signature Test-1] BasePage - Execution browser - chromelocal
[INFO ] 2021-03-02 09:53:53.074 [TestNG-test=Document Signature Test-1] BasePage - Initialized chrome browser driver
[INFO ] 2021-03-02 09:54:13.970 [TestNG-test=Document Signature Test-1] XMLManager - Going to sign ORG request with Private Key CN=auth.qlf.spsSign.otu.worldline.com, OU=authentification client OTU, O=Worldline, L=SECLIN, C=FR
[INFO ] 2021-03-02 09:56:24.764 [TestNG-test=Document Signature Test-1] BasePage - Execution environment - RCI
[INFO ] 2021-03-02 09:56:25.909 [TestNG-test=Document Signature Test-1] BasePage - Execution URL - https://ssl-product-creditor-web.vm-rct.stg.as8677.net/creditor/rm/login
[INFO ] 2021-03-02 09:56:25.914 [TestNG-test=Document Signature Test-1] BasePage - hubURL - http://selenium-hub:4444/wd/hub
[INFO ] 2021-03-02 09:56:25.914 [TestNG-test=Document Signature Test-1] BasePage - Execution browser - chromelocal
[INFO ] 2021-03-02 09:56:36.286 [TestNG-test=Document Signature Test-1] BasePage - Initialized chrome browser driver
[INFO ] 2021-03-02 09:56:55.343 [TestNG-test=Document Signature Test-1] XMLManager - Going to sign ORG request with Private Key CN=auth.qlf.spsSign.otu.worldline.com, OU=authentification client OTU, O=Worldline, L=SECLIN, C=FR
[INFO ] 2021-03-02 09:57:12.918 [TestNG-test=Document Signature Test-1] UserActions - Text Field: 'By.xpath: (//input[@id='userPhoneNumberEditableField'])|(//input[@id='userPhoneNumberField'])'. Value '+33612345678' entered
[INFO ] 2021-03-02 09:58:25.254 [TestNG-test=Document Signature Test-1] BasePage - Execution environment - RCI
[INFO ] 2021-03-02 09:58:26.522 [TestNG-test=Document Signature Test-1] BasePage - Execution URL - https://ssl-product-creditor-web.vm-rct.stg.as8677.net/creditor/rm/login
[INFO ] 2021-03-02 09:58:26.525 [TestNG-test=Document Signature Test-1] BasePage - hubURL - http://selenium-hub:4444/wd/hub
[INFO ] 2021-03-02 09:58:26.526 [TestNG-test=Document Signature Test-1] BasePage - Execution browser - chromelocal
[INFO ] 2021-03-02 09:58:36.920 [TestNG-test=Document Signature Test-1] BasePage - Initialized chrome browser driver
[INFO ] 2021-03-02 09:58:59.537 [TestNG-test=Document Signature Test-1] XMLManager - Going to sign ORG request with Private Key CN=auth.qlf.spsSign.otu.worldline.com, OU=authentification client OTU, O=Worldline, L=SECLIN, C=FR
[INFO ] 2021-03-02 09:59:20.621 [TestNG-test=Document Signature Test-1] UserActions - Text Field: 'By.xpath: (//input[@id='userPhoneNumberEditableField'])|(//input[@id='userPhoneNumberField'])'. Value '+33612345678' entered
[INFO ] 2021-03-02 09:59:34.843 [TestNG-test=Document Signature Test-1] UserActions - Link: ' By.name: confirm' clicked
[INFO ] 2021-03-02 09:59:34.866 [TestNG-test=Document Signature Test-1] UserActions - Page loaded sucessfully ......
[INFO ] 2021-03-02 09:59:35.183 [TestNG-test=Document Signature Test-1] UserActions - Link: ' By.name: agreetermsEmail' clicked
[INFO ] 2021-03-02 09:59:35.183 [TestNG-test=Document Signature Test-1] SignStep2Page - creditor id  spsCreditorSG3
[INFO ] 2021-03-02 09:59:35.183 [TestNG-test=Document Signature Test-1] SignStep2Page - transdcation 123109
[INFO ] 2021-03-02 09:59:38.304 [TestNG-test=Document Signature Test-1] RestEndPoints - Session status is: {"type":"EMAIL","otpCode":"3452","nbAttempts":"0","nbFailed":"0","state":"INITIALIZED","useSMTPRelayForOTP":"false"}
[INFO ] 2021-03-02 09:59:38.335 [TestNG-test=Document Signature Test-1] RestEndPoints - OTP is 3452
[INFO ] 2021-03-02 09:59:39.012 [TestNG-test=Document Signature Test-1] UserActions - Text Field: 'By.xpath: (//input[@id='emailConfirmationCode'])|(//input[@id='smsConfirmationCode'])'. Value '3452' entered
[INFO ] 2021-03-02 09:59:53.056 [TestNG-test=Document Signature Test-1] UserActions - Button: By.xpath: (//input[@id='submitSignEmailMandate'])|(//input[@id='submitSignSMSMandate']) clicked
[INFO ] 2021-03-02 09:59:53.328 [TestNG-test=Document Signature Test-1] UserActions - Button: By.id: dlpdf clicked
[INFO ] 2021-03-02 09:59:53.382 [TestNG-test=Document Signature Test-1] UserActions - Page loaded sucessfully ......
[INFO ] 2021-03-02 09:59:53.395 [TestNG-test=Document Signature Test-1] PdfManager - Files in the downloaded directory are C:\Users\A687416\Downloads\1313_TesteventreportAutomation_1612330210191.zip
[INFO ] 2021-03-02 09:59:53.396 [TestNG-test=Document Signature Test-1] PdfManager - Files in the downloaded directory are C:\Users\A687416\Downloads\1611932477020sK1RSTd94oI5UbXd.pdf
[INFO ] 2021-03-02 09:59:53.396 [TestNG-test=Document Signature Test-1] PdfManager - Files in the downloaded directory are C:\Users\A687416\Downloads\1611975659128Uo8xAMOTzI1f1oHj.xls
[INFO ] 2021-03-02 09:59:53.396 [TestNG-test=Document Signature Test-1] PdfManager - Files in the downloaded directory are C:\Users\A687416\Downloads\1611975715231Ep1cALYMY2EmI96D.xls
[INFO ] 2021-03-02 09:59:53.397 [TestNG-test=Document Signature Test-1] PdfManager - Files in the downloaded directory are C:\Users\A687416\Downloads\1611975897066TNLY366QG36EFHhL.xls
[INFO ] 2021-03-02 09:59:53.397 [TestNG-test=Document Signature Test-1] PdfManager - Files in the downloaded directory are C:\Users\A687416\Downloads\16119760355802YfbkRFZjRkBjfo7.xls
[INFO ] 2021-03-02 09:59:53.398 [TestNG-test=Document Signature Test-1] PdfManager - Files in the downloaded directory are C:\Users\A687416\Downloads\452003.pdf
[INFO ] 2021-03-02 09:59:53.398 [TestNG-test=Document Signature Test-1] PdfManager - Files in the downloaded directory are C:\Users\A687416\Downloads\artifacts (1)
[INFO ] 2021-03-02 09:59:53.398 [TestNG-test=Document Signature Test-1] PdfManager - Files in the downloaded directory are C:\Users\A687416\Downloads\artifacts (1).zip
[INFO ] 2021-03-02 09:59:53.398 [TestNG-test=Document Signature Test-1] PdfManager - Files in the downloaded directory are C:\Users\A687416\Downloads\artifacts (2)
[INFO ] 2021-03-02 09:59:53.399 [TestNG-test=Document Signature Test-1] PdfManager - Files in the downloaded directory are C:\Users\A687416\Downloads\artifacts (2).zip
[INFO ] 2021-03-02 09:59:53.399 [TestNG-test=Document Signature Test-1] PdfManager - Files in the downloaded directory are C:\Users\A687416\Downloads\artifacts (3)
[INFO ] 2021-03-02 09:59:53.399 [TestNG-test=Document Signature Test-1] PdfManager - Files in the downloaded directory are C:\Users\A687416\Downloads\artifacts (3).zip
[INFO ] 2021-03-02 09:59:53.399 [TestNG-test=Document Signature Test-1] PdfManager - Files in the downloaded directory are C:\Users\A687416\Downloads\artifacts (4)
[INFO ] 2021-03-02 09:59:53.399 [TestNG-test=Document Signature Test-1] PdfManager - Files in the downloaded directory are C:\Users\A687416\Downloads\artifacts (4).zip
[INFO ] 2021-03-02 09:59:53.399 [TestNG-test=Document Signature Test-1] PdfManager - Files in the downloaded directory are C:\Users\A687416\Downloads\artifacts (5)
[INFO ] 2021-03-02 09:59:53.400 [TestNG-test=Document Signature Test-1] PdfManager - Files in the downloaded directory are C:\Users\A687416\Downloads\artifacts (5).zip
[INFO ] 2021-03-02 09:59:53.400 [TestNG-test=Document Signature Test-1] PdfManager - Files in the downloaded directory are C:\Users\A687416\Downloads\artifacts (8).zip
[INFO ] 2021-03-02 09:59:53.400 [TestNG-test=Document Signature Test-1] PdfManager - Files in the downloaded directory are C:\Users\A687416\Downloads\artifacts (9)
[INFO ] 2021-03-02 09:59:53.400 [TestNG-test=Document Signature Test-1] PdfManager - Files in the downloaded directory are C:\Users\A687416\Downloads\artifacts (9).zip
[INFO ] 2021-03-02 09:59:53.400 [TestNG-test=Document Signature Test-1] PdfManager - Files in the downloaded directory are C:\Users\A687416\Downloads\artifacts.zip
[INFO ] 2021-03-02 09:59:53.400 [TestNG-test=Document Signature Test-1] PdfManager - Files in the downloaded directory are C:\Users\A687416\Downloads\AvinashBankDetails.pdf
[INFO ] 2021-03-02 09:59:53.401 [TestNG-test=Document Signature Test-1] PdfManager - Files in the downloaded directory are C:\Users\A687416\Downloads\BNPP-EN-CORE.ftl
[INFO ] 2021-03-02 09:59:53.401 [TestNG-test=Document Signature Test-1] PdfManager - Files in the downloaded directory are C:\Users\A687416\Downloads\BNPP-FR-CORE.ftl
[INFO ] 2021-03-02 09:59:53.401 [TestNG-test=Document Signature Test-1] PdfManager - Files in the downloaded directory are C:\Users\A687416\Downloads\cancelChequeAvinash.jfif
[INFO ] 2021-03-02 09:59:53.401 [TestNG-test=Document Signature Test-1] PdfManager - Files in the downloaded directory are C:\Users\A687416\Downloads\Car
[INFO ] 2021-03-02 09:59:53.403 [TestNG-test=Document Signature Test-1] PdfManager - Files in the downloaded directory are C:\Users\A687416\Downloads\cb380232-03f6-40e2-be0b-ff9784c334ad.tmp
[INFO ] 2021-03-02 09:59:53.403 [TestNG-test=Document Signature Test-1] PdfManager - Files in the downloaded directory are C:\Users\A687416\Downloads\chromedriver_win32
[INFO ] 2021-03-02 09:59:53.404 [TestNG-test=Document Signature Test-1] PdfManager - Files in the downloaded directory are C:\Users\A687416\Downloads\chromedriver_win32.zip
[INFO ] 2021-03-02 09:59:53.404 [TestNG-test=Document Signature Test-1] PdfManager - Files in the downloaded directory are C:\Users\A687416\Downloads\ClientSignature.jpg
[INFO ] 2021-03-02 09:59:53.404 [TestNG-test=Document Signature Test-1] PdfManager - Files in the downloaded directory are C:\Users\A687416\Downloads\CollectionByDurgaSoftPart2.pdf
[INFO ] 2021-03-02 09:59:53.404 [TestNG-test=Document Signature Test-1] PdfManager - Files in the downloaded directory are C:\Users\A687416\Downloads\Creditors_Results1613125598107.csv
[INFO ] 2021-03-02 09:59:53.404 [TestNG-test=Document Signature Test-1] PdfManager - Files in the downloaded directory are C:\Users\A687416\Downloads\Cysiv India - QA Automation Engineer.docx
[INFO ] 2021-03-02 09:59:53.404 [TestNG-test=Document Signature Test-1] PdfManager - Files in the downloaded directory are C:\Users\A687416\Downloads\Defect-FPLSPSSIGN-1690.mp4
[INFO ] 2021-03-02 09:59:53.405 [TestNG-test=Document Signature Test-1] PdfManager - Files in the downloaded directory are C:\Users\A687416\Downloads\desktop.ini
[INFO ] 2021-03-02 09:59:53.405 [TestNG-test=Document Signature Test-1] PdfManager - Files in the downloaded directory are C:\Users\A687416\Downloads\Document 113340.pdf
[INFO ] 2021-03-02 09:59:53.405 [TestNG-test=Document Signature Test-1] PdfManager - Files in the downloaded directory are C:\Users\A687416\Downloads\Document 116853.pdf
[INFO ] 2021-03-02 09:59:53.405 [TestNG-test=Document Signature Test-1] PdfManager - Files in the downloaded directory are C:\Users\A687416\Downloads\Document 128002.pdf
[INFO ] 2021-03-02 09:59:53.405 [TestNG-test=Document Signature Test-1] PdfManager - Files in the downloaded directory are C:\Users\A687416\Downloads\Document 131554.pdf
[INFO ] 2021-03-02 09:59:53.405 [TestNG-test=Document Signature Test-1] PdfManager - Files in the downloaded directory are C:\Users\A687416\Downloads\Document 131684.pdf
[INFO ] 2021-03-02 09:59:53.405 [TestNG-test=Document Signature Test-1] PdfManager - Files in the downloaded directory are C:\Users\A687416\Downloads\Document 155739.pdf
[INFO ] 2021-03-02 09:59:53.406 [TestNG-test=Document Signature Test-1] PdfManager - Files in the downloaded directory are C:\Users\A687416\Downloads\Document 161965.pdf
[INFO ] 2021-03-02 09:59:53.406 [TestNG-test=Document Signature Test-1] PdfManager - Files in the downloaded directory are C:\Users\A687416\Downloads\Document 165194.pdf
[INFO ] 2021-03-02 09:59:53.406 [TestNG-test=Document Signature Test-1] PdfManager - Files in the downloaded directory are C:\Users\A687416\Downloads\Document 174713.pdf (1).crdownload
[INFO ] 2021-03-02 09:59:53.406 [TestNG-test=Document Signature Test-1] PdfManager - Files in the downloaded directory are C:\Users\A687416\Downloads\Document 174713.pdf.crdownload
[INFO ] 2021-03-02 09:59:53.406 [TestNG-test=Document Signature Test-1] PdfManager - Files in the downloaded directory are C:\Users\A687416\Downloads\Document 182235.pdf
[INFO ] 2021-03-02 09:59:53.407 [TestNG-test=Document Signature Test-1] PdfManager - Files in the downloaded directory are C:\Users\A687416\Downloads\Document 184985.pdf
[INFO ] 2021-03-02 09:59:53.407 [TestNG-test=Document Signature Test-1] PdfManager - Files in the downloaded directory are C:\Users\A687416\Downloads\Document 188421.pdf
[INFO ] 2021-03-02 09:59:53.407 [TestNG-test=Document Signature Test-1] PdfManager - Files in the downloaded directory are C:\Users\A687416\Downloads\Document 190570.pdf
[INFO ] 2021-03-02 09:59:53.407 [TestNG-test=Document Signature Test-1] PdfManager - Files in the downloaded directory are C:\Users\A687416\Downloads\download
[INFO ] 2021-03-02 09:59:53.416 [TestNG-test=Document Signature Test-1] PdfManager - Files in the downloaded directory are C:\Users\A687416\Downloads\DurgaSoft-SCJP-notes-Part-2_JavabynataraJ
[INFO ] 2021-03-02 09:59:53.416 [TestNG-test=Document Signature Test-1] PdfManager - Files in the downloaded directory are C:\Users\A687416\Downloads\DurgaSoft-SCJP-notes-Part-2_JavabynataraJ (1)
[INFO ] 2021-03-02 09:59:53.416 [TestNG-test=Document Signature Test-1] PdfManager - Files in the downloaded directory are C:\Users\A687416\Downloads\EMAILADDRESS=sara.mourad@equensworldline.com UID=A663352 CN=SARA MOURAD GIVENNAME=SARA SURNAME=MOURAD OU=fr01.awl.atosorigin.net O=Atos Worldline L=VILLEURBANNE C=FR.cer
[INFO ] 2021-03-02 09:59:53.416 [TestNG-test=Document Signature Test-1] PdfManager - Files in the downloaded directory are C:\Users\A687416\Downloads\EXtraLongFile01.ftl
[INFO ] 2021-03-02 09:59:53.416 [TestNG-test=Document Signature Test-1] PdfManager - Files in the downloaded directory are C:\Users\A687416\Downloads\finallogoandstationery.zip
[INFO ] 2021-03-02 09:59:53.417 [TestNG-test=Document Signature Test-1] PdfManager - Files in the downloaded directory are C:\Users\A687416\Downloads\FPLSPSTEST-4002.csv
[INFO ] 2021-03-02 09:59:53.417 [TestNG-test=Document Signature Test-1] PdfManager - Files in the downloaded directory are C:\Users\A687416\Downloads\Handover
[INFO ] 2021-03-02 09:59:53.417 [TestNG-test=Document Signature Test-1] PdfManager - Files in the downloaded directory are C:\Users\A687416\Downloads\HOMELOAN.pdf
[INFO ] 2021-03-02 09:59:53.417 [TestNG-test=Document Signature Test-1] PdfManager - Files in the downloaded directory are C:\Users\A687416\Downloads\HomeLoanAndDeclaration.zip
[INFO ] 2021-03-02 09:59:53.418 [TestNG-test=Document Signature Test-1] PdfManager - Files in the downloaded directory are C:\Users\A687416\Downloads\HospitalWebaite_Dr.MadhavChavan
[INFO ] 2021-03-02 09:59:53.419 [TestNG-test=Document Signature Test-1] PdfManager - Files in the downloaded directory are C:\Users\A687416\Downloads\LetterAvinash.jpeg
[INFO ] 2021-03-02 09:59:53.419 [TestNG-test=Document Signature Test-1] PdfManager - Files in the downloaded directory are C:\Users\A687416\Downloads\LICDetails.pdf
[INFO ] 2021-03-02 09:59:53.419 [TestNG-test=Document Signature Test-1] PdfManager - Files in the downloaded directory are C:\Users\A687416\Downloads\MANDATE-REFERENCE000000000000000511.pdf (1).crdownload
[INFO ] 2021-03-02 09:59:53.419 [TestNG-test=Document Signature Test-1] PdfManager - Files in the downloaded directory are C:\Users\A687416\Downloads\MANDATE-REFERENCE000000000000000511.pdf.crdownload
[INFO ] 2021-03-02 09:59:53.419 [TestNG-test=Document Signature Test-1] PdfManager - Files in the downloaded directory are C:\Users\A687416\Downloads\MANDATE-REFERENCE000000000000000512.pdf
[INFO ] 2021-03-02 09:59:53.420 [TestNG-test=Document Signature Test-1] PdfManager - Files in the downloaded directory are C:\Users\A687416\Downloads\MANDATE-REFERENCE000000000000000514.pdf
[INFO ] 2021-03-02 09:59:53.420 [TestNG-test=Document Signature Test-1] PdfManager - Files in the downloaded directory are C:\Users\A687416\Downloads\MANDATE-REFERENCE000000000000000963.pdf
[INFO ] 2021-03-02 09:59:53.420 [TestNG-test=Document Signature Test-1] PdfManager - Files in the downloaded directory are C:\Users\A687416\Downloads\MANDATE-REFERENCE000000000000001032.pdf
[INFO ] 2021-03-02 09:59:53.420 [TestNG-test=Document Signature Test-1] PdfManager - Files in the downloaded directory are C:\Users\A687416\Downloads\MANDATE-REFERENCE000000000000001033.pdf
[INFO ] 2021-03-02 09:59:53.420 [TestNG-test=Document Signature Test-1] PdfManager - Files in the downloaded directory are C:\Users\A687416\Downloads\MANDATE-REFERENCE000000000000001040.pdf
[INFO ] 2021-03-02 09:59:53.420 [TestNG-test=Document Signature Test-1] PdfManager - Files in the downloaded directory are C:\Users\A687416\Downloads\MANDATE-REFERENCE000000000000001064.pdf
[INFO ] 2021-03-02 09:59:53.420 [TestNG-test=Document Signature Test-1] PdfManager - Files in the downloaded directory are C:\Users\A687416\Downloads\MANDATE-REFERENCE000000000000001065.pdf
[INFO ] 2021-03-02 09:59:53.421 [TestNG-test=Document Signature Test-1] PdfManager - Files in the downloaded directory are C:\Users\A687416\Downloads\MANDATE-REFERENCE000000000000001066.pdf
[INFO ] 2021-03-02 09:59:53.421 [TestNG-test=Document Signature Test-1] PdfManager - Files in the downloaded directory are C:\Users\A687416\Downloads\MANDATE-REFERENCE000000000000003283.pdf
[INFO ] 2021-03-02 09:59:53.421 [TestNG-test=Document Signature Test-1] PdfManager - Files in the downloaded directory are C:\Users\A687416\Downloads\MANDATE-REFERENCE000000000000003284.pdf
[INFO ] 2021-03-02 09:59:53.421 [TestNG-test=Document Signature Test-1] PdfManager - Files in the downloaded directory are C:\Users\A687416\Downloads\MANDATE-REFERENCE000000000000003285.pdf
[INFO ] 2021-03-02 09:59:53.421 [TestNG-test=Document Signature Test-1] PdfManager - Files in the downloaded directory are C:\Users\A687416\Downloads\MANDATE-REFERENCE000000000000003295.pdf
[INFO ] 2021-03-02 09:59:53.421 [TestNG-test=Document Signature Test-1] PdfManager - Files in the downloaded directory are C:\Users\A687416\Downloads\MANDATE-REFERENCE000000000000003410.pdf
[INFO ] 2021-03-02 09:59:53.422 [TestNG-test=Document Signature Test-1] PdfManager - Files in the downloaded directory are C:\Users\A687416\Downloads\MANDATE-REFERENCE000000000000003411.pdf
[INFO ] 2021-03-02 09:59:53.422 [TestNG-test=Document Signature Test-1] PdfManager - Files in the downloaded directory are C:\Users\A687416\Downloads\MANDATE-REFERENCE000000000000003412.pdf
[INFO ] 2021-03-02 09:59:53.422 [TestNG-test=Document Signature Test-1] PdfManager - Files in the downloaded directory are C:\Users\A687416\Downloads\MANDATE-REFERENCE000000000000003413.pdf
[INFO ] 2021-03-02 09:59:53.422 [TestNG-test=Document Signature Test-1] PdfManager - Files in the downloaded directory are C:\Users\A687416\Downloads\MANDATE-REFERENCE000000000000003414.pdf
[INFO ] 2021-03-02 09:59:53.422 [TestNG-test=Document Signature Test-1] PdfManager - Files in the downloaded directory are C:\Users\A687416\Downloads\Mandates_Results8989578312458988145
[INFO ] 2021-03-02 09:59:53.423 [TestNG-test=Document Signature Test-1] PdfManager - Files in the downloaded directory are C:\Users\A687416\Downloads\Mandates_Results8989578312458988145.zip
[INFO ] 2021-03-02 09:59:53.423 [TestNG-test=Document Signature Test-1] PdfManager - Files in the downloaded directory are C:\Users\A687416\Downloads\mattermost-desktop-setup-4.6.2-win.exe
[INFO ] 2021-03-02 09:59:53.423 [TestNG-test=Document Signature Test-1] PdfManager - Files in the downloaded directory are C:\Users\A687416\Downloads\Meeting6Dec2020.pdf
[INFO ] 2021-03-02 09:59:53.423 [TestNG-test=Document Signature Test-1] PdfManager - Files in the downloaded directory are C:\Users\A687416\Downloads\Net Bills.docx
[INFO ] 2021-03-02 09:59:53.423 [TestNG-test=Document Signature Test-1] PdfManager - Files in the downloaded directory are C:\Users\A687416\Downloads\Net Bills.pdf
[INFO ] 2021-03-02 09:59:53.424 [TestNG-test=Document Signature Test-1] PdfManager - Files in the downloaded directory are C:\Users\A687416\Downloads\New Document 4.pdf
[INFO ] 2021-03-02 09:59:53.424 [TestNG-test=Document Signature Test-1] PdfManager - Files in the downloaded directory are C:\Users\A687416\Downloads\New folder
[INFO ] 2021-03-02 09:59:53.424 [TestNG-test=Document Signature Test-1] PdfManager - Files in the downloaded directory are C:\Users\A687416\Downloads\New folder.zip
[INFO ] 2021-03-02 09:59:53.424 [TestNG-test=Document Signature Test-1] PdfManager - Files in the downloaded directory are C:\Users\A687416\Downloads\Nomination_form_LL2 (1).pdf
[INFO ] 2021-03-02 09:59:53.424 [TestNG-test=Document Signature Test-1] PdfManager - Files in the downloaded directory are C:\Users\A687416\Downloads\Nomination_form_LL2.pdf
[INFO ] 2021-03-02 09:59:53.425 [TestNG-test=Document Signature Test-1] PdfManager - Files in the downloaded directory are C:\Users\A687416\Downloads\OpAccountDetailsRet19-02-2021.pdf
[INFO ] 2021-03-02 09:59:53.427 [TestNG-test=Document Signature Test-1] PdfManager - Files in the downloaded directory are C:\Users\A687416\Downloads\OpAccountSummary27-01-2021.pdf
[INFO ] 2021-03-02 09:59:53.429 [TestNG-test=Document Signature Test-1] PdfManager - Files in the downloaded directory are C:\Users\A687416\Downloads\OpMiniStatement19-02-2021.pdf
[INFO ] 2021-03-02 09:59:53.429 [TestNG-test=Document Signature Test-1] PdfManager - Files in the downloaded directory are C:\Users\A687416\Downloads\OpMiniStatement27-01-2021.pdf
[INFO ] 2021-03-02 09:59:53.429 [TestNG-test=Document Signature Test-1] PdfManager - Files in the downloaded directory are C:\Users\A687416\Downloads\OpTransactionHistory01-03-2021.xls
[INFO ] 2021-03-02 09:59:53.429 [TestNG-test=Document Signature Test-1] PdfManager - Files in the downloaded directory are C:\Users\A687416\Downloads\OpTransactionHistory27-01-2021.pdf
[INFO ] 2021-03-02 09:59:53.430 [TestNG-test=Document Signature Test-1] PdfManager - Files in the downloaded directory are C:\Users\A687416\Downloads\OpTransactionHistory28-02-2021.xls
[INFO ] 2021-03-02 09:59:53.430 [TestNG-test=Document Signature Test-1] PdfManager - Files in the downloaded directory are C:\Users\A687416\Downloads\OpTransactionHistoryTpr19-02-2021.xls
[INFO ] 2021-03-02 09:59:53.430 [TestNG-test=Document Signature Test-1] PdfManager - Files in the downloaded directory are C:\Users\A687416\Downloads\OpTransactionHistoryTpr28-02-2021.pdf
[INFO ] 2021-03-02 09:59:53.430 [TestNG-test=Document Signature Test-1] PdfManager - Files in the downloaded directory are C:\Users\A687416\Downloads\Preview _step6.ftl
[INFO ] 2021-03-02 09:59:53.430 [TestNG-test=Document Signature Test-1] PdfManager - Files in the downloaded directory are C:\Users\A687416\Downloads\PulseSecureAppLauncher.msi
[INFO ] 2021-03-02 09:59:53.430 [TestNG-test=Document Signature Test-1] PdfManager - Files in the downloaded directory are C:\Users\A687416\Downloads\PXL_20210130_180239703.NIGHT.jpg
[INFO ] 2021-03-02 09:59:53.431 [TestNG-test=Document Signature Test-1] PdfManager - Files in the downloaded directory are C:\Users\A687416\Downloads\Rone Na Dijiyega (Jaan Tere Naam) 320Kbps.mp3
[INFO ] 2021-03-02 09:59:53.431 [TestNG-test=Document Signature Test-1] PdfManager - Files in the downloaded directory are C:\Users\A687416\Downloads\RSA Box Cricket Tournament 2021 League Schedule.pdf
[INFO ] 2021-03-02 09:59:53.431 [TestNG-test=Document Signature Test-1] PdfManager - Files in the downloaded directory are C:\Users\A687416\Downloads\Selenium Interview Question.docx
[INFO ] 2021-03-02 09:59:53.431 [TestNG-test=Document Signature Test-1] PdfManager - Files in the downloaded directory are C:\Users\A687416\Downloads\swagger-ais-v2-1-51.yaml
[INFO ] 2021-03-02 09:59:53.432 [TestNG-test=Document Signature Test-1] PdfManager - Files in the downloaded directory are C:\Users\A687416\Downloads\testWS.jmx
[INFO ] 2021-03-02 09:59:53.432 [TestNG-test=Document Signature Test-1] PdfManager - Files in the downloaded directory are C:\Users\A687416\Downloads\VedicReport17-01-202123-54-40.pdf
[INFO ] 2021-03-02 09:59:53.432 [TestNG-test=Document Signature Test-1] PdfManager - Files in the downloaded directory are C:\Users\A687416\Downloads\Vinod
[INFO ] 2021-03-02 09:59:53.432 [TestNG-test=Document Signature Test-1] PdfManager - Files in the downloaded directory are C:\Users\A687416\Downloads\webex.exe
[INFO ] 2021-03-02 09:59:53.433 [TestNG-test=Document Signature Test-1] PdfManager - Files in the downloaded directory are C:\Users\A687416\Downloads\WGS0278_SalarySlipwithTaxDetails (1).pdf
[INFO ] 2021-03-02 09:59:53.433 [TestNG-test=Document Signature Test-1] PdfManager - Files in the downloaded directory are C:\Users\A687416\Downloads\WGS0278_SalarySlipwithTaxDetails (2).pdf
[INFO ] 2021-03-02 09:59:53.433 [TestNG-test=Document Signature Test-1] PdfManager - Files in the downloaded directory are C:\Users\A687416\Downloads\WGS0278_SalarySlipwithTaxDetails.pdf
[INFO ] 2021-03-02 09:59:53.433 [TestNG-test=Document Signature Test-1] PdfManager - Files in the downloaded directory are C:\Users\A687416\Downloads\WhatsApp Image 2021-01-30 at 23.27.06-converted.pdf
[INFO ] 2021-03-02 09:59:53.433 [TestNG-test=Document Signature Test-1] PdfManager - Files in the downloaded directory are C:\Users\A687416\Downloads\WhatsApp Image 2021-01-30 at 23.27.06.jpeg
[INFO ] 2021-03-02 09:59:53.434 [TestNG-test=Document Signature Test-1] PdfManager - Files in the downloaded directory are C:\Users\A687416\Downloads\WhatsApp Image 2021-01-31 at 15.00.45 (1).jpeg
[INFO ] 2021-03-02 09:59:53.434 [TestNG-test=Document Signature Test-1] PdfManager - Files in the downloaded directory are C:\Users\A687416\Downloads\WhatsApp Image 2021-01-31 at 15.00.45.jpeg
[INFO ] 2021-03-02 09:59:53.434 [TestNG-test=Document Signature Test-1] PdfManager - Files in the downloaded directory are C:\Users\A687416\Downloads\WhatsApp Image 2021-01-31 at 15.00.49.jpeg
[INFO ] 2021-03-02 09:59:53.434 [TestNG-test=Document Signature Test-1] PdfManager - Files in the downloaded directory are C:\Users\A687416\Downloads\WhatsApp Image 2021-01-31 at 15.00.49.jpg
[INFO ] 2021-03-02 09:59:53.434 [TestNG-test=Document Signature Test-1] PdfManager - Files in the downloaded directory are C:\Users\A687416\Downloads\WhatsApp Image 2021-02-03 at 21.31.26.jpeg
[INFO ] 2021-03-02 09:59:53.435 [TestNG-test=Document Signature Test-1] PdfManager - Files in the downloaded directory are C:\Users\A687416\Downloads\WhatsApp Image 2021-02-16 at 21.01.25.jpeg
[INFO ] 2021-03-02 09:59:53.435 [TestNG-test=Document Signature Test-1] PdfManager - Files in the downloaded directory are C:\Users\A687416\Downloads\WhatsApp Image 2021-02-28 at 21.06.36.jpeg
[INFO ] 2021-03-02 09:59:53.435 [TestNG-test=Document Signature Test-1] PdfManager - Files in the downloaded directory are C:\Users\A687416\Downloads\Zoom_cm_fi745yZ9vvrZo4_mj--O0Xz1qjWyhzVIGv7uREn9nopC6QwTfdNL@tqopKJ9+vulD3ffC_k649ea106e85553d0_.exe
[INFO ] 2021-03-02 09:59:53.435 [TestNG-test=Document Signature Test-1] PdfManager - Files in the downloaded directory are C:\Users\A687416\Downloads\Zoom_cm_fnvu8b85fkZ9vvrZo4_mcEF4OotV6Vom94a68Swl8vGXFzTznDYpW5vp@H-5bC8C1h4cWCvF3_kaa679013ce587879_.exe
[INFO ] 2021-03-02 09:59:53.435 [TestNG-test=Document Signature Test-1] PdfManager - Files in the downloaded directory are C:\Users\A687416\Downloads\~WRL0001.tmp
[INFO ] 2021-03-02 09:59:54.914 [TestNG-test=Document Signature Test-1] UserActions - Page loaded sucessfully ......
[INFO ] 2021-03-02 09:59:57.939 [TestNG-test=Document Signature Test-1] UserActions - Button: By.name: buttonReturnCreditorSite clicked
[INFO ] 2021-03-02 10:02:40.366 [TestNG-test=Document Signature Test-1] BasePage - Execution environment - RCI
[INFO ] 2021-03-02 10:02:41.493 [TestNG-test=Document Signature Test-1] BasePage - Execution URL - https://ssl-product-creditor-web.vm-rct.stg.as8677.net/creditor/rm/login
[INFO ] 2021-03-02 10:02:41.496 [TestNG-test=Document Signature Test-1] BasePage - hubURL - http://selenium-hub:4444/wd/hub
[INFO ] 2021-03-02 10:02:41.496 [TestNG-test=Document Signature Test-1] BasePage - Execution browser - chromelocal
[INFO ] 2021-03-02 10:02:50.413 [TestNG-test=Document Signature Test-1] BasePage - Initialized chrome browser driver
[INFO ] 2021-03-02 10:02:51.957 [TestNG-test=Document Signature Test-1] SignHomePage - SPS SIGN Old back office environment - RCI
[INFO ] 2021-03-02 10:02:58.353 [TestNG-test=Document Signature Test-1] UserActions - Link: ' By.name: creditorEmailMandatoryStep1' clicked
[INFO ] 2021-03-02 10:03:00.921 [TestNG-test=Document Signature Test-1] UserActions - Link: ' By.name: confirm' clicked
[INFO ] 2021-03-02 10:03:00.921 [TestNG-test=Document Signature Test-1] SignHomePage - SPS SIGN Old back office environment - RCI
[INFO ] 2021-03-02 10:03:05.096 [TestNG-test=Document Signature Test-1] UserActions - Text Field: 'By.xpath: .//*[@id='creditorId']'. Value 'spsCreditorSG3' entered
[INFO ] 2021-03-02 10:03:05.659 [TestNG-test=Document Signature Test-1] UserActions - Text Field: 'By.xpath: .//*[@id='transactionId']'. Value '186022' entered
[INFO ] 2021-03-02 10:03:05.950 [TestNG-test=Document Signature Test-1] UserActions - Link: ' By.xpath: .//*[@id='skipSummaryPage']' clicked
[INFO ] 2021-03-02 10:03:06.769 [TestNG-test=Document Signature Test-1] UserActions - Text Field: 'By.id: UIR'. Value '198491' entered
[INFO ] 2021-03-02 10:03:07.310 [TestNG-test=Document Signature Test-1] UserActions - Text Field: 'By.xpath: .//*[@id='bldngNm']'. Value '12' entered
[INFO ] 2021-03-02 10:03:07.939 [TestNG-test=Document Signature Test-1] UserActions - Text Field: 'By.xpath: .//*[@id='strtNm']'. Value '23' entered
[INFO ] 2021-03-02 10:03:08.441 [TestNG-test=Document Signature Test-1] UserActions - Text Field: 'By.xpath: .//*[@id='pstCd']'. Value '411112' entered
[INFO ] 2021-03-02 10:03:08.950 [TestNG-test=Document Signature Test-1] UserActions - Text Field: 'By.xpath: .//*[@id='city']'. Value 'Lyon' entered
[INFO ] 2021-03-02 10:03:09.440 [TestNG-test=Document Signature Test-1] UserActions - Text Field: 'By.xpath: .//*[@id='ctry']'. Value 'FR' entered
[INFO ] 2021-03-02 10:03:09.928 [TestNG-test=Document Signature Test-1] UserActions - Text Field: 'By.xpath: .//*[@id='lastName']'. Value 'John' entered
[INFO ] 2021-03-02 10:03:10.416 [TestNG-test=Document Signature Test-1] UserActions - Text Field: 'By.xpath: .//*[@id='firstName']'. Value 'Rab' entered
[INFO ] 2021-03-02 10:03:16.122 [TestNG-test=Document Signature Test-1] UserActions - Button: By.id: submitInitSession clicked
[INFO ] 2021-03-02 10:03:20.578 [TestNG-test=Document Signature Test-1] UserActions - Button: By.xpath: //div[@id='homeContent']/a clicked
[INFO ] 2021-03-02 10:03:21.274 [TestNG-test=Document Signature Test-1] UserActions - Text Field: 'By.xpath: (//input[@id='userPhoneNumberEditableField'])|(//input[@id='userPhoneNumberField'])'. Value '+33612345678' entered
[INFO ] 2021-03-02 10:03:21.606 [TestNG-test=Document Signature Test-1] UserActions - Link: ' By.name: confirm' clicked
[INFO ] 2021-03-02 10:03:21.639 [TestNG-test=Document Signature Test-1] UserActions - Page loaded sucessfully ......
[INFO ] 2021-03-02 10:05:21.022 [TestNG-test=Document Signature Test-1] BasePage - Execution environment - RCI
[INFO ] 2021-03-02 10:05:21.922 [TestNG-test=Document Signature Test-1] BasePage - Execution URL - https://ssl-product-creditor-web.vm-rct.stg.as8677.net/creditor/rm/login
[INFO ] 2021-03-02 10:05:21.922 [TestNG-test=Document Signature Test-1] BasePage - hubURL - http://selenium-hub:4444/wd/hub
[INFO ] 2021-03-02 10:05:21.938 [TestNG-test=Document Signature Test-1] BasePage - Execution browser - chromelocal
[INFO ] 2021-03-02 10:05:30.834 [TestNG-test=Document Signature Test-1] BasePage - Initialized chrome browser driver
[INFO ] 2021-03-02 10:05:47.765 [TestNG-test=Document Signature Test-1] XMLManager - Going to sign ORG request with Private Key CN=auth.qlf.spsSign.otu.worldline.com, OU=authentification client OTU, O=Worldline, L=SECLIN, C=FR
[INFO ] 2021-03-02 10:06:02.752 [TestNG-test=Document Signature Test-1] UserActions - Text Field: 'By.xpath: (//input[@id='userPhoneNumberEditableField'])|(//input[@id='userPhoneNumberField'])'. Value '+33612345678' entered
[INFO ] 2021-03-02 10:06:11.880 [TestNG-test=Document Signature Test-1] UserActions - Link: ' By.name: confirm' clicked
[INFO ] 2021-03-02 10:06:11.898 [TestNG-test=Document Signature Test-1] UserActions - Page loaded sucessfully ......
[INFO ] 2021-03-02 10:06:12.220 [TestNG-test=Document Signature Test-1] UserActions - Link: ' By.name: agreetermsEmail' clicked
[INFO ] 2021-03-02 10:06:12.222 [TestNG-test=Document Signature Test-1] SignStep2Page - creditor id  spsCreditorSG3
[INFO ] 2021-03-02 10:06:12.223 [TestNG-test=Document Signature Test-1] SignStep2Page - transdcation 143532
[INFO ] 2021-03-02 10:06:15.107 [TestNG-test=Document Signature Test-1] RestEndPoints - Session status is: {"type":"EMAIL","otpCode":"2900","nbAttempts":"0","nbFailed":"0","state":"INITIALIZED","useSMTPRelayForOTP":"false"}
[INFO ] 2021-03-02 10:06:15.147 [TestNG-test=Document Signature Test-1] RestEndPoints - OTP is 2900
[INFO ] 2021-03-02 10:06:15.851 [TestNG-test=Document Signature Test-1] UserActions - Text Field: 'By.xpath: (//input[@id='emailConfirmationCode'])|(//input[@id='smsConfirmationCode'])'. Value '2900' entered
[INFO ] 2021-03-02 10:06:29.041 [TestNG-test=Document Signature Test-1] UserActions - Button: By.xpath: (//input[@id='submitSignEmailMandate'])|(//input[@id='submitSignSMSMandate']) clicked
[INFO ] 2021-03-02 10:06:29.335 [TestNG-test=Document Signature Test-1] UserActions - Button: By.id: dlpdf clicked
[INFO ] 2021-03-02 10:06:29.358 [TestNG-test=Document Signature Test-1] UserActions - Page loaded sucessfully ......
[INFO ] 2021-03-02 10:06:29.360 [TestNG-test=Document Signature Test-1] PdfManager - Files in the downloaded directory are C:\Users\A687416\Downloads\1313_TesteventreportAutomation_1612330210191.zip
[INFO ] 2021-03-02 10:06:29.360 [TestNG-test=Document Signature Test-1] PdfManager - Files in the downloaded directory are C:\Users\A687416\Downloads\1611932477020sK1RSTd94oI5UbXd.pdf
[INFO ] 2021-03-02 10:06:29.360 [TestNG-test=Document Signature Test-1] PdfManager - Files in the downloaded directory are C:\Users\A687416\Downloads\1611975659128Uo8xAMOTzI1f1oHj.xls
[INFO ] 2021-03-02 10:06:29.361 [TestNG-test=Document Signature Test-1] PdfManager - Files in the downloaded directory are C:\Users\A687416\Downloads\1611975715231Ep1cALYMY2EmI96D.xls
[INFO ] 2021-03-02 10:06:29.361 [TestNG-test=Document Signature Test-1] PdfManager - Files in the downloaded directory are C:\Users\A687416\Downloads\1611975897066TNLY366QG36EFHhL.xls
[INFO ] 2021-03-02 10:06:29.361 [TestNG-test=Document Signature Test-1] PdfManager - Files in the downloaded directory are C:\Users\A687416\Downloads\16119760355802YfbkRFZjRkBjfo7.xls
[INFO ] 2021-03-02 10:06:29.361 [TestNG-test=Document Signature Test-1] PdfManager - Files in the downloaded directory are C:\Users\A687416\Downloads\452003.pdf
[INFO ] 2021-03-02 10:06:29.361 [TestNG-test=Document Signature Test-1] PdfManager - Files in the downloaded directory are C:\Users\A687416\Downloads\artifacts (1)
[INFO ] 2021-03-02 10:06:29.362 [TestNG-test=Document Signature Test-1] PdfManager - Files in the downloaded directory are C:\Users\A687416\Downloads\artifacts (1).zip
[INFO ] 2021-03-02 10:06:29.362 [TestNG-test=Document Signature Test-1] PdfManager - Files in the downloaded directory are C:\Users\A687416\Downloads\artifacts (2)
[INFO ] 2021-03-02 10:06:29.362 [TestNG-test=Document Signature Test-1] PdfManager - Files in the downloaded directory are C:\Users\A687416\Downloads\artifacts (2).zip
[INFO ] 2021-03-02 10:06:29.362 [TestNG-test=Document Signature Test-1] PdfManager - Files in the downloaded directory are C:\Users\A687416\Downloads\artifacts (3)
[INFO ] 2021-03-02 10:06:29.363 [TestNG-test=Document Signature Test-1] PdfManager - Files in the downloaded directory are C:\Users\A687416\Downloads\artifacts (3).zip
[INFO ] 2021-03-02 10:06:29.363 [TestNG-test=Document Signature Test-1] PdfManager - Files in the downloaded directory are C:\Users\A687416\Downloads\artifacts (4)
[INFO ] 2021-03-02 10:06:29.363 [TestNG-test=Document Signature Test-1] PdfManager - Files in the downloaded directory are C:\Users\A687416\Downloads\artifacts (4).zip
[INFO ] 2021-03-02 10:06:29.363 [TestNG-test=Document Signature Test-1] PdfManager - Files in the downloaded directory are C:\Users\A687416\Downloads\artifacts (5)
[INFO ] 2021-03-02 10:06:29.363 [TestNG-test=Document Signature Test-1] PdfManager - Files in the downloaded directory are C:\Users\A687416\Downloads\artifacts (5).zip
[INFO ] 2021-03-02 10:06:29.363 [TestNG-test=Document Signature Test-1] PdfManager - Files in the downloaded directory are C:\Users\A687416\Downloads\artifacts (8).zip
[INFO ] 2021-03-02 10:06:29.363 [TestNG-test=Document Signature Test-1] PdfManager - Files in the downloaded directory are C:\Users\A687416\Downloads\artifacts (9)
[INFO ] 2021-03-02 10:06:29.364 [TestNG-test=Document Signature Test-1] PdfManager - Files in the downloaded directory are C:\Users\A687416\Downloads\artifacts (9).zip
[INFO ] 2021-03-02 10:06:29.364 [TestNG-test=Document Signature Test-1] PdfManager - Files in the downloaded directory are C:\Users\A687416\Downloads\artifacts.zip
[INFO ] 2021-03-02 10:06:29.364 [TestNG-test=Document Signature Test-1] PdfManager - Files in the downloaded directory are C:\Users\A687416\Downloads\AvinashBankDetails.pdf
[INFO ] 2021-03-02 10:06:29.364 [TestNG-test=Document Signature Test-1] PdfManager - Files in the downloaded directory are C:\Users\A687416\Downloads\BNPP-EN-CORE.ftl
[INFO ] 2021-03-02 10:06:29.364 [TestNG-test=Document Signature Test-1] PdfManager - Files in the downloaded directory are C:\Users\A687416\Downloads\BNPP-FR-CORE.ftl
[INFO ] 2021-03-02 10:06:29.364 [TestNG-test=Document Signature Test-1] PdfManager - Files in the downloaded directory are C:\Users\A687416\Downloads\cancelChequeAvinash.jfif
[INFO ] 2021-03-02 10:06:29.365 [TestNG-test=Document Signature Test-1] PdfManager - Files in the downloaded directory are C:\Users\A687416\Downloads\Car
[INFO ] 2021-03-02 10:06:29.365 [TestNG-test=Document Signature Test-1] PdfManager - Files in the downloaded directory are C:\Users\A687416\Downloads\cb380232-03f6-40e2-be0b-ff9784c334ad.tmp
[INFO ] 2021-03-02 10:06:29.365 [TestNG-test=Document Signature Test-1] PdfManager - Files in the downloaded directory are C:\Users\A687416\Downloads\chromedriver_win32
[INFO ] 2021-03-02 10:06:29.365 [TestNG-test=Document Signature Test-1] PdfManager - Files in the downloaded directory are C:\Users\A687416\Downloads\chromedriver_win32.zip
[INFO ] 2021-03-02 10:06:29.365 [TestNG-test=Document Signature Test-1] PdfManager - Files in the downloaded directory are C:\Users\A687416\Downloads\ClientSignature.jpg
[INFO ] 2021-03-02 10:06:29.365 [TestNG-test=Document Signature Test-1] PdfManager - Files in the downloaded directory are C:\Users\A687416\Downloads\CollectionByDurgaSoftPart2.pdf
[INFO ] 2021-03-02 10:06:29.366 [TestNG-test=Document Signature Test-1] PdfManager - Files in the downloaded directory are C:\Users\A687416\Downloads\Creditors_Results1613125598107.csv
[INFO ] 2021-03-02 10:06:29.366 [TestNG-test=Document Signature Test-1] PdfManager - Files in the downloaded directory are C:\Users\A687416\Downloads\Cysiv India - QA Automation Engineer.docx
[INFO ] 2021-03-02 10:06:29.366 [TestNG-test=Document Signature Test-1] PdfManager - Files in the downloaded directory are C:\Users\A687416\Downloads\Defect-FPLSPSSIGN-1690.mp4
[INFO ] 2021-03-02 10:06:29.366 [TestNG-test=Document Signature Test-1] PdfManager - Files in the downloaded directory are C:\Users\A687416\Downloads\desktop.ini
[INFO ] 2021-03-02 10:06:29.366 [TestNG-test=Document Signature Test-1] PdfManager - Files in the downloaded directory are C:\Users\A687416\Downloads\Document 113340.pdf
[INFO ] 2021-03-02 10:06:29.367 [TestNG-test=Document Signature Test-1] PdfManager - Files in the downloaded directory are C:\Users\A687416\Downloads\Document 116853.pdf
[INFO ] 2021-03-02 10:06:29.367 [TestNG-test=Document Signature Test-1] PdfManager - Files in the downloaded directory are C:\Users\A687416\Downloads\Document 128002.pdf
[INFO ] 2021-03-02 10:06:29.372 [TestNG-test=Document Signature Test-1] PdfManager - Files in the downloaded directory are C:\Users\A687416\Downloads\Document 131554.pdf
[INFO ] 2021-03-02 10:06:29.373 [TestNG-test=Document Signature Test-1] PdfManager - Files in the downloaded directory are C:\Users\A687416\Downloads\Document 131684.pdf
[INFO ] 2021-03-02 10:06:29.373 [TestNG-test=Document Signature Test-1] PdfManager - Files in the downloaded directory are C:\Users\A687416\Downloads\Document 155739.pdf
[INFO ] 2021-03-02 10:06:29.373 [TestNG-test=Document Signature Test-1] PdfManager - Files in the downloaded directory are C:\Users\A687416\Downloads\Document 161965.pdf
[INFO ] 2021-03-02 10:06:29.373 [TestNG-test=Document Signature Test-1] PdfManager - Files in the downloaded directory are C:\Users\A687416\Downloads\Document 165194.pdf
[INFO ] 2021-03-02 10:06:29.373 [TestNG-test=Document Signature Test-1] PdfManager - Files in the downloaded directory are C:\Users\A687416\Downloads\Document 174713.pdf (1).crdownload
[INFO ] 2021-03-02 10:06:29.373 [TestNG-test=Document Signature Test-1] PdfManager - Files in the downloaded directory are C:\Users\A687416\Downloads\Document 174713.pdf.crdownload
[INFO ] 2021-03-02 10:06:29.373 [TestNG-test=Document Signature Test-1] PdfManager - Files in the downloaded directory are C:\Users\A687416\Downloads\Document 182235.pdf
[INFO ] 2021-03-02 10:06:29.374 [TestNG-test=Document Signature Test-1] PdfManager - Files in the downloaded directory are C:\Users\A687416\Downloads\Document 184985.pdf
[INFO ] 2021-03-02 10:06:29.374 [TestNG-test=Document Signature Test-1] PdfManager - Files in the downloaded directory are C:\Users\A687416\Downloads\Document 188421.pdf
[INFO ] 2021-03-02 10:06:29.374 [TestNG-test=Document Signature Test-1] PdfManager - Files in the downloaded directory are C:\Users\A687416\Downloads\Document 190570.pdf
[INFO ] 2021-03-02 10:06:29.374 [TestNG-test=Document Signature Test-1] PdfManager - Files in the downloaded directory are C:\Users\A687416\Downloads\download
[INFO ] 2021-03-02 10:06:29.374 [TestNG-test=Document Signature Test-1] PdfManager - Files in the downloaded directory are C:\Users\A687416\Downloads\DurgaSoft-SCJP-notes-Part-2_JavabynataraJ
[INFO ] 2021-03-02 10:06:29.375 [TestNG-test=Document Signature Test-1] PdfManager - Files in the downloaded directory are C:\Users\A687416\Downloads\DurgaSoft-SCJP-notes-Part-2_JavabynataraJ (1)
[INFO ] 2021-03-02 10:06:29.375 [TestNG-test=Document Signature Test-1] PdfManager - Files in the downloaded directory are C:\Users\A687416\Downloads\EMAILADDRESS=sara.mourad@equensworldline.com UID=A663352 CN=SARA MOURAD GIVENNAME=SARA SURNAME=MOURAD OU=fr01.awl.atosorigin.net O=Atos Worldline L=VILLEURBANNE C=FR.cer
[INFO ] 2021-03-02 10:06:29.375 [TestNG-test=Document Signature Test-1] PdfManager - Files in the downloaded directory are C:\Users\A687416\Downloads\EXtraLongFile01.ftl
[INFO ] 2021-03-02 10:06:29.375 [TestNG-test=Document Signature Test-1] PdfManager - Files in the downloaded directory are C:\Users\A687416\Downloads\finallogoandstationery.zip
[INFO ] 2021-03-02 10:06:29.375 [TestNG-test=Document Signature Test-1] PdfManager - Files in the downloaded directory are C:\Users\A687416\Downloads\FPLSPSTEST-4002.csv
[INFO ] 2021-03-02 10:06:29.375 [TestNG-test=Document Signature Test-1] PdfManager - Files in the downloaded directory are C:\Users\A687416\Downloads\Handover
[INFO ] 2021-03-02 10:06:29.375 [TestNG-test=Document Signature Test-1] PdfManager - Files in the downloaded directory are C:\Users\A687416\Downloads\HOMELOAN.pdf
[INFO ] 2021-03-02 10:06:29.375 [TestNG-test=Document Signature Test-1] PdfManager - Files in the downloaded directory are C:\Users\A687416\Downloads\HomeLoanAndDeclaration.zip
[INFO ] 2021-03-02 10:06:29.376 [TestNG-test=Document Signature Test-1] PdfManager - Files in the downloaded directory are C:\Users\A687416\Downloads\HospitalWebaite_Dr.MadhavChavan
[INFO ] 2021-03-02 10:06:29.376 [TestNG-test=Document Signature Test-1] PdfManager - Files in the downloaded directory are C:\Users\A687416\Downloads\LetterAvinash.jpeg
[INFO ] 2021-03-02 10:06:29.376 [TestNG-test=Document Signature Test-1] PdfManager - Files in the downloaded directory are C:\Users\A687416\Downloads\LICDetails.pdf
[INFO ] 2021-03-02 10:06:29.376 [TestNG-test=Document Signature Test-1] PdfManager - Files in the downloaded directory are C:\Users\A687416\Downloads\MANDATE-REFERENCE000000000000000511.pdf (1).crdownload
[INFO ] 2021-03-02 10:06:29.376 [TestNG-test=Document Signature Test-1] PdfManager - Files in the downloaded directory are C:\Users\A687416\Downloads\MANDATE-REFERENCE000000000000000511.pdf.crdownload
[INFO ] 2021-03-02 10:06:29.377 [TestNG-test=Document Signature Test-1] PdfManager - Files in the downloaded directory are C:\Users\A687416\Downloads\MANDATE-REFERENCE000000000000000512.pdf
[INFO ] 2021-03-02 10:06:29.377 [TestNG-test=Document Signature Test-1] PdfManager - Files in the downloaded directory are C:\Users\A687416\Downloads\MANDATE-REFERENCE000000000000000514.pdf
[INFO ] 2021-03-02 10:06:29.377 [TestNG-test=Document Signature Test-1] PdfManager - Files in the downloaded directory are C:\Users\A687416\Downloads\MANDATE-REFERENCE000000000000000963.pdf
[INFO ] 2021-03-02 10:06:29.377 [TestNG-test=Document Signature Test-1] PdfManager - Files in the downloaded directory are C:\Users\A687416\Downloads\MANDATE-REFERENCE000000000000001032.pdf
[INFO ] 2021-03-02 10:06:29.377 [TestNG-test=Document Signature Test-1] PdfManager - Files in the downloaded directory are C:\Users\A687416\Downloads\MANDATE-REFERENCE000000000000001033.pdf
[INFO ] 2021-03-02 10:06:29.377 [TestNG-test=Document Signature Test-1] PdfManager - Files in the downloaded directory are C:\Users\A687416\Downloads\MANDATE-REFERENCE000000000000001040.pdf
[INFO ] 2021-03-02 10:06:29.378 [TestNG-test=Document Signature Test-1] PdfManager - Files in the downloaded directory are C:\Users\A687416\Downloads\MANDATE-REFERENCE000000000000001064.pdf
[INFO ] 2021-03-02 10:06:29.378 [TestNG-test=Document Signature Test-1] PdfManager - Files in the downloaded directory are C:\Users\A687416\Downloads\MANDATE-REFERENCE000000000000001065.pdf
[INFO ] 2021-03-02 10:06:29.378 [TestNG-test=Document Signature Test-1] PdfManager - Files in the downloaded directory are C:\Users\A687416\Downloads\MANDATE-REFERENCE000000000000001066.pdf
[INFO ] 2021-03-02 10:06:29.378 [TestNG-test=Document Signature Test-1] PdfManager - Files in the downloaded directory are C:\Users\A687416\Downloads\MANDATE-REFERENCE000000000000003283.pdf
[INFO ] 2021-03-02 10:06:29.378 [TestNG-test=Document Signature Test-1] PdfManager - Files in the downloaded directory are C:\Users\A687416\Downloads\MANDATE-REFERENCE000000000000003284.pdf
[INFO ] 2021-03-02 10:06:29.378 [TestNG-test=Document Signature Test-1] PdfManager - Files in the downloaded directory are C:\Users\A687416\Downloads\MANDATE-REFERENCE000000000000003285.pdf
[INFO ] 2021-03-02 10:06:29.379 [TestNG-test=Document Signature Test-1] PdfManager - Files in the downloaded directory are C:\Users\A687416\Downloads\MANDATE-REFERENCE000000000000003295.pdf
[INFO ] 2021-03-02 10:06:29.379 [TestNG-test=Document Signature Test-1] PdfManager - Files in the downloaded directory are C:\Users\A687416\Downloads\MANDATE-REFERENCE000000000000003410.pdf
[INFO ] 2021-03-02 10:06:29.379 [TestNG-test=Document Signature Test-1] PdfManager - Files in the downloaded directory are C:\Users\A687416\Downloads\MANDATE-REFERENCE000000000000003411.pdf
[INFO ] 2021-03-02 10:06:29.380 [TestNG-test=Document Signature Test-1] PdfManager - Files in the downloaded directory are C:\Users\A687416\Downloads\MANDATE-REFERENCE000000000000003412.pdf
[INFO ] 2021-03-02 10:06:29.380 [TestNG-test=Document Signature Test-1] PdfManager - Files in the downloaded directory are C:\Users\A687416\Downloads\MANDATE-REFERENCE000000000000003413.pdf
[INFO ] 2021-03-02 10:06:29.380 [TestNG-test=Document Signature Test-1] PdfManager - Files in the downloaded directory are C:\Users\A687416\Downloads\MANDATE-REFERENCE000000000000003414.pdf
[INFO ] 2021-03-02 10:06:29.380 [TestNG-test=Document Signature Test-1] PdfManager - Files in the downloaded directory are C:\Users\A687416\Downloads\MANDATE-REFERENCE000000000000003472.pdf
[INFO ] 2021-03-02 10:06:29.380 [TestNG-test=Document Signature Test-1] PdfManager - Files in the downloaded directory are C:\Users\A687416\Downloads\Mandates_Results8989578312458988145
[INFO ] 2021-03-02 10:06:29.381 [TestNG-test=Document Signature Test-1] PdfManager - Files in the downloaded directory are C:\Users\A687416\Downloads\Mandates_Results8989578312458988145.zip
[INFO ] 2021-03-02 10:06:29.381 [TestNG-test=Document Signature Test-1] PdfManager - Files in the downloaded directory are C:\Users\A687416\Downloads\mattermost-desktop-setup-4.6.2-win.exe
[INFO ] 2021-03-02 10:06:29.381 [TestNG-test=Document Signature Test-1] PdfManager - Files in the downloaded directory are C:\Users\A687416\Downloads\Meeting6Dec2020.pdf
[INFO ] 2021-03-02 10:06:29.381 [TestNG-test=Document Signature Test-1] PdfManager - Files in the downloaded directory are C:\Users\A687416\Downloads\Net Bills.docx
[INFO ] 2021-03-02 10:06:29.381 [TestNG-test=Document Signature Test-1] PdfManager - Files in the downloaded directory are C:\Users\A687416\Downloads\Net Bills.pdf
[INFO ] 2021-03-02 10:06:29.381 [TestNG-test=Document Signature Test-1] PdfManager - Files in the downloaded directory are C:\Users\A687416\Downloads\New Document 4.pdf
[INFO ] 2021-03-02 10:06:29.381 [TestNG-test=Document Signature Test-1] PdfManager - Files in the downloaded directory are C:\Users\A687416\Downloads\New folder
[INFO ] 2021-03-02 10:06:29.382 [TestNG-test=Document Signature Test-1] PdfManager - Files in the downloaded directory are C:\Users\A687416\Downloads\New folder.zip
[INFO ] 2021-03-02 10:06:29.383 [TestNG-test=Document Signature Test-1] PdfManager - Files in the downloaded directory are C:\Users\A687416\Downloads\Nomination_form_LL2 (1).pdf
[INFO ] 2021-03-02 10:06:29.383 [TestNG-test=Document Signature Test-1] PdfManager - Files in the downloaded directory are C:\Users\A687416\Downloads\Nomination_form_LL2.pdf
[INFO ] 2021-03-02 10:06:29.383 [TestNG-test=Document Signature Test-1] PdfManager - Files in the downloaded directory are C:\Users\A687416\Downloads\OpAccountDetailsRet19-02-2021.pdf
[INFO ] 2021-03-02 10:06:29.383 [TestNG-test=Document Signature Test-1] PdfManager - Files in the downloaded directory are C:\Users\A687416\Downloads\OpAccountSummary27-01-2021.pdf
[INFO ] 2021-03-02 10:06:29.383 [TestNG-test=Document Signature Test-1] PdfManager - Files in the downloaded directory are C:\Users\A687416\Downloads\OpMiniStatement19-02-2021.pdf
[INFO ] 2021-03-02 10:06:29.383 [TestNG-test=Document Signature Test-1] PdfManager - Files in the downloaded directory are C:\Users\A687416\Downloads\OpMiniStatement27-01-2021.pdf
[INFO ] 2021-03-02 10:06:29.383 [TestNG-test=Document Signature Test-1] PdfManager - Files in the downloaded directory are C:\Users\A687416\Downloads\OpTransactionHistory01-03-2021.xls
[INFO ] 2021-03-02 10:06:29.384 [TestNG-test=Document Signature Test-1] PdfManager - Files in the downloaded directory are C:\Users\A687416\Downloads\OpTransactionHistory27-01-2021.pdf
[INFO ] 2021-03-02 10:06:29.384 [TestNG-test=Document Signature Test-1] PdfManager - Files in the downloaded directory are C:\Users\A687416\Downloads\OpTransactionHistory28-02-2021.xls
[INFO ] 2021-03-02 10:06:29.384 [TestNG-test=Document Signature Test-1] PdfManager - Files in the downloaded directory are C:\Users\A687416\Downloads\OpTransactionHistoryTpr19-02-2021.xls
[INFO ] 2021-03-02 10:06:29.384 [TestNG-test=Document Signature Test-1] PdfManager - Files in the downloaded directory are C:\Users\A687416\Downloads\OpTransactionHistoryTpr28-02-2021.pdf
[INFO ] 2021-03-02 10:06:29.384 [TestNG-test=Document Signature Test-1] PdfManager - Files in the downloaded directory are C:\Users\A687416\Downloads\Preview _step6.ftl
[INFO ] 2021-03-02 10:06:29.384 [TestNG-test=Document Signature Test-1] PdfManager - Files in the downloaded directory are C:\Users\A687416\Downloads\PulseSecureAppLauncher.msi
[INFO ] 2021-03-02 10:06:29.385 [TestNG-test=Document Signature Test-1] PdfManager - Files in the downloaded directory are C:\Users\A687416\Downloads\PXL_20210130_180239703.NIGHT.jpg
[INFO ] 2021-03-02 10:06:29.385 [TestNG-test=Document Signature Test-1] PdfManager - Files in the downloaded directory are C:\Users\A687416\Downloads\Rone Na Dijiyega (Jaan Tere Naam) 320Kbps.mp3
[INFO ] 2021-03-02 10:06:29.385 [TestNG-test=Document Signature Test-1] PdfManager - Files in the downloaded directory are C:\Users\A687416\Downloads\RSA Box Cricket Tournament 2021 League Schedule.pdf
[INFO ] 2021-03-02 10:06:29.385 [TestNG-test=Document Signature Test-1] PdfManager - Files in the downloaded directory are C:\Users\A687416\Downloads\Selenium Interview Question.docx
[INFO ] 2021-03-02 10:06:29.385 [TestNG-test=Document Signature Test-1] PdfManager - Files in the downloaded directory are C:\Users\A687416\Downloads\swagger-ais-v2-1-51.yaml
[INFO ] 2021-03-02 10:06:29.385 [TestNG-test=Document Signature Test-1] PdfManager - Files in the downloaded directory are C:\Users\A687416\Downloads\testWS.jmx
[INFO ] 2021-03-02 10:06:29.386 [TestNG-test=Document Signature Test-1] PdfManager - Files in the downloaded directory are C:\Users\A687416\Downloads\VedicReport17-01-202123-54-40.pdf
[INFO ] 2021-03-02 10:06:29.386 [TestNG-test=Document Signature Test-1] PdfManager - Files in the downloaded directory are C:\Users\A687416\Downloads\Vinod
[INFO ] 2021-03-02 10:06:29.386 [TestNG-test=Document Signature Test-1] PdfManager - Files in the downloaded directory are C:\Users\A687416\Downloads\webex.exe
[INFO ] 2021-03-02 10:06:29.400 [TestNG-test=Document Signature Test-1] PdfManager - Files in the downloaded directory are C:\Users\A687416\Downloads\WGS0278_SalarySlipwithTaxDetails (1).pdf
[INFO ] 2021-03-02 10:06:29.400 [TestNG-test=Document Signature Test-1] PdfManager - Files in the downloaded directory are C:\Users\A687416\Downloads\WGS0278_SalarySlipwithTaxDetails (2).pdf
[INFO ] 2021-03-02 10:06:29.400 [TestNG-test=Document Signature Test-1] PdfManager - Files in the downloaded directory are C:\Users\A687416\Downloads\WGS0278_SalarySlipwithTaxDetails.pdf
[INFO ] 2021-03-02 10:06:29.400 [TestNG-test=Document Signature Test-1] PdfManager - Files in the downloaded directory are C:\Users\A687416\Downloads\WhatsApp Image 2021-01-30 at 23.27.06-converted.pdf
[INFO ] 2021-03-02 10:06:29.401 [TestNG-test=Document Signature Test-1] PdfManager - Files in the downloaded directory are C:\Users\A687416\Downloads\WhatsApp Image 2021-01-30 at 23.27.06.jpeg
[INFO ] 2021-03-02 10:06:29.401 [TestNG-test=Document Signature Test-1] PdfManager - Files in the downloaded directory are C:\Users\A687416\Downloads\WhatsApp Image 2021-01-31 at 15.00.45 (1).jpeg
[INFO ] 2021-03-02 10:06:29.401 [TestNG-test=Document Signature Test-1] PdfManager - Files in the downloaded directory are C:\Users\A687416\Downloads\WhatsApp Image 2021-01-31 at 15.00.45.jpeg
[INFO ] 2021-03-02 10:06:29.401 [TestNG-test=Document Signature Test-1] PdfManager - Files in the downloaded directory are C:\Users\A687416\Downloads\WhatsApp Image 2021-01-31 at 15.00.49.jpeg
[INFO ] 2021-03-02 10:06:29.401 [TestNG-test=Document Signature Test-1] PdfManager - Files in the downloaded directory are C:\Users\A687416\Downloads\WhatsApp Image 2021-01-31 at 15.00.49.jpg
[INFO ] 2021-03-02 10:06:29.401 [TestNG-test=Document Signature Test-1] PdfManager - Files in the downloaded directory are C:\Users\A687416\Downloads\WhatsApp Image 2021-02-03 at 21.31.26.jpeg
[INFO ] 2021-03-02 10:06:29.401 [TestNG-test=Document Signature Test-1] PdfManager - Files in the downloaded directory are C:\Users\A687416\Downloads\WhatsApp Image 2021-02-16 at 21.01.25.jpeg
[INFO ] 2021-03-02 10:06:29.402 [TestNG-test=Document Signature Test-1] PdfManager - Files in the downloaded directory are C:\Users\A687416\Downloads\WhatsApp Image 2021-02-28 at 21.06.36.jpeg
[INFO ] 2021-03-02 10:06:29.402 [TestNG-test=Document Signature Test-1] PdfManager - Files in the downloaded directory are C:\Users\A687416\Downloads\Zoom_cm_fi745yZ9vvrZo4_mj--O0Xz1qjWyhzVIGv7uREn9nopC6QwTfdNL@tqopKJ9+vulD3ffC_k649ea106e85553d0_.exe
[INFO ] 2021-03-02 10:06:29.402 [TestNG-test=Document Signature Test-1] PdfManager - Files in the downloaded directory are C:\Users\A687416\Downloads\Zoom_cm_fnvu8b85fkZ9vvrZo4_mcEF4OotV6Vom94a68Swl8vGXFzTznDYpW5vp@H-5bC8C1h4cWCvF3_kaa679013ce587879_.exe
[INFO ] 2021-03-02 10:06:29.402 [TestNG-test=Document Signature Test-1] PdfManager - Files in the downloaded directory are C:\Users\A687416\Downloads\~WRL0001.tmp
[INFO ] 2021-03-02 10:06:30.986 [TestNG-test=Document Signature Test-1] UserActions - Page loaded sucessfully ......
[INFO ] 2021-03-02 10:06:33.015 [TestNG-test=Document Signature Test-1] UserActions - Button: By.name: buttonReturnCreditorSite clicked
