[INFO ] 2020-11-29 01:25:20.973 [TestNG-test=Regression for SPS-SDD Event Report-1] BasePage - Execution environment - RCI
[INFO ] 2020-11-29 01:25:21.878 [TestNG-test=Regression for SPS-SDD Event Report-1] BasePage - Execution URL - https://ssl-product-creditor-web.vm-rct.stg.as8677.net/creditor/rm/login
[INFO ] 2020-11-29 01:25:21.882 [TestNG-test=Regression for SPS-SDD Event Report-1] BasePage - hubURL - http://selenium-hub:4444/wd/hub
[INFO ] 2020-11-29 01:25:21.882 [TestNG-test=Regression for SPS-SDD Event Report-1] BasePage - Execution browser - chromelocal
[INFO ] 2020-11-29 01:25:36.129 [TestNG-test=Regression for SPS-SDD Event Report-1] BasePage - Initialized chrome browser driver
[INFO ] 2020-11-29 01:37:10.091 [TestNG-test=Regression for SPS-SDD Event Report-1] BasePage - Execution environment - RCI
[INFO ] 2020-11-29 01:37:11.309 [TestNG-test=Regression for SPS-SDD Event Report-1] BasePage - Execution URL - https://ssl-product-creditor-web.vm-rct.stg.as8677.net/creditor/rm/login
[INFO ] 2020-11-29 01:37:11.313 [TestNG-test=Regression for SPS-SDD Event Report-1] BasePage - hubURL - http://selenium-hub:4444/wd/hub
[INFO ] 2020-11-29 01:37:11.313 [TestNG-test=Regression for SPS-SDD Event Report-1] BasePage - Execution browser - chromelocal
[INFO ] 2020-11-29 01:37:25.974 [TestNG-test=Regression for SPS-SDD Event Report-1] BasePage - Initialized chrome browser driver
[INFO ] 2020-11-29 01:40:05.947 [TestNG-test=Regression for SPS-SDD Event Report-1] BasePage - Execution environment - RCI
[INFO ] 2020-11-29 01:40:06.901 [TestNG-test=Regression for SPS-SDD Event Report-1] BasePage - Execution URL - https://ssl-product-creditor-web.vm-rct.stg.as8677.net/creditor/rm/login
[INFO ] 2020-11-29 01:40:06.901 [TestNG-test=Regression for SPS-SDD Event Report-1] BasePage - hubURL - http://selenium-hub:4444/wd/hub
[INFO ] 2020-11-29 01:40:06.905 [TestNG-test=Regression for SPS-SDD Event Report-1] BasePage - Execution browser - chromelocal
[INFO ] 2020-11-29 01:40:22.605 [TestNG-test=Regression for SPS-SDD Event Report-1] BasePage - Initialized chrome browser driver
[INFO ] 2020-11-29 01:43:35.156 [TestNG-test=Regression for SPS-SDD Event Report-1] BasePage - Execution environment - RCI
[INFO ] 2020-11-29 01:43:36.212 [TestNG-test=Regression for SPS-SDD Event Report-1] BasePage - Execution URL - https://ssl-product-creditor-web.vm-rct.stg.as8677.net/creditor/rm/login
[INFO ] 2020-11-29 01:43:36.218 [TestNG-test=Regression for SPS-SDD Event Report-1] BasePage - hubURL - http://selenium-hub:4444/wd/hub
[INFO ] 2020-11-29 01:43:36.218 [TestNG-test=Regression for SPS-SDD Event Report-1] BasePage - Execution browser - chromelocal
[INFO ] 2020-11-29 01:43:52.623 [TestNG-test=Regression for SPS-SDD Event Report-1] BasePage - Initialized chrome browser driver
[INFO ] 2020-11-29 01:44:39.493 [TestNG-test=Regression for SPS-SDD Event Report-1] BasePage - Execution environment - RCI
[INFO ] 2020-11-29 01:44:41.011 [TestNG-test=Regression for SPS-SDD Event Report-1] BasePage - Execution URL - https://ssl-product-creditor-web.vm-rct.stg.as8677.net/creditor/rm/login
[INFO ] 2020-11-29 01:44:41.016 [TestNG-test=Regression for SPS-SDD Event Report-1] BasePage - hubURL - http://selenium-hub:4444/wd/hub
[INFO ] 2020-11-29 01:44:41.016 [TestNG-test=Regression for SPS-SDD Event Report-1] BasePage - Execution browser - chromelocal
[INFO ] 2020-11-29 01:44:54.454 [TestNG-test=Regression for SPS-SDD Event Report-1] BasePage - Initialized chrome browser driver
[INFO ] 2020-11-29 01:50:33.564 [TestNG-test=Regression for SPS-SDD Event Report-1] BasePage - Execution environment - RCI
[INFO ] 2020-11-29 01:50:34.780 [TestNG-test=Regression for SPS-SDD Event Report-1] BasePage - Execution URL - https://ssl-product-creditor-web.vm-rct.stg.as8677.net/creditor/rm/login
[INFO ] 2020-11-29 01:50:34.783 [TestNG-test=Regression for SPS-SDD Event Report-1] BasePage - hubURL - http://selenium-hub:4444/wd/hub
[INFO ] 2020-11-29 01:50:34.783 [TestNG-test=Regression for SPS-SDD Event Report-1] BasePage - Execution browser - chromelocal
[INFO ] 2020-11-29 01:50:50.166 [TestNG-test=Regression for SPS-SDD Event Report-1] BasePage - Initialized chrome browser driver
[INFO ] 2020-11-29 01:55:11.176 [TestNG-test=Regression for SPS-SDD Event Report-1] BasePage - Execution environment - RCI
[INFO ] 2020-11-29 01:55:12.306 [TestNG-test=Regression for SPS-SDD Event Report-1] BasePage - Execution URL - https://ssl-product-creditor-web.vm-rct.stg.as8677.net/creditor/rm/login
[INFO ] 2020-11-29 01:55:12.309 [TestNG-test=Regression for SPS-SDD Event Report-1] BasePage - hubURL - http://selenium-hub:4444/wd/hub
[INFO ] 2020-11-29 01:55:12.309 [TestNG-test=Regression for SPS-SDD Event Report-1] BasePage - Execution browser - chromelocal
[INFO ] 2020-11-29 01:55:29.737 [TestNG-test=Regression for SPS-SDD Event Report-1] BasePage - Initialized chrome browser driver
[INFO ] 2020-11-29 01:57:48.517 [TestNG-test=Regression for SPS-SDD Event Report-1] BasePage - Execution environment - RCI
[INFO ] 2020-11-29 01:57:49.484 [TestNG-test=Regression for SPS-SDD Event Report-1] BasePage - Execution URL - https://ssl-product-creditor-web.vm-rct.stg.as8677.net/creditor/rm/login
[INFO ] 2020-11-29 01:57:49.488 [TestNG-test=Regression for SPS-SDD Event Report-1] BasePage - hubURL - http://selenium-hub:4444/wd/hub
[INFO ] 2020-11-29 01:57:49.488 [TestNG-test=Regression for SPS-SDD Event Report-1] BasePage - Execution browser - chromelocal
[INFO ] 2020-11-29 01:58:03.136 [TestNG-test=Regression for SPS-SDD Event Report-1] BasePage - Initialized chrome browser driver
[INFO ] 2020-11-29 01:59:39.550 [TestNG-test=Regression for SPS-SDD Event Report-1] BasePage - Execution environment - RCI
[INFO ] 2020-11-29 01:59:40.540 [TestNG-test=Regression for SPS-SDD Event Report-1] BasePage - Execution URL - https://ssl-product-creditor-web.vm-rct.stg.as8677.net/creditor/rm/login
[INFO ] 2020-11-29 01:59:40.544 [TestNG-test=Regression for SPS-SDD Event Report-1] BasePage - hubURL - http://selenium-hub:4444/wd/hub
[INFO ] 2020-11-29 01:59:40.544 [TestNG-test=Regression for SPS-SDD Event Report-1] BasePage - Execution browser - chromelocal
[INFO ] 2020-11-29 01:59:54.643 [TestNG-test=Regression for SPS-SDD Event Report-1] BasePage - Initialized chrome browser driver
[INFO ] 2020-11-29 02:00:57.580 [TestNG-test=Regression for SPS-SDD Event Report-1] BasePage - Execution environment - RCI
[INFO ] 2020-11-29 02:00:58.485 [TestNG-test=Regression for SPS-SDD Event Report-1] BasePage - Execution URL - https://ssl-product-creditor-web.vm-rct.stg.as8677.net/creditor/rm/login
[INFO ] 2020-11-29 02:00:58.485 [TestNG-test=Regression for SPS-SDD Event Report-1] BasePage - hubURL - http://selenium-hub:4444/wd/hub
[INFO ] 2020-11-29 02:00:58.485 [TestNG-test=Regression for SPS-SDD Event Report-1] BasePage - Execution browser - chromelocal
[INFO ] 2020-11-29 02:01:12.280 [TestNG-test=Regression for SPS-SDD Event Report-1] BasePage - Initialized chrome browser driver
[INFO ] 2020-11-29 02:07:25.274 [TestNG-test=Regression for SPS-SDD Event Report-1] BasePage - Execution environment - RCI
[INFO ] 2020-11-29 02:07:26.274 [TestNG-test=Regression for SPS-SDD Event Report-1] BasePage - Execution URL - https://ssl-product-creditor-web.vm-rct.stg.as8677.net/creditor/rm/login
[INFO ] 2020-11-29 02:07:26.282 [TestNG-test=Regression for SPS-SDD Event Report-1] BasePage - hubURL - http://selenium-hub:4444/wd/hub
[INFO ] 2020-11-29 02:07:26.282 [TestNG-test=Regression for SPS-SDD Event Report-1] BasePage - Execution browser - chromelocal
[INFO ] 2020-11-29 02:07:40.103 [TestNG-test=Regression for SPS-SDD Event Report-1] BasePage - Initialized chrome browser driver
[INFO ] 2020-11-29 02:09:18.750 [TestNG-test=Regression for SPS-SDD Event Report-1] BasePage - Execution environment - RCI
[INFO ] 2020-11-29 02:09:19.941 [TestNG-test=Regression for SPS-SDD Event Report-1] BasePage - Execution URL - https://ssl-product-creditor-web.vm-rct.stg.as8677.net/creditor/rm/login
[INFO ] 2020-11-29 02:09:19.945 [TestNG-test=Regression for SPS-SDD Event Report-1] BasePage - hubURL - http://selenium-hub:4444/wd/hub
[INFO ] 2020-11-29 02:09:19.945 [TestNG-test=Regression for SPS-SDD Event Report-1] BasePage - Execution browser - chromelocal
[INFO ] 2020-11-29 02:09:33.914 [TestNG-test=Regression for SPS-SDD Event Report-1] BasePage - Initialized chrome browser driver
[INFO ] 2020-11-29 02:11:46.700 [TestNG-test=Regression for SPS-SDD Event Report-1] BasePage - Execution environment - RCI
[INFO ] 2020-11-29 02:11:47.570 [TestNG-test=Regression for SPS-SDD Event Report-1] BasePage - Execution URL - https://ssl-product-creditor-web.vm-rct.stg.as8677.net/creditor/rm/login
[INFO ] 2020-11-29 02:11:47.570 [TestNG-test=Regression for SPS-SDD Event Report-1] BasePage - hubURL - http://selenium-hub:4444/wd/hub
[INFO ] 2020-11-29 02:11:47.574 [TestNG-test=Regression for SPS-SDD Event Report-1] BasePage - Execution browser - chromelocal
[INFO ] 2020-11-29 02:12:02.843 [TestNG-test=Regression for SPS-SDD Event Report-1] BasePage - Initialized chrome browser driver
[INFO ] 2020-11-29 02:15:19.498 [TestNG-test=Regression for SPS-SDD Event Report-1] BasePage - Execution environment - RCI
[INFO ] 2020-11-29 02:15:20.404 [TestNG-test=Regression for SPS-SDD Event Report-1] BasePage - Execution URL - https://ssl-product-creditor-web.vm-rct.stg.as8677.net/creditor/rm/login
[INFO ] 2020-11-29 02:15:20.408 [TestNG-test=Regression for SPS-SDD Event Report-1] BasePage - hubURL - http://selenium-hub:4444/wd/hub
[INFO ] 2020-11-29 02:15:20.408 [TestNG-test=Regression for SPS-SDD Event Report-1] BasePage - Execution browser - chromelocal
[INFO ] 2020-11-29 02:15:39.731 [TestNG-test=Regression for SPS-SDD Event Report-1] BasePage - Initialized chrome browser driver
[INFO ] 2020-11-29 02:15:46.130 [TestNG-test=Regression for SPS-SDD Event Report-1] UserActions - Text Field: 'By.xpath: .//*[@id='wrapper']/fieldset/form/p[1]/input'. Value 'atos' entered
[INFO ] 2020-11-29 02:15:46.829 [TestNG-test=Regression for SPS-SDD Event Report-1] UserActions - Text Field: 'By.xpath: .//*[@id='wrapper']/fieldset/form/p[2]/input'. Value 'atosatos' entered
[INFO ] 2020-11-29 02:15:47.267 [TestNG-test=Regression for SPS-SDD Event Report-1] LoginPage - User default logged sucessfully....
[INFO ] 2020-11-29 02:15:50.775 [TestNG-test=Regression for SPS-SDD Event Report-1] UserActions - Link: ' By.id: bthp' clicked
[INFO ] 2020-11-29 02:15:55.071 [TestNG-test=Regression for SPS-SDD Event Report-1] UserActions - Page loaded sucessfully ......
[INFO ] 2020-11-29 02:15:55.071 [TestNG-test=Regression for SPS-SDD Event Report-1] UserActions - Link: ' By.xpath: .//*[@id='pageMenu']/ul/li/a[contains(text(),'Mandates Management')]' clicked
[INFO ] 2020-11-29 02:16:03.042 [TestNG-test=Regression for SPS-SDD Event Report-1] UserActions - Link: ' By.name: search' clicked
[INFO ] 2020-11-29 02:16:05.963 [TestNG-test=Regression for SPS-SDD Event Report-1] UserActions - Page loaded sucessfully ......
[INFO ] 2020-11-29 02:16:07.133 [TestNG-test=Regression for SPS-SDD Event Report-1] UserActions - click with JS : ' By.xpath: //div[@class='buttonBar']//a[contains(text(),'Create SDD')]' clicked
[INFO ] 2020-11-29 02:16:07.923 [TestNG-test=Regression for SPS-SDD Event Report-1] UserActions - Text Field: 'By.xpath: //*[@id='dueDateField']'. Value '29/11/2020' entered
[INFO ] 2020-11-29 02:16:09.717 [TestNG-test=Regression for SPS-SDD Event Report-1] UserActions - Text Field: 'By.xpath: //*[@id='amount']'. Value '22' entered
[INFO ] 2020-11-29 02:16:10.396 [TestNG-test=Regression for SPS-SDD Event Report-1] UserActions - Text Field: 'By.xpath: //*[@id='endToEndId']'. Value '189708' entered
[INFO ] 2020-11-29 02:16:11.063 [TestNG-test=Regression for SPS-SDD Event Report-1] UserActions - Text Field: 'By.xpath: .//*[@id='initiatorTxRef']'. Value '137453' entered
[INFO ] 2020-11-29 02:16:11.413 [TestNG-test=Regression for SPS-SDD Event Report-1] UserActions - Link: ' By.xpath: .//*[@id='generatePreNotification']' clicked
[INFO ] 2020-11-29 02:16:14.645 [TestNG-test=Regression for SPS-SDD Event Report-1] UserActions - Link: ' By.xpath: .//*[@id='sddCreateForm']/div[3]/input[1]' clicked
[INFO ] 2020-11-29 02:18:30.287 [TestNG-test=Regression for SPS-SDD Event Report-1] BasePage - Execution environment - RCI
[INFO ] 2020-11-29 02:18:31.798 [TestNG-test=Regression for SPS-SDD Event Report-1] BasePage - Execution URL - https://ssl-product-creditor-web.vm-rct.stg.as8677.net/creditor/rm/login
[INFO ] 2020-11-29 02:18:31.802 [TestNG-test=Regression for SPS-SDD Event Report-1] BasePage - hubURL - http://selenium-hub:4444/wd/hub
[INFO ] 2020-11-29 02:18:31.803 [TestNG-test=Regression for SPS-SDD Event Report-1] BasePage - Execution browser - chromelocal
[INFO ] 2020-11-29 02:18:48.729 [TestNG-test=Regression for SPS-SDD Event Report-1] BasePage - Initialized chrome browser driver
[INFO ] 2020-11-29 02:18:56.230 [TestNG-test=Regression for SPS-SDD Event Report-1] UserActions - Text Field: 'By.xpath: .//*[@id='wrapper']/fieldset/form/p[1]/input'. Value 'atos' entered
[INFO ] 2020-11-29 02:18:57.387 [TestNG-test=Regression for SPS-SDD Event Report-1] UserActions - Text Field: 'By.xpath: .//*[@id='wrapper']/fieldset/form/p[2]/input'. Value 'atosatos' entered
[INFO ] 2020-11-29 02:18:57.850 [TestNG-test=Regression for SPS-SDD Event Report-1] LoginPage - User default logged sucessfully....
[INFO ] 2020-11-29 02:19:02.963 [TestNG-test=Regression for SPS-SDD Event Report-1] UserActions - Link: ' By.id: bthp' clicked
[INFO ] 2020-11-29 02:19:07.436 [TestNG-test=Regression for SPS-SDD Event Report-1] UserActions - Page loaded sucessfully ......
[INFO ] 2020-11-29 02:19:07.436 [TestNG-test=Regression for SPS-SDD Event Report-1] UserActions - Link: ' By.xpath: .//*[@id='pageMenu']/ul/li/a[contains(text(),'Mandates Management')]' clicked
[INFO ] 2020-11-29 02:19:14.747 [TestNG-test=Regression for SPS-SDD Event Report-1] UserActions - Link: ' By.name: search' clicked
[INFO ] 2020-11-29 02:19:18.338 [TestNG-test=Regression for SPS-SDD Event Report-1] UserActions - Page loaded sucessfully ......
[INFO ] 2020-11-29 02:19:19.944 [TestNG-test=Regression for SPS-SDD Event Report-1] UserActions - click with JS : ' By.xpath: //div[@class='buttonBar']//a[contains(text(),'Create SDD')]' clicked
[INFO ] 2020-11-29 02:19:20.651 [TestNG-test=Regression for SPS-SDD Event Report-1] UserActions - Text Field: 'By.xpath: //*[@id='dueDateField']'. Value '29/11/2020' entered
[INFO ] 2020-11-29 02:19:22.193 [TestNG-test=Regression for SPS-SDD Event Report-1] UserActions - Text Field: 'By.xpath: //*[@id='amount']'. Value '22' entered
[INFO ] 2020-11-29 02:19:22.765 [TestNG-test=Regression for SPS-SDD Event Report-1] UserActions - Text Field: 'By.xpath: //*[@id='endToEndId']'. Value '152203' entered
[INFO ] 2020-11-29 02:19:23.349 [TestNG-test=Regression for SPS-SDD Event Report-1] UserActions - Text Field: 'By.xpath: .//*[@id='initiatorTxRef']'. Value '198992' entered
[INFO ] 2020-11-29 02:19:23.646 [TestNG-test=Regression for SPS-SDD Event Report-1] UserActions - Link: ' By.xpath: .//*[@id='generatePreNotification']' clicked
[INFO ] 2020-11-29 02:19:27.078 [TestNG-test=Regression for SPS-SDD Event Report-1] UserActions - Link: ' By.xpath: .//*[@id='sddCreateForm']/div[3]/input[1]' clicked
[INFO ] 2020-11-29 02:20:49.476 [TestNG-test=Regression for SPS-SDD Event Report-1] BasePage - Execution environment - RCI
[INFO ] 2020-11-29 02:20:50.322 [TestNG-test=Regression for SPS-SDD Event Report-1] BasePage - Execution URL - https://ssl-product-creditor-web.vm-rct.stg.as8677.net/creditor/rm/login
[INFO ] 2020-11-29 02:20:50.326 [TestNG-test=Regression for SPS-SDD Event Report-1] BasePage - hubURL - http://selenium-hub:4444/wd/hub
[INFO ] 2020-11-29 02:20:50.326 [TestNG-test=Regression for SPS-SDD Event Report-1] BasePage - Execution browser - chromelocal
[INFO ] 2020-11-29 02:21:04.486 [TestNG-test=Regression for SPS-SDD Event Report-1] BasePage - Initialized chrome browser driver
[INFO ] 2020-11-29 02:21:11.419 [TestNG-test=Regression for SPS-SDD Event Report-1] UserActions - Text Field: 'By.xpath: .//*[@id='wrapper']/fieldset/form/p[1]/input'. Value 'atos' entered
[INFO ] 2020-11-29 02:21:12.018 [TestNG-test=Regression for SPS-SDD Event Report-1] UserActions - Text Field: 'By.xpath: .//*[@id='wrapper']/fieldset/form/p[2]/input'. Value 'atosatos' entered
[INFO ] 2020-11-29 02:21:12.401 [TestNG-test=Regression for SPS-SDD Event Report-1] LoginPage - User default logged sucessfully....
[INFO ] 2020-11-29 02:21:15.563 [TestNG-test=Regression for SPS-SDD Event Report-1] UserActions - Link: ' By.id: bthp' clicked
[INFO ] 2020-11-29 02:21:19.190 [TestNG-test=Regression for SPS-SDD Event Report-1] UserActions - Page loaded sucessfully ......
[INFO ] 2020-11-29 02:21:19.190 [TestNG-test=Regression for SPS-SDD Event Report-1] UserActions - Link: ' By.xpath: .//*[@id='pageMenu']/ul/li/a[contains(text(),'Mandates Management')]' clicked
[INFO ] 2020-11-29 02:21:26.318 [TestNG-test=Regression for SPS-SDD Event Report-1] UserActions - Link: ' By.name: search' clicked
[INFO ] 2020-11-29 02:21:28.526 [TestNG-test=Regression for SPS-SDD Event Report-1] UserActions - Page loaded sucessfully ......
[INFO ] 2020-11-29 02:21:29.876 [TestNG-test=Regression for SPS-SDD Event Report-1] UserActions - click with JS : ' By.xpath: //div[@class='buttonBar']//a[contains(text(),'Create SDD')]' clicked
[INFO ] 2020-11-29 02:21:30.652 [TestNG-test=Regression for SPS-SDD Event Report-1] UserActions - Text Field: 'By.xpath: //*[@id='dueDateField']'. Value '29/11/2020' entered
[INFO ] 2020-11-29 02:21:32.754 [TestNG-test=Regression for SPS-SDD Event Report-1] UserActions - Text Field: 'By.xpath: //*[@id='amount']'. Value '22' entered
[INFO ] 2020-11-29 02:21:33.329 [TestNG-test=Regression for SPS-SDD Event Report-1] UserActions - Text Field: 'By.xpath: //*[@id='endToEndId']'. Value '187620' entered
[INFO ] 2020-11-29 02:21:33.930 [TestNG-test=Regression for SPS-SDD Event Report-1] UserActions - Text Field: 'By.xpath: .//*[@id='initiatorTxRef']'. Value '183877' entered
[INFO ] 2020-11-29 02:21:34.191 [TestNG-test=Regression for SPS-SDD Event Report-1] UserActions - Link: ' By.xpath: .//*[@id='generatePreNotification']' clicked
[INFO ] 2020-11-29 02:21:36.526 [TestNG-test=Regression for SPS-SDD Event Report-1] UserActions - Link: ' By.xpath: .//*[@id='sddCreateForm']/div[3]/input[1]' clicked
