[INFO ] 2020-12-24 13:34:36.600 [main] SignHomePage - environment - null
[INFO ] 2020-12-24 13:37:17.247 [TestNG-test=Regression for SPS-SDD Event Report-1] BasePage - Execution environment - RCI
[INFO ] 2020-12-24 13:37:18.157 [TestNG-test=Regression for SPS-SDD Event Report-1] BasePage - Execution URL - https://ssl-product-creditor-web.vm-rct.stg.as8677.net/creditor/rm/login
[INFO ] 2020-12-24 13:37:18.157 [TestNG-test=Regression for SPS-SDD Event Report-1] BasePage - hubURL - http://selenium-hub:4444/wd/hub
[INFO ] 2020-12-24 13:37:18.157 [TestNG-test=Regression for SPS-SDD Event Report-1] BasePage - Execution browser - chromelocal
[INFO ] 2020-12-24 13:37:27.732 [TestNG-test=Regression for SPS-SDD Event Report-1] BasePage - Initialized chrome browser driver
[INFO ] 2020-12-24 13:37:29.697 [TestNG-test=Regression for SPS-SDD Event Report-1] SignHomePage - environment - RCI
[INFO ] 2020-12-24 13:39:20.564 [TestNG-test=Regression for SPS-SDD Event Report-1] BasePage - Execution environment - RCI
[INFO ] 2020-12-24 13:39:21.445 [TestNG-test=Regression for SPS-SDD Event Report-1] BasePage - Execution URL - https://ssl-product-creditor-web.vm-rct.stg.as8677.net/creditor/rm/login
[INFO ] 2020-12-24 13:39:21.445 [TestNG-test=Regression for SPS-SDD Event Report-1] BasePage - hubURL - http://selenium-hub:4444/wd/hub
[INFO ] 2020-12-24 13:39:21.445 [TestNG-test=Regression for SPS-SDD Event Report-1] BasePage - Execution browser - chromelocal
[INFO ] 2020-12-24 13:39:30.713 [TestNG-test=Regression for SPS-SDD Event Report-1] BasePage - Initialized chrome browser driver
[INFO ] 2020-12-24 13:40:30.050 [TestNG-test=Regression for SPS-SDD Event Report-1] BasePage - Execution environment - RCI
[INFO ] 2020-12-24 13:40:30.869 [TestNG-test=Regression for SPS-SDD Event Report-1] BasePage - Execution URL - https://ssl-product-creditor-web.vm-rct.stg.as8677.net/creditor/rm/login
[INFO ] 2020-12-24 13:40:30.869 [TestNG-test=Regression for SPS-SDD Event Report-1] BasePage - hubURL - http://selenium-hub:4444/wd/hub
[INFO ] 2020-12-24 13:40:30.869 [TestNG-test=Regression for SPS-SDD Event Report-1] BasePage - Execution browser - chromelocal
[INFO ] 2020-12-24 13:40:39.053 [TestNG-test=Regression for SPS-SDD Event Report-1] BasePage - Initialized chrome browser driver
[INFO ] 2020-12-24 16:33:09.078 [TestNG-test=Regression for SPS-SDD Event Report-1] BasePage - Execution environment - RCI
[INFO ] 2020-12-24 16:33:10.261 [TestNG-test=Regression for SPS-SDD Event Report-1] BasePage - Execution URL - https://ssl-product-creditor-web.vm-rct.stg.as8677.net/creditor/rm/login
[INFO ] 2020-12-24 16:33:10.263 [TestNG-test=Regression for SPS-SDD Event Report-1] BasePage - hubURL - http://selenium-hub:4444/wd/hub
[INFO ] 2020-12-24 16:33:10.264 [TestNG-test=Regression for SPS-SDD Event Report-1] BasePage - Execution browser - chromelocal
[INFO ] 2020-12-24 16:33:22.087 [TestNG-test=Regression for SPS-SDD Event Report-1] BasePage - Initialized chrome browser driver
[INFO ] 2020-12-24 16:33:23.277 [TestNG-test=Regression for SPS-SDD Event Report-1] XMLManager - Going to sign ORG request with Private Key CN=auth.qlf.spsSign.otu.worldline.com, OU=authentification client OTU, O=Worldline, L=SECLIN, C=FR
[INFO ] 2020-12-24 16:36:22.871 [TestNG-test=Regression for SPS-SDD Event Report-1] BasePage - Execution environment - RCI
[INFO ] 2020-12-24 16:36:23.911 [TestNG-test=Regression for SPS-SDD Event Report-1] BasePage - Execution URL - https://ssl-product-creditor-web.vm-rct.stg.as8677.net/creditor/rm/login
[INFO ] 2020-12-24 16:36:23.915 [TestNG-test=Regression for SPS-SDD Event Report-1] BasePage - hubURL - http://selenium-hub:4444/wd/hub
[INFO ] 2020-12-24 16:36:23.915 [TestNG-test=Regression for SPS-SDD Event Report-1] BasePage - Execution browser - chromelocal
[INFO ] 2020-12-24 16:36:33.626 [TestNG-test=Regression for SPS-SDD Event Report-1] BasePage - Initialized chrome browser driver
[INFO ] 2020-12-24 16:52:13.983 [TestNG-test=Regression for SPS-SDD Event Report-1] BasePage - Execution environment - RCI
[INFO ] 2020-12-24 16:52:15.178 [TestNG-test=Regression for SPS-SDD Event Report-1] BasePage - Execution URL - https://ssl-product-creditor-web.vm-rct.stg.as8677.net/creditor/rm/login
[INFO ] 2020-12-24 16:52:15.190 [TestNG-test=Regression for SPS-SDD Event Report-1] BasePage - hubURL - http://selenium-hub:4444/wd/hub
[INFO ] 2020-12-24 16:52:15.191 [TestNG-test=Regression for SPS-SDD Event Report-1] BasePage - Execution browser - chromelocal
[INFO ] 2020-12-24 16:52:24.977 [TestNG-test=Regression for SPS-SDD Event Report-1] BasePage - Initialized chrome browser driver
[INFO ] 2020-12-24 17:01:44.193 [TestNG-test=Regression for SPS-SDD Event Report-1] BasePage - Execution environment - RCI
[INFO ] 2020-12-24 17:01:45.373 [TestNG-test=Regression for SPS-SDD Event Report-1] BasePage - Execution URL - https://ssl-product-creditor-web.vm-rct.stg.as8677.net/creditor/rm/login
[INFO ] 2020-12-24 17:01:45.376 [TestNG-test=Regression for SPS-SDD Event Report-1] BasePage - hubURL - http://selenium-hub:4444/wd/hub
[INFO ] 2020-12-24 17:01:45.377 [TestNG-test=Regression for SPS-SDD Event Report-1] BasePage - Execution browser - chromelocal
[INFO ] 2020-12-24 17:01:55.972 [TestNG-test=Regression for SPS-SDD Event Report-1] BasePage - Initialized chrome browser driver
[INFO ] 2020-12-24 17:02:38.437 [TestNG-test=Regression for SPS-SDD Event Report-1] XMLManager - Going to sign ORG request with Private Key CN=auth.qlf.spsSign.otu.worldline.com, OU=authentification client OTU, O=Worldline, L=SECLIN, C=FR
[INFO ] 2020-12-24 17:04:15.487 [TestNG-test=Regression for SPS-SDD Event Report-1] BasePage - Execution environment - RCI
[INFO ] 2020-12-24 17:04:16.480 [TestNG-test=Regression for SPS-SDD Event Report-1] BasePage - Execution URL - https://ssl-product-creditor-web.vm-rct.stg.as8677.net/creditor/rm/login
[INFO ] 2020-12-24 17:04:16.484 [TestNG-test=Regression for SPS-SDD Event Report-1] BasePage - hubURL - http://selenium-hub:4444/wd/hub
[INFO ] 2020-12-24 17:04:16.485 [TestNG-test=Regression for SPS-SDD Event Report-1] BasePage - Execution browser - chromelocal
[INFO ] 2020-12-24 17:04:26.861 [TestNG-test=Regression for SPS-SDD Event Report-1] BasePage - Initialized chrome browser driver
[INFO ] 2020-12-24 17:05:05.598 [TestNG-test=Regression for SPS-SDD Event Report-1] XMLManager - Going to sign ORG request with Private Key CN=auth.qlf.spsSign.otu.worldline.com, OU=authentification client OTU, O=Worldline, L=SECLIN, C=FR
[INFO ] 2020-12-24 17:27:01.971 [TestNG-test=Regression for SPS-SDD Event Report-1] BasePage - Execution environment - RCI
[INFO ] 2020-12-24 17:27:02.952 [TestNG-test=Regression for SPS-SDD Event Report-1] BasePage - Execution URL - https://ssl-product-creditor-web.vm-rct.stg.as8677.net/creditor/rm/login
[INFO ] 2020-12-24 17:27:02.955 [TestNG-test=Regression for SPS-SDD Event Report-1] BasePage - hubURL - http://selenium-hub:4444/wd/hub
[INFO ] 2020-12-24 17:27:02.955 [TestNG-test=Regression for SPS-SDD Event Report-1] BasePage - Execution browser - chromelocal
[INFO ] 2020-12-24 17:27:12.691 [TestNG-test=Regression for SPS-SDD Event Report-1] BasePage - Initialized chrome browser driver
[INFO ] 2020-12-24 17:27:45.619 [TestNG-test=Regression for SPS-SDD Event Report-1] XMLManager - Going to sign ORG request with Private Key CN=auth.qlf.spsSign.otu.worldline.com, OU=authentification client OTU, O=Worldline, L=SECLIN, C=FR
[INFO ] 2020-12-24 17:31:34.551 [TestNG-test=Regression for SPS-SDD Event Report-1] BasePage - Execution environment - RCI
[INFO ] 2020-12-24 17:31:35.681 [TestNG-test=Regression for SPS-SDD Event Report-1] BasePage - Execution URL - https://ssl-product-creditor-web.vm-rct.stg.as8677.net/creditor/rm/login
[INFO ] 2020-12-24 17:31:35.684 [TestNG-test=Regression for SPS-SDD Event Report-1] BasePage - hubURL - http://selenium-hub:4444/wd/hub
[INFO ] 2020-12-24 17:31:35.686 [TestNG-test=Regression for SPS-SDD Event Report-1] BasePage - Execution browser - chromelocal
[INFO ] 2020-12-24 17:31:44.938 [TestNG-test=Regression for SPS-SDD Event Report-1] BasePage - Initialized chrome browser driver
[INFO ] 2020-12-24 17:31:46.355 [TestNG-test=Regression for SPS-SDD Event Report-1] XMLManager - Going to sign ORG request with Private Key CN=auth.qlf.spsSign.otu.worldline.com, OU=authentification client OTU, O=Worldline, L=SECLIN, C=FR
