[INFO ] 2020-12-08 16:10:52.474 [TestNG-test=Regression for SPS-SDD Event Report-1] BasePage - Execution environment - RCI
[INFO ] 2020-12-08 16:10:53.965 [TestNG-test=Regression for SPS-SDD Event Report-1] BasePage - Execution URL - https://ssl-product-creditor-web.vm-rct.stg.as8677.net/creditor/rm/login
[INFO ] 2020-12-08 16:10:53.974 [TestNG-test=Regression for SPS-SDD Event Report-1] BasePage - hubURL - http://selenium-hub:4444/wd/hub
[INFO ] 2020-12-08 16:10:53.974 [TestNG-test=Regression for SPS-SDD Event Report-1] BasePage - Execution browser - chromelocal
[INFO ] 2020-12-08 16:11:10.466 [TestNG-test=Regression for SPS-SDD Event Report-1] BasePage - Initialized chrome browser driver
[INFO ] 2020-12-08 16:11:17.783 [TestNG-test=Regression for SPS-SDD Event Report-1] UserActions - Text Field: 'By.xpath: .//*[@id='wrapper']/fieldset/form/p[1]/input'. Value 'atos' entered
[INFO ] 2020-12-08 16:11:18.470 [TestNG-test=Regression for SPS-SDD Event Report-1] UserActions - Text Field: 'By.xpath: .//*[@id='wrapper']/fieldset/form/p[2]/input'. Value 'atosatos' entered
[INFO ] 2020-12-08 16:11:18.894 [TestNG-test=Regression for SPS-SDD Event Report-1] LoginPage - User default logged sucessfully....
[INFO ] 2020-12-08 16:11:23.214 [TestNG-test=Regression for SPS-SDD Event Report-1] UserActions - Link: ' By.id: bthp' clicked
[INFO ] 2020-12-08 16:11:28.302 [TestNG-test=Regression for SPS-SDD Event Report-1] UserActions - Page loaded sucessfully ......
[INFO ] 2020-12-08 16:11:28.302 [TestNG-test=Regression for SPS-SDD Event Report-1] UserActions - SubMenu is Present By.xpath: .//*[@id='pageMenu']/ul/ul/li/a[contains(text(),'New Creditor')]
[INFO ] 2020-12-08 16:11:29.220 [TestNG-test=Regression for SPS-SDD Event Report-1] UserActions - Text Field: 'By.xpath: //*[@id='creditorNameField']'. Value 'AutomationCreditor' entered
[INFO ] 2020-12-08 16:11:29.721 [TestNG-test=Regression for SPS-SDD Event Report-1] UserActions - Text Field: 'By.xpath: //*[@id='creditorSciField-countryIso']'. Value 'FR' entered
[INFO ] 2020-12-08 16:11:30.286 [TestNG-test=Regression for SPS-SDD Event Report-1] UserActions - Text Field: 'By.xpath: .//*[@id='creditorSciField-checkDigit']'. Value '15' entered
[INFO ] 2020-12-08 16:11:30.849 [TestNG-test=Regression for SPS-SDD Event Report-1] UserActions - Text Field: 'By.xpath: .//*[@id='creditorSciField-nationalIdentifier']'. Value '183728' entered
[INFO ] 2020-12-08 16:11:31.999 [TestNG-test=Regression for SPS-SDD Event Report-1] UserActions - Link: ' By.name: search' clicked
[INFO ] 2020-12-08 16:11:32.147 [TestNG-test=Regression for SPS-SDD Event Report-1] CreditorPage - The correct Creditor ID is The checkdigit to be used for the selected country and creditor ID is [97].
[INFO ] 2020-12-08 16:11:32.147 [TestNG-test=Regression for SPS-SDD Event Report-1] CreditorPage - 97
[INFO ] 2020-12-08 16:11:32.147 [TestNG-test=Regression for SPS-SDD Event Report-1] CreditorPage - The correct Value is 97
[INFO ] 2020-12-08 16:11:32.942 [TestNG-test=Regression for SPS-SDD Event Report-1] UserActions - Text Field: 'By.xpath: .//*[@id='creditorSciField-checkDigit']'. Value '97' entered
[INFO ] 2020-12-08 16:11:34.509 [TestNG-test=Regression for SPS-SDD Event Report-1] UserActions - Link: ' By.name: search' clicked
[INFO ] 2020-12-08 16:11:34.509 [TestNG-test=Regression for SPS-SDD Event Report-1] CreditorPage - Generate CR NAME is  :- AutomationCreditor - FR97ZZZ183728
[INFO ] 2020-12-08 16:11:35.947 [TestNG-test=Regression for SPS-SDD Event Report-1] UserActions - Link: ' By.xpath: //*[@id='pageMenu']/ul/ul/li[2]/a' clicked
[INFO ] 2020-12-08 16:11:36.651 [TestNG-test=Regression for SPS-SDD Event Report-1] UserActions - Text Field: 'By.xpath: //*[@id='creditorNameField']'. Value 'AutomationCreditorTwo' entered
[INFO ] 2020-12-08 16:11:37.247 [TestNG-test=Regression for SPS-SDD Event Report-1] UserActions - Text Field: 'By.xpath: //*[@id='creditorSciField-countryIso']'. Value 'FR' entered
[INFO ] 2020-12-08 16:11:37.767 [TestNG-test=Regression for SPS-SDD Event Report-1] UserActions - Text Field: 'By.xpath: .//*[@id='creditorSciField-checkDigit']'. Value '15' entered
[INFO ] 2020-12-08 16:11:38.355 [TestNG-test=Regression for SPS-SDD Event Report-1] UserActions - Text Field: 'By.xpath: .//*[@id='creditorSciField-nationalIdentifier']'. Value '124811' entered
[INFO ] 2020-12-08 16:11:39.616 [TestNG-test=Regression for SPS-SDD Event Report-1] UserActions - Link: ' By.name: search' clicked
[INFO ] 2020-12-08 16:11:39.748 [TestNG-test=Regression for SPS-SDD Event Report-1] CreditorPage - The correct Creditor ID is The checkdigit to be used for the selected country and creditor ID is [56].
[INFO ] 2020-12-08 16:11:39.748 [TestNG-test=Regression for SPS-SDD Event Report-1] CreditorPage - 56
[INFO ] 2020-12-08 16:11:39.748 [TestNG-test=Regression for SPS-SDD Event Report-1] CreditorPage - The correct Value is 56
[INFO ] 2020-12-08 16:11:40.609 [TestNG-test=Regression for SPS-SDD Event Report-1] UserActions - Text Field: 'By.xpath: .//*[@id='creditorSciField-checkDigit']'. Value '56' entered
[INFO ] 2020-12-08 16:11:41.928 [TestNG-test=Regression for SPS-SDD Event Report-1] UserActions - Link: ' By.name: search' clicked
[INFO ] 2020-12-08 16:11:41.929 [TestNG-test=Regression for SPS-SDD Event Report-1] CreditorPage - Generate CR NAME is  :- AutomationCreditorTwo - FR56ZZZ124811
[INFO ] 2020-12-08 16:11:46.883 [TestNG-test=Regression for SPS-SDD Event Report-1] UserActions - Page loaded sucessfully ......
[INFO ] 2020-12-08 16:11:46.884 [TestNG-test=Regression for SPS-SDD Event Report-1] UserActions - SubMenu is Present By.xpath: .//*[@id='pageMenu']/ul/ul/li/a[contains(text(),'Create Root')]
[INFO ] 2020-12-08 16:11:46.889 [TestNG-test=Regression for SPS-SDD Event Report-1] RootPage - New Root name is :AutomationRoot_20201208161146
[INFO ] 2020-12-08 16:11:47.728 [TestNG-test=Regression for SPS-SDD Event Report-1] UserActions - Text Field: 'By.xpath: .//*[@id='label']'. Value 'AutomationRoot_20201208161146' entered
[INFO ] 2020-12-08 16:11:48.366 [TestNG-test=Regression for SPS-SDD Event Report-1] UserActions - Text Field: 'By.xpath: .//*[@id='contractInfoCreat']'. Value '0202234567' entered
[INFO ] 2020-12-08 16:11:49.041 [TestNG-test=Regression for SPS-SDD Event Report-1] UserActions - Text Field: 'By.xpath: .//*[@id='phoneNumberCreation']'. Value '+9881668002' entered
[INFO ] 2020-12-08 16:11:49.427 [TestNG-test=Regression for SPS-SDD Event Report-1] UserActions - Link: ' By.xpath: .//*[@id='schemes']' clicked
[INFO ] 2020-12-08 16:11:49.868 [TestNG-test=Regression for SPS-SDD Event Report-1] UserActions - Link: ' By.xpath: .//*[@id='sequences_0']' clicked
[INFO ] 2020-12-08 16:11:50.486 [TestNG-test=Regression for SPS-SDD Event Report-1] UserActions - Text Field: 'By.xpath: .//*[@id='addresseditor-addressNumber']'. Value '23444' entered
[INFO ] 2020-12-08 16:11:51.087 [TestNG-test=Regression for SPS-SDD Event Report-1] UserActions - Text Field: 'By.xpath: .//*[@id='addresseditor-addressStreet']'. Value 'Mokai' entered
[INFO ] 2020-12-08 16:11:51.719 [TestNG-test=Regression for SPS-SDD Event Report-1] UserActions - Text Field: 'By.xpath: .//*[@id='addresseditor-addressPostCode']'. Value '411017' entered
[INFO ] 2020-12-08 16:11:52.358 [TestNG-test=Regression for SPS-SDD Event Report-1] UserActions - Text Field: 'By.xpath: .//*[@id='addresseditor-addressCity']'. Value 'Pune' entered
[INFO ] 2020-12-08 16:11:56.939 [TestNG-test=Regression for SPS-SDD Event Report-1] UserActions - Link: ' By.xpath: .//*[@id='divToHideContainer']/div[5]/input[1]' clicked
[INFO ] 2020-12-08 16:11:58.753 [TestNG-test=Regression for SPS-SDD Event Report-1] UserActions - Link: ' By.xpath: //*[@id='sciList-select']' clicked
[INFO ] 2020-12-08 16:12:00.555 [TestNG-test=Regression for SPS-SDD Event Report-1] UserActions - Link: ' By.xpath: //*[@id='sciForm']/div[3]/input[1]' clicked
[INFO ] 2020-12-08 16:12:02.729 [TestNG-test=Regression for SPS-SDD Event Report-1] UserActions - Link: ' By.xpath: //*[@id='sciList-select']' clicked
[INFO ] 2020-12-08 16:12:05.197 [TestNG-test=Regression for SPS-SDD Event Report-1] UserActions - Link: ' By.xpath: //*[@id='sciForm']/div[3]/input[1]' clicked
[INFO ] 2020-12-08 16:12:05.198 [TestNG-test=Regression for SPS-SDD Event Report-1] RootPage - bs value sis ABC
[INFO ] 2020-12-08 16:12:05.421 [TestNG-test=Regression for SPS-SDD Event Report-1] UserActions - Link: ' By.id: addrowlink' clicked
[INFO ] 2020-12-08 16:12:06.816 [TestNG-test=Regression for SPS-SDD Event Report-1] UserActions - Text Field: 'By.xpath: (//label[contains(text(),'Business Code')]//following-sibling::input)[2]'. Value 'ABC' entered
[INFO ] 2020-12-08 16:12:08.565 [TestNG-test=Regression for SPS-SDD Event Report-1] UserActions - Link: ' By.xpath: //*[@id='businessCodeForm']/div[5]/input[1]' clicked
[INFO ] 2020-12-08 16:12:08.963 [TestNG-test=Regression for SPS-SDD Event Report-1] UserActions - Link: ' By.id: addrowlink' clicked
[INFO ] 2020-12-08 16:12:10.305 [TestNG-test=Regression for SPS-SDD Event Report-1] UserActions - Text Field: 'By.xpath: (//label[contains(text(),'Business Code')]//following-sibling::input)[3]'. Value 'XYZ' entered
[INFO ] 2020-12-08 16:12:12.081 [TestNG-test=Regression for SPS-SDD Event Report-1] UserActions - Link: ' By.xpath: //*[@id='businessCodeForm']/div[6]/input[1]' clicked
[INFO ] 2020-12-08 16:12:12.455 [TestNG-test=Regression for SPS-SDD Event Report-1] UserActions - Link: ' By.xpath: //*[@id='addrowlink_0']' clicked
[INFO ] 2020-12-08 16:12:13.401 [TestNG-test=Regression for SPS-SDD Event Report-1] UserActions - Text Field: 'By.xpath: //input[contains(@id,'iban')]'. Value 'FR7618206000103056966400117' entered
[INFO ] 2020-12-08 16:12:14.258 [TestNG-test=Regression for SPS-SDD Event Report-1] UserActions - Text Field: 'By.xpath: //input[contains(@id,'desc')]'. Value 'BankAccount1' entered
[INFO ] 2020-12-08 16:12:15.153 [TestNG-test=Regression for SPS-SDD Event Report-1] UserActions - Text Field: 'By.xpath: //input[contains(@id,'bic')]'. Value 'AGRIFRPP882' entered
[INFO ] 2020-12-08 16:12:17.335 [TestNG-test=Regression for SPS-SDD Event Report-1] UserActions - Link: ' By.xpath: //*[@id='bankAccountForm']/div[4]/input[1]' clicked
[INFO ] 2020-12-08 16:12:17.589 [TestNG-test=Regression for SPS-SDD Event Report-1] UserActions - Link: ' By.xpath: //*[@id='addrowlink_1']' clicked
[INFO ] 2020-12-08 16:12:18.962 [TestNG-test=Regression for SPS-SDD Event Report-1] UserActions - Text Field: 'By.xpath: //input[contains(@id,'email')]'. Value 'test@worldline.com' entered
[INFO ] 2020-12-08 16:12:21.710 [TestNG-test=Regression for SPS-SDD Event Report-1] UserActions - Link: ' By.xpath: //*[@id='emailAddressesForm']/div[4]/input[1]' clicked
[INFO ] 2020-12-08 16:12:21.711 [TestNG-test=Regression for SPS-SDD Event Report-1] RootPage - Root save sucessfully ...
[INFO ] 2020-12-08 19:02:20.752 [TestNG-test=Regression for SPS-SDD Event Report-1] BasePage - Execution environment - RCI
[INFO ] 2020-12-08 19:02:22.430 [TestNG-test=Regression for SPS-SDD Event Report-1] BasePage - Execution URL - https://ssl-product-creditor-web.vm-rct.stg.as8677.net/creditor/rm/login
[INFO ] 2020-12-08 19:02:22.433 [TestNG-test=Regression for SPS-SDD Event Report-1] BasePage - hubURL - http://selenium-hub:4444/wd/hub
[INFO ] 2020-12-08 19:02:22.434 [TestNG-test=Regression for SPS-SDD Event Report-1] BasePage - Execution browser - chromelocal
[INFO ] 2020-12-08 19:02:43.731 [TestNG-test=Regression for SPS-SDD Event Report-1] BasePage - Initialized chrome browser driver
[INFO ] 2020-12-08 19:02:52.579 [TestNG-test=Regression for SPS-SDD Event Report-1] UserActions - Text Field: 'By.xpath: .//*[@id='wrapper']/fieldset/form/p[1]/input'. Value 'atos' entered
[INFO ] 2020-12-08 19:02:53.493 [TestNG-test=Regression for SPS-SDD Event Report-1] UserActions - Text Field: 'By.xpath: .//*[@id='wrapper']/fieldset/form/p[2]/input'. Value 'atosatos' entered
[INFO ] 2020-12-08 19:02:53.913 [TestNG-test=Regression for SPS-SDD Event Report-1] LoginPage - User default logged sucessfully....
[INFO ] 2020-12-08 19:02:58.741 [TestNG-test=Regression for SPS-SDD Event Report-1] UserActions - Link: ' By.id: bthp' clicked
[INFO ] 2020-12-08 19:03:04.242 [TestNG-test=Regression for SPS-SDD Event Report-1] UserActions - Page loaded sucessfully ......
[INFO ] 2020-12-08 19:03:04.243 [TestNG-test=Regression for SPS-SDD Event Report-1] UserActions - SubMenu is Present By.xpath: .//*[@id='pageMenu']/ul/ul/li/a[contains(text(),'New Creditor')]
[INFO ] 2020-12-08 19:03:05.279 [TestNG-test=Regression for SPS-SDD Event Report-1] UserActions - Text Field: 'By.xpath: //*[@id='creditorNameField']'. Value 'AutomationCreditor' entered
[INFO ] 2020-12-08 19:03:05.877 [TestNG-test=Regression for SPS-SDD Event Report-1] UserActions - Text Field: 'By.xpath: //*[@id='creditorSciField-countryIso']'. Value 'FR' entered
[INFO ] 2020-12-08 19:03:06.383 [TestNG-test=Regression for SPS-SDD Event Report-1] UserActions - Text Field: 'By.xpath: .//*[@id='creditorSciField-checkDigit']'. Value '15' entered
[INFO ] 2020-12-08 19:03:06.858 [TestNG-test=Regression for SPS-SDD Event Report-1] UserActions - Text Field: 'By.xpath: .//*[@id='creditorSciField-nationalIdentifier']'. Value '180704' entered
[INFO ] 2020-12-08 19:03:10.070 [TestNG-test=Regression for SPS-SDD Event Report-1] UserActions - Link: ' By.name: search' clicked
[INFO ] 2020-12-08 19:03:10.232 [TestNG-test=Regression for SPS-SDD Event Report-1] CreditorPage - The correct Creditor ID is The checkdigit to be used for the selected country and creditor ID is [71].
[INFO ] 2020-12-08 19:03:10.233 [TestNG-test=Regression for SPS-SDD Event Report-1] CreditorPage - 71
[INFO ] 2020-12-08 19:03:10.234 [TestNG-test=Regression for SPS-SDD Event Report-1] CreditorPage - The correct Value is 71
[INFO ] 2020-12-08 19:03:11.123 [TestNG-test=Regression for SPS-SDD Event Report-1] UserActions - Text Field: 'By.xpath: .//*[@id='creditorSciField-checkDigit']'. Value '71' entered
[INFO ] 2020-12-08 19:03:13.223 [TestNG-test=Regression for SPS-SDD Event Report-1] UserActions - Link: ' By.name: search' clicked
[INFO ] 2020-12-08 19:03:13.224 [TestNG-test=Regression for SPS-SDD Event Report-1] CreditorPage - Generate CR NAME is  :- AutomationCreditor - FR71ZZZ180704
[INFO ] 2020-12-08 19:03:14.921 [TestNG-test=Regression for SPS-SDD Event Report-1] UserActions - Link: ' By.xpath: //*[@id='pageMenu']/ul/ul/li[2]/a' clicked
[INFO ] 2020-12-08 19:03:15.943 [TestNG-test=Regression for SPS-SDD Event Report-1] UserActions - Text Field: 'By.xpath: //*[@id='creditorNameField']'. Value 'AutomationCreditorTwo' entered
[INFO ] 2020-12-08 19:03:16.634 [TestNG-test=Regression for SPS-SDD Event Report-1] UserActions - Text Field: 'By.xpath: //*[@id='creditorSciField-countryIso']'. Value 'FR' entered
[INFO ] 2020-12-08 19:03:17.199 [TestNG-test=Regression for SPS-SDD Event Report-1] UserActions - Text Field: 'By.xpath: .//*[@id='creditorSciField-checkDigit']'. Value '15' entered
[INFO ] 2020-12-08 19:03:17.918 [TestNG-test=Regression for SPS-SDD Event Report-1] UserActions - Text Field: 'By.xpath: .//*[@id='creditorSciField-nationalIdentifier']'. Value '190083' entered
[INFO ] 2020-12-08 19:03:19.555 [TestNG-test=Regression for SPS-SDD Event Report-1] UserActions - Link: ' By.name: search' clicked
[INFO ] 2020-12-08 19:03:19.727 [TestNG-test=Regression for SPS-SDD Event Report-1] CreditorPage - The correct Creditor ID is The checkdigit to be used for the selected country and creditor ID is [8].
[INFO ] 2020-12-08 19:03:19.728 [TestNG-test=Regression for SPS-SDD Event Report-1] CreditorPage - 8
[INFO ] 2020-12-08 19:03:19.729 [TestNG-test=Regression for SPS-SDD Event Report-1] CreditorPage - The correct Value is 8
[INFO ] 2020-12-08 19:03:20.560 [TestNG-test=Regression for SPS-SDD Event Report-1] UserActions - Text Field: 'By.xpath: .//*[@id='creditorSciField-checkDigit']'. Value '8' entered
[INFO ] 2020-12-08 19:03:23.330 [TestNG-test=Regression for SPS-SDD Event Report-1] UserActions - Link: ' By.name: search' clicked
[INFO ] 2020-12-08 19:03:23.330 [TestNG-test=Regression for SPS-SDD Event Report-1] CreditorPage - Generate CR NAME is  :- AutomationCreditorTwo - FR8ZZZ190083
[INFO ] 2020-12-08 19:03:36.905 [TestNG-test=Regression for SPS-SDD Event Report-1] UserActions - Page loaded sucessfully ......
[INFO ] 2020-12-08 19:03:36.906 [TestNG-test=Regression for SPS-SDD Event Report-1] UserActions - SubMenu is Present By.xpath: .//*[@id='pageMenu']/ul/ul/li/a[contains(text(),'Create Root')]
[INFO ] 2020-12-08 19:03:36.911 [TestNG-test=Regression for SPS-SDD Event Report-1] RootPage - New Root name is :AutomationRoot_20201208190336
[INFO ] 2020-12-08 19:03:38.251 [TestNG-test=Regression for SPS-SDD Event Report-1] UserActions - Text Field: 'By.xpath: .//*[@id='label']'. Value 'AutomationRoot_20201208190336' entered
[INFO ] 2020-12-08 19:03:38.913 [TestNG-test=Regression for SPS-SDD Event Report-1] UserActions - Text Field: 'By.xpath: .//*[@id='contractInfoCreat']'. Value '0202234567' entered
[INFO ] 2020-12-08 19:03:39.501 [TestNG-test=Regression for SPS-SDD Event Report-1] UserActions - Text Field: 'By.xpath: .//*[@id='phoneNumberCreation']'. Value '+9881668002' entered
[INFO ] 2020-12-08 19:03:40.001 [TestNG-test=Regression for SPS-SDD Event Report-1] UserActions - Link: ' By.xpath: .//*[@id='schemes']' clicked
[INFO ] 2020-12-08 19:03:40.380 [TestNG-test=Regression for SPS-SDD Event Report-1] UserActions - Link: ' By.xpath: .//*[@id='sequences_0']' clicked
[INFO ] 2020-12-08 19:03:41.305 [TestNG-test=Regression for SPS-SDD Event Report-1] UserActions - Text Field: 'By.xpath: .//*[@id='addresseditor-addressNumber']'. Value '23444' entered
[INFO ] 2020-12-08 19:03:42.219 [TestNG-test=Regression for SPS-SDD Event Report-1] UserActions - Text Field: 'By.xpath: .//*[@id='addresseditor-addressStreet']'. Value 'Mokai' entered
[INFO ] 2020-12-08 19:03:42.832 [TestNG-test=Regression for SPS-SDD Event Report-1] UserActions - Text Field: 'By.xpath: .//*[@id='addresseditor-addressPostCode']'. Value '411017' entered
[INFO ] 2020-12-08 19:03:43.444 [TestNG-test=Regression for SPS-SDD Event Report-1] UserActions - Text Field: 'By.xpath: .//*[@id='addresseditor-addressCity']'. Value 'Pune' entered
[INFO ] 2020-12-08 19:03:48.845 [TestNG-test=Regression for SPS-SDD Event Report-1] UserActions - Link: ' By.xpath: .//*[@id='divToHideContainer']/div[5]/input[1]' clicked
[INFO ] 2020-12-08 19:03:51.193 [TestNG-test=Regression for SPS-SDD Event Report-1] UserActions - Link: ' By.xpath: //*[@id='sciList-select']' clicked
[INFO ] 2020-12-08 19:03:53.545 [TestNG-test=Regression for SPS-SDD Event Report-1] UserActions - Link: ' By.xpath: //*[@id='sciForm']/div[3]/input[1]' clicked
[INFO ] 2020-12-08 19:03:55.719 [TestNG-test=Regression for SPS-SDD Event Report-1] UserActions - Link: ' By.xpath: //*[@id='sciList-select']' clicked
[INFO ] 2020-12-08 19:03:57.837 [TestNG-test=Regression for SPS-SDD Event Report-1] UserActions - Link: ' By.xpath: //*[@id='sciForm']/div[3]/input[1]' clicked
[INFO ] 2020-12-08 19:03:57.838 [TestNG-test=Regression for SPS-SDD Event Report-1] RootPage - bs value sis ABC
[INFO ] 2020-12-08 19:03:58.127 [TestNG-test=Regression for SPS-SDD Event Report-1] UserActions - Link: ' By.id: addrowlink' clicked
[INFO ] 2020-12-08 19:03:59.516 [TestNG-test=Regression for SPS-SDD Event Report-1] UserActions - Text Field: 'By.xpath: (//label[contains(text(),'Business Code')]//following-sibling::input)[2]'. Value 'ABC' entered
[INFO ] 2020-12-08 19:04:02.504 [TestNG-test=Regression for SPS-SDD Event Report-1] UserActions - Link: ' By.xpath: //*[@id='businessCodeForm']/div[5]/input[1]' clicked
[INFO ] 2020-12-08 19:04:02.815 [TestNG-test=Regression for SPS-SDD Event Report-1] UserActions - Link: ' By.id: addrowlink' clicked
[INFO ] 2020-12-08 19:04:04.585 [TestNG-test=Regression for SPS-SDD Event Report-1] UserActions - Text Field: 'By.xpath: (//label[contains(text(),'Business Code')]//following-sibling::input)[3]'. Value 'XYZ' entered
[INFO ] 2020-12-08 19:04:07.774 [TestNG-test=Regression for SPS-SDD Event Report-1] UserActions - Link: ' By.xpath: //*[@id='businessCodeForm']/div[6]/input[1]' clicked
[INFO ] 2020-12-08 19:04:08.128 [TestNG-test=Regression for SPS-SDD Event Report-1] UserActions - Link: ' By.xpath: //*[@id='addrowlink_0']' clicked
[INFO ] 2020-12-08 19:04:09.827 [TestNG-test=Regression for SPS-SDD Event Report-1] UserActions - Text Field: 'By.xpath: //input[contains(@id,'iban')]'. Value 'FR7618206000103056966400117' entered
[INFO ] 2020-12-08 19:04:10.664 [TestNG-test=Regression for SPS-SDD Event Report-1] UserActions - Text Field: 'By.xpath: //input[contains(@id,'desc')]'. Value 'BankAccount1' entered
[INFO ] 2020-12-08 19:04:11.464 [TestNG-test=Regression for SPS-SDD Event Report-1] UserActions - Text Field: 'By.xpath: //input[contains(@id,'bic')]'. Value 'AGRIFRPP882' entered
[INFO ] 2020-12-08 19:04:14.079 [TestNG-test=Regression for SPS-SDD Event Report-1] UserActions - Link: ' By.xpath: //*[@id='bankAccountForm']/div[4]/input[1]' clicked
[INFO ] 2020-12-08 19:04:14.390 [TestNG-test=Regression for SPS-SDD Event Report-1] UserActions - Link: ' By.xpath: //*[@id='addrowlink_1']' clicked
[INFO ] 2020-12-08 19:04:20.601 [TestNG-test=Regression for SPS-SDD Event Report-1] UserActions - Text Field: 'By.xpath: //input[contains(@id,'email')]'. Value 'test@worldline.com' entered
[INFO ] 2020-12-08 19:04:23.779 [TestNG-test=Regression for SPS-SDD Event Report-1] UserActions - Link: ' By.xpath: //*[@id='emailAddressesForm']/div[4]/input[1]' clicked
[INFO ] 2020-12-08 19:04:23.779 [TestNG-test=Regression for SPS-SDD Event Report-1] RootPage - Root save sucessfully ...
