[INFO ] 2021-02-01 10:03:05.963 [TestNG-test=Document Signature Test-1] BasePage - Execution environment - RCI
[INFO ] 2021-02-01 10:03:07.047 [TestNG-test=Document Signature Test-1] BasePage - Execution URL - https://ssl-product-creditor-web.vm-rct.stg.as8677.net/creditor/rm/login
[INFO ] 2021-02-01 10:03:07.051 [TestNG-test=Document Signature Test-1] BasePage - hubURL - http://selenium-hub:4444/wd/hub
[INFO ] 2021-02-01 10:03:07.052 [TestNG-test=Document Signature Test-1] BasePage - Execution browser - chromelocal
[INFO ] 2021-02-01 10:04:17.820 [TestNG-test=Document Signature Test-1] BasePage - Execution environment - RCI
[INFO ] 2021-02-01 10:04:19.082 [TestNG-test=Document Signature Test-1] BasePage - Execution URL - https://ssl-product-creditor-web.vm-rct.stg.as8677.net/creditor/rm/login
[INFO ] 2021-02-01 10:04:19.112 [TestNG-test=Document Signature Test-1] BasePage - hubURL - http://selenium-hub:4444/wd/hub
[INFO ] 2021-02-01 10:04:19.114 [TestNG-test=Document Signature Test-1] BasePage - Execution browser - chromelocal
[INFO ] 2021-02-01 10:06:41.461 [TestNG-test=Document Signature Test-1] BasePage - Execution environment - RCI
[INFO ] 2021-02-01 10:06:42.253 [TestNG-test=Document Signature Test-1] BasePage - Execution URL - https://ssl-product-creditor-web.vm-rct.stg.as8677.net/creditor/rm/login
[INFO ] 2021-02-01 10:06:42.256 [TestNG-test=Document Signature Test-1] BasePage - hubURL - http://selenium-hub:4444/wd/hub
[INFO ] 2021-02-01 10:06:42.257 [TestNG-test=Document Signature Test-1] BasePage - Execution browser - chromelocal
[INFO ] 2021-02-01 10:06:51.164 [TestNG-test=Document Signature Test-1] BasePage - Initialized chrome browser driver
[INFO ] 2021-02-01 10:07:17.858 [TestNG-test=Document Signature Test-1] RestEndPoints - {"url":"https://ssl-sps-sign-service.vm-rct.stg.as8677.net/signature/?t=6ec6c2e7-162a3-e4b6-13461b5-4f7e-5349474e-b5ed-0dd84d28b9e3&tCh=8YfqA3mSuhMVBr9tZ5lqFFwhve3GJt6e%2FXWj2rzqV9Q%3D","umr":null,"signSessionValidity":null}
[INFO ] 2021-02-01 10:07:26.119 [TestNG-test=Document Signature Test-1] UserActions - Text Field: 'By.name: userName'. Value 'Prakhar' entered
[INFO ] 2021-02-01 10:07:26.516 [TestNG-test=Document Signature Test-1] UserActions - Text Field: 'By.name: userAddressStNum'. Value '123' entered
[INFO ] 2021-02-01 10:07:26.917 [TestNG-test=Document Signature Test-1] UserActions - Text Field: 'By.xpath: (//input[@id='userPhoneNumberEditableField'])|(//input[@id='userPhoneNumberField'])'. Value '+33612345678' entered
[INFO ] 2021-02-01 10:07:27.334 [TestNG-test=Document Signature Test-1] UserActions - Text Field: 'By.name: userAddressStName'. Value 'Strasse1' entered
[INFO ] 2021-02-01 10:07:27.815 [TestNG-test=Document Signature Test-1] UserActions - Text Field: 'By.name: userAddressPostCode'. Value '456789' entered
[INFO ] 2021-02-01 10:07:28.293 [TestNG-test=Document Signature Test-1] UserActions - Text Field: 'By.name: userAddressCity'. Value 'Lyon' entered
[INFO ] 2021-02-01 10:07:28.777 [TestNG-test=Document Signature Test-1] UserActions - Button: By.name: partnersConsentChecked clicked
[INFO ] 2021-02-01 10:07:34.338 [TestNG-test=Document Signature Test-1] UserActions - Button: By.name: confirm clicked
[INFO ] 2021-02-01 10:07:34.617 [TestNG-test=Document Signature Test-1] UserActions - Link: ' By.xpath: (//input[@id='agreetermsSms'])|(//input[@id='agreetermsEmail'])' clicked
[INFO ] 2021-02-01 10:07:40.089 [TestNG-test=Document Signature Test-1] RestEndPoints - Session status is: {"type":"EMAIL","otpCode":"3085","nbAttempts":"0","nbFailed":"0","state":"INITIALIZED","useSMTPRelayForOTP":"false"}
[INFO ] 2021-02-01 10:07:40.126 [TestNG-test=Document Signature Test-1] RestEndPoints - OTP is 3085
[INFO ] 2021-02-01 10:07:40.601 [TestNG-test=Document Signature Test-1] UserActions - Text Field: 'By.xpath: (//input[@id='emailConfirmationCode'])|(//input[@id='smsConfirmationCode'])'. Value '3085' entered
[INFO ] 2021-02-01 10:07:47.640 [TestNG-test=Document Signature Test-1] UserActions - Button: By.xpath: (//input[@id='submitSignEmailMandate'])|(//input[@id='submitSignSMSMandate']) clicked
[INFO ] 2021-02-01 10:07:47.876 [TestNG-test=Document Signature Test-1] UserActions - Button: By.id: dlpdf clicked
[INFO ] 2021-02-01 10:07:47.896 [TestNG-test=Document Signature Test-1] UserActions - Page loaded sucessfully ......
[INFO ] 2021-02-01 10:07:47.898 [TestNG-test=Document Signature Test-1] PdfManager - Files in the downloaded directory are C:\Users\A687416\Downloads\1611932477020sK1RSTd94oI5UbXd.pdf
[INFO ] 2021-02-01 10:07:47.898 [TestNG-test=Document Signature Test-1] PdfManager - Files in the downloaded directory are C:\Users\A687416\Downloads\1611975659128Uo8xAMOTzI1f1oHj.xls
[INFO ] 2021-02-01 10:07:47.899 [TestNG-test=Document Signature Test-1] PdfManager - Files in the downloaded directory are C:\Users\A687416\Downloads\1611975715231Ep1cALYMY2EmI96D.xls
[INFO ] 2021-02-01 10:07:47.899 [TestNG-test=Document Signature Test-1] PdfManager - Files in the downloaded directory are C:\Users\A687416\Downloads\1611975897066TNLY366QG36EFHhL.xls
[INFO ] 2021-02-01 10:07:47.900 [TestNG-test=Document Signature Test-1] PdfManager - Files in the downloaded directory are C:\Users\A687416\Downloads\16119760355802YfbkRFZjRkBjfo7.xls
[INFO ] 2021-02-01 10:07:47.900 [TestNG-test=Document Signature Test-1] PdfManager - Files in the downloaded directory are C:\Users\A687416\Downloads\artifacts (1).zip
[INFO ] 2021-02-01 10:07:47.900 [TestNG-test=Document Signature Test-1] PdfManager - Files in the downloaded directory are C:\Users\A687416\Downloads\artifacts (2)
[INFO ] 2021-02-01 10:07:47.900 [TestNG-test=Document Signature Test-1] PdfManager - Files in the downloaded directory are C:\Users\A687416\Downloads\artifacts (2).zip
[INFO ] 2021-02-01 10:07:47.901 [TestNG-test=Document Signature Test-1] PdfManager - Files in the downloaded directory are C:\Users\A687416\Downloads\artifacts (3).zip
[INFO ] 2021-02-01 10:07:47.901 [TestNG-test=Document Signature Test-1] PdfManager - Files in the downloaded directory are C:\Users\A687416\Downloads\artifacts (4)
[INFO ] 2021-02-01 10:07:47.901 [TestNG-test=Document Signature Test-1] PdfManager - Files in the downloaded directory are C:\Users\A687416\Downloads\artifacts (4).zip
[INFO ] 2021-02-01 10:07:47.901 [TestNG-test=Document Signature Test-1] PdfManager - Files in the downloaded directory are C:\Users\A687416\Downloads\artifacts (5).zip
[INFO ] 2021-02-01 10:07:47.902 [TestNG-test=Document Signature Test-1] PdfManager - Files in the downloaded directory are C:\Users\A687416\Downloads\artifacts (6).zip
[INFO ] 2021-02-01 10:07:47.902 [TestNG-test=Document Signature Test-1] PdfManager - Files in the downloaded directory are C:\Users\A687416\Downloads\artifacts (7).zip
[INFO ] 2021-02-01 10:07:47.902 [TestNG-test=Document Signature Test-1] PdfManager - Files in the downloaded directory are C:\Users\A687416\Downloads\artifacts (8).zip
[INFO ] 2021-02-01 10:07:47.902 [TestNG-test=Document Signature Test-1] PdfManager - Files in the downloaded directory are C:\Users\A687416\Downloads\artifacts.zip
[INFO ] 2021-02-01 10:07:47.902 [TestNG-test=Document Signature Test-1] PdfManager - Files in the downloaded directory are C:\Users\A687416\Downloads\cb380232-03f6-40e2-be0b-ff9784c334ad.tmp
[INFO ] 2021-02-01 10:07:47.903 [TestNG-test=Document Signature Test-1] PdfManager - Files in the downloaded directory are C:\Users\A687416\Downloads\chromedriver_win32
[INFO ] 2021-02-01 10:07:47.903 [TestNG-test=Document Signature Test-1] PdfManager - Files in the downloaded directory are C:\Users\A687416\Downloads\chromedriver_win32.zip
[INFO ] 2021-02-01 10:07:47.903 [TestNG-test=Document Signature Test-1] PdfManager - Files in the downloaded directory are C:\Users\A687416\Downloads\desktop.ini
[INFO ] 2021-02-01 10:07:47.903 [TestNG-test=Document Signature Test-1] PdfManager - Files in the downloaded directory are C:\Users\A687416\Downloads\Document 118517.pdf
[INFO ] 2021-02-01 10:07:47.903 [TestNG-test=Document Signature Test-1] PdfManager - Files in the downloaded directory are C:\Users\A687416\Downloads\Document 122416.pdf
[INFO ] 2021-02-01 10:07:47.904 [TestNG-test=Document Signature Test-1] PdfManager - Files in the downloaded directory are C:\Users\A687416\Downloads\Document 144146.pdf
[INFO ] 2021-02-01 10:07:47.904 [TestNG-test=Document Signature Test-1] PdfManager - Files in the downloaded directory are C:\Users\A687416\Downloads\Document 144436.pdf
[INFO ] 2021-02-01 10:07:47.904 [TestNG-test=Document Signature Test-1] PdfManager - Files in the downloaded directory are C:\Users\A687416\Downloads\Document 162295.pdf
[INFO ] 2021-02-01 10:07:47.905 [TestNG-test=Document Signature Test-1] PdfManager - Files in the downloaded directory are C:\Users\A687416\Downloads\Document 174032.pdf
[INFO ] 2021-02-01 10:07:47.905 [TestNG-test=Document Signature Test-1] PdfManager - Files in the downloaded directory are C:\Users\A687416\Downloads\download
[INFO ] 2021-02-01 10:07:47.905 [TestNG-test=Document Signature Test-1] PdfManager - Files in the downloaded directory are C:\Users\A687416\Downloads\Handover
[INFO ] 2021-02-01 10:07:47.905 [TestNG-test=Document Signature Test-1] PdfManager - Files in the downloaded directory are C:\Users\A687416\Downloads\Handover.7z
[INFO ] 2021-02-01 10:07:47.905 [TestNG-test=Document Signature Test-1] PdfManager - Files in the downloaded directory are C:\Users\A687416\Downloads\HOMELOAN.pdf
[INFO ] 2021-02-01 10:07:47.905 [TestNG-test=Document Signature Test-1] PdfManager - Files in the downloaded directory are C:\Users\A687416\Downloads\HomeLoanAndDeclaration.zip
[INFO ] 2021-02-01 10:07:47.906 [TestNG-test=Document Signature Test-1] PdfManager - Files in the downloaded directory are C:\Users\A687416\Downloads\HospitalWebaite_Dr.MadhavChavan
[INFO ] 2021-02-01 10:07:47.906 [TestNG-test=Document Signature Test-1] PdfManager - Files in the downloaded directory are C:\Users\A687416\Downloads\LICDetails.pdf
[INFO ] 2021-02-01 10:07:47.906 [TestNG-test=Document Signature Test-1] PdfManager - Files in the downloaded directory are C:\Users\A687416\Downloads\MANDATE-REFERENCE000000000000000268.pdf
[INFO ] 2021-02-01 10:07:47.906 [TestNG-test=Document Signature Test-1] PdfManager - Files in the downloaded directory are C:\Users\A687416\Downloads\MANDATE-REFERENCE000000000000000295.pdf
[INFO ] 2021-02-01 10:07:47.906 [TestNG-test=Document Signature Test-1] PdfManager - Files in the downloaded directory are C:\Users\A687416\Downloads\MANDATE-REFERENCE000000000000000296.pdf
[INFO ] 2021-02-01 10:07:47.906 [TestNG-test=Document Signature Test-1] PdfManager - Files in the downloaded directory are C:\Users\A687416\Downloads\MANDATE-REFERENCE000000000000000297.pdf
[INFO ] 2021-02-01 10:07:47.907 [TestNG-test=Document Signature Test-1] PdfManager - Files in the downloaded directory are C:\Users\A687416\Downloads\MANDATE-REFERENCE000000000000000819.pdf
[INFO ] 2021-02-01 10:07:47.907 [TestNG-test=Document Signature Test-1] PdfManager - Files in the downloaded directory are C:\Users\A687416\Downloads\MANDATE-REFERENCE000000000000000820.pdf
[INFO ] 2021-02-01 10:07:47.907 [TestNG-test=Document Signature Test-1] PdfManager - Files in the downloaded directory are C:\Users\A687416\Downloads\MANDATE-REFERENCE000000000000000888.pdf
[INFO ] 2021-02-01 10:07:47.907 [TestNG-test=Document Signature Test-1] PdfManager - Files in the downloaded directory are C:\Users\A687416\Downloads\MANDATE-REFERENCE000000000000003060.pdf
[INFO ] 2021-02-01 10:07:47.908 [TestNG-test=Document Signature Test-1] PdfManager - Files in the downloaded directory are C:\Users\A687416\Downloads\MANDATE-REFERENCE000000000000003061.pdf
[INFO ] 2021-02-01 10:07:47.908 [TestNG-test=Document Signature Test-1] PdfManager - Files in the downloaded directory are C:\Users\A687416\Downloads\Mandate_MANDATE-REFERENCE000000000000004731-FR17ZZZ20191127_1610698170820.pdf.crdownload
[INFO ] 2021-02-01 10:07:47.909 [TestNG-test=Document Signature Test-1] PdfManager - Files in the downloaded directory are C:\Users\A687416\Downloads\MatchMakingPdf.pdf
[INFO ] 2021-02-01 10:07:47.909 [TestNG-test=Document Signature Test-1] PdfManager - Files in the downloaded directory are C:\Users\A687416\Downloads\Meeting6Dec2020.pdf
[INFO ] 2021-02-01 10:07:47.909 [TestNG-test=Document Signature Test-1] PdfManager - Files in the downloaded directory are C:\Users\A687416\Downloads\Net Bills.docx
[INFO ] 2021-02-01 10:07:47.909 [TestNG-test=Document Signature Test-1] PdfManager - Files in the downloaded directory are C:\Users\A687416\Downloads\Net Bills.pdf
[INFO ] 2021-02-01 10:07:47.909 [TestNG-test=Document Signature Test-1] PdfManager - Files in the downloaded directory are C:\Users\A687416\Downloads\New Document 4.pdf
[INFO ] 2021-02-01 10:07:47.910 [TestNG-test=Document Signature Test-1] PdfManager - Files in the downloaded directory are C:\Users\A687416\Downloads\Nomination_form_LL2 (1).pdf
[INFO ] 2021-02-01 10:07:47.910 [TestNG-test=Document Signature Test-1] PdfManager - Files in the downloaded directory are C:\Users\A687416\Downloads\Nomination_form_LL2.pdf
[INFO ] 2021-02-01 10:07:47.910 [TestNG-test=Document Signature Test-1] PdfManager - Files in the downloaded directory are C:\Users\A687416\Downloads\OpAccountSummary27-01-2021.pdf
[INFO ] 2021-02-01 10:07:47.910 [TestNG-test=Document Signature Test-1] PdfManager - Files in the downloaded directory are C:\Users\A687416\Downloads\OpMiniStatement27-01-2021.pdf
[INFO ] 2021-02-01 10:07:47.910 [TestNG-test=Document Signature Test-1] PdfManager - Files in the downloaded directory are C:\Users\A687416\Downloads\OpTransactionHistory27-01-2021.pdf
[INFO ] 2021-02-01 10:07:47.910 [TestNG-test=Document Signature Test-1] PdfManager - Files in the downloaded directory are C:\Users\A687416\Downloads\PXL_20210130_180239703.NIGHT.jpg
[INFO ] 2021-02-01 10:07:47.910 [TestNG-test=Document Signature Test-1] PdfManager - Files in the downloaded directory are C:\Users\A687416\Downloads\Rone Na Dijiyega (Jaan Tere Naam) 320Kbps.mp3
[INFO ] 2021-02-01 10:07:47.910 [TestNG-test=Document Signature Test-1] PdfManager - Files in the downloaded directory are C:\Users\A687416\Downloads\RSA Box Cricket Tournament 2021 League Schedule.pdf
[INFO ] 2021-02-01 10:07:47.911 [TestNG-test=Document Signature Test-1] PdfManager - Files in the downloaded directory are C:\Users\A687416\Downloads\testWS.jmx
[INFO ] 2021-02-01 10:07:47.911 [TestNG-test=Document Signature Test-1] PdfManager - Files in the downloaded directory are C:\Users\A687416\Downloads\VedicReport17-01-202123-54-40.pdf
[INFO ] 2021-02-01 10:07:47.911 [TestNG-test=Document Signature Test-1] PdfManager - Files in the downloaded directory are C:\Users\A687416\Downloads\WGS0278_SalarySlipwithTaxDetails (1).pdf
[INFO ] 2021-02-01 10:07:47.911 [TestNG-test=Document Signature Test-1] PdfManager - Files in the downloaded directory are C:\Users\A687416\Downloads\WGS0278_SalarySlipwithTaxDetails.pdf
[INFO ] 2021-02-01 10:07:47.911 [TestNG-test=Document Signature Test-1] PdfManager - Files in the downloaded directory are C:\Users\A687416\Downloads\WhatsApp Image 2021-01-30 at 23.27.06-converted.pdf
[INFO ] 2021-02-01 10:07:47.911 [TestNG-test=Document Signature Test-1] PdfManager - Files in the downloaded directory are C:\Users\A687416\Downloads\WhatsApp Image 2021-01-30 at 23.27.06.jpeg
[INFO ] 2021-02-01 10:07:47.911 [TestNG-test=Document Signature Test-1] PdfManager - Files in the downloaded directory are C:\Users\A687416\Downloads\~WRL0001.tmp
[INFO ] 2021-02-01 10:07:48.097 [TestNG-test=Document Signature Test-1] UserActions - Page loaded sucessfully ......
[INFO ] 2021-02-01 10:07:50.547 [TestNG-test=Document Signature Test-1] UserActions - Button: By.name: buttonReturnCreditorSite clicked
