[INFO ] 2020-11-13 10:28:32.104 [TestNG-test=Regression for DS-1] BasePage - Execution environment - RCI
[INFO ] 2020-11-13 10:28:33.561 [TestNG-test=Regression for DS-1] BasePage - Execution URL - https://ssl-product-creditor-web.vm-rct.stg.as8677.net/creditor/rm/login
[INFO ] 2020-11-13 10:28:33.564 [TestNG-test=Regression for DS-1] BasePage - hubURL - http://selenium-hub:4444/wd/hub
[INFO ] 2020-11-13 10:28:33.565 [TestNG-test=Regression for DS-1] BasePage - Execution browser - chromelocal
[INFO ] 2020-11-13 10:28:53.874 [TestNG-test=Regression for DS-1] BasePage - Initialized chrome browser driver
[INFO ] 2020-11-13 10:29:31.877 [TestNG-test=Regression for DS-1] SignHomePage - SPS SIGN Execution environment - RCI
[INFO ] 2020-11-13 10:29:40.992 [TestNG-test=Regression for DS-1] UserActions - Page loaded sucessfully ......
[INFO ] 2020-11-13 10:30:34.139 [TestNG-test=Regression for DS-1] UserActions - Link: ' By.partialLinkText: Mandate Update Test' clicked
[INFO ] 2020-11-13 10:30:34.140 [TestNG-test=Regression for DS-1] SpsSignBackOfficePage - Clicked on Mandate Update Test Page
[INFO ] 2020-11-13 10:30:34.823 [TestNG-test=Regression for DS-1] UserActions - Text Field: 'By.xpath: .//*[@id='transactionId']'. Value '134285' entered
[INFO ] 2020-11-13 10:30:35.258 [TestNG-test=Regression for DS-1] UserActions - Text Field: 'By.xpath: .//*[@id='creditorId']'. Value 'ztestDoS' entered
[INFO ] 2020-11-13 10:30:35.900 [TestNG-test=Regression for DS-1] UserActions - Text Field: 'By.id: UMR'. Value 'MANDATE-REFERENCE000000000000000054' entered
[INFO ] 2020-11-13 10:30:36.334 [TestNG-test=Regression for DS-1] UserActions - Text Field: 'By.id: language'. Value 'EN' entered
[INFO ] 2020-11-13 10:30:36.842 [TestNG-test=Regression for DS-1] UserActions - Text Field: 'By.id: urlOK'. Value 'https://en.wikipedia.org/wiki/OK' entered
[INFO ] 2020-11-13 10:30:37.382 [TestNG-test=Regression for DS-1] UserActions - Text Field: 'By.id: urlKO'. Value 'https://en.wikipedia.org/wiki/KO' entered
[INFO ] 2020-11-13 10:30:37.875 [TestNG-test=Regression for DS-1] UserActions - Text Field: 'By.id: urlCancel'. Value 'https://en.wikipedia.org/wiki/Cancel' entered
[INFO ] 2020-11-13 10:30:38.271 [TestNG-test=Regression for DS-1] UserActions - Text Field: 'By.id: country'. Value 'FR' entered
[INFO ] 2020-11-13 10:30:38.761 [TestNG-test=Regression for DS-1] UserActions - Text Field: 'By.id: checkDigit'. Value '10' entered
[INFO ] 2020-11-13 10:30:39.173 [TestNG-test=Regression for DS-1] UserActions - Text Field: 'By.id: businessCode'. Value 'ZZZ' entered
[INFO ] 2020-11-13 10:30:39.850 [TestNG-test=Regression for DS-1] UserActions - Text Field: 'By.id: nationalIdentifier'. Value '2345678' entered
[INFO ] 2020-11-13 10:30:44.345 [TestNG-test=Regression for DS-1] UserActions - Button: By.id: submitInitSession clicked
[INFO ] 2020-11-13 10:30:44.456 [TestNG-test=Regression for DS-1] UserActions - Text found at webelement OK 
[INFO ] 2020-11-13 10:30:44.517 [TestNG-test=Regression for DS-1] UserActions - Text found at webelement https://ssl-sps-sign-service.vm-rct.stg.as8677.net/signature/?t=b1fa18ae-117-a601-1343e35-4d69-4d414e444154455f555044415445-99df-8964e66d9c06&tCh=CE9Nn4rJamqDJUSaUAuNs2%2FYQtcdOaRCJxeJat0uOQo%3D 
[INFO ] 2020-11-13 10:30:50.758 [TestNG-test=Regression for DS-1] UserActions - Text found at webelement MANDATE-REFERENCE000000000000000054 
[INFO ] 2020-11-13 10:30:51.982 [TestNG-test=Regression for DS-1] UserActions - Text Field: 'By.id: iban'. Value 'FR7630003007200005026058893' entered
[INFO ] 2020-11-13 10:30:53.478 [TestNG-test=Regression for DS-1] UserActions - Button: By.id: confirm clicked
[INFO ] 2020-11-13 10:54:26.332 [TestNG-test=Regression for DS-1] BasePage - Execution environment - RCI
[INFO ] 2020-11-13 10:54:27.362 [TestNG-test=Regression for DS-1] BasePage - Execution URL - https://ssl-product-creditor-web.vm-rct.stg.as8677.net/creditor/rm/login
[INFO ] 2020-11-13 10:54:27.366 [TestNG-test=Regression for DS-1] BasePage - hubURL - http://selenium-hub:4444/wd/hub
[INFO ] 2020-11-13 10:54:27.367 [TestNG-test=Regression for DS-1] BasePage - Execution browser - chromelocal
[INFO ] 2020-11-13 10:54:41.135 [TestNG-test=Regression for DS-1] BasePage - Initialized chrome browser driver
[INFO ] 2020-11-13 10:55:01.913 [TestNG-test=Regression for DS-1] SignHomePage - SPS SIGN Execution environment - RCI
[INFO ] 2020-11-13 10:55:09.327 [TestNG-test=Regression for DS-1] UserActions - Page loaded sucessfully ......
[INFO ] 2020-11-13 11:02:37.546 [TestNG-test=Regression for DS-1] BasePage - Execution environment - RCI
[INFO ] 2020-11-13 11:02:38.559 [TestNG-test=Regression for DS-1] BasePage - Execution URL - https://ssl-product-creditor-web.vm-rct.stg.as8677.net/creditor/rm/login
[INFO ] 2020-11-13 11:02:38.561 [TestNG-test=Regression for DS-1] BasePage - hubURL - http://selenium-hub:4444/wd/hub
[INFO ] 2020-11-13 11:02:38.562 [TestNG-test=Regression for DS-1] BasePage - Execution browser - chromelocal
[INFO ] 2020-11-13 11:02:52.011 [TestNG-test=Regression for DS-1] BasePage - Initialized chrome browser driver
[INFO ] 2020-11-13 11:03:12.720 [TestNG-test=Regression for DS-1] SignHomePage - SPS SIGN Execution environment - RCI
[INFO ] 2020-11-13 11:03:20.598 [TestNG-test=Regression for DS-1] UserActions - Page loaded sucessfully ......
[INFO ] 2020-11-13 11:04:29.121 [TestNG-test=Regression for DS-1] BasePage - Execution environment - RCI
[INFO ] 2020-11-13 11:04:30.180 [TestNG-test=Regression for DS-1] BasePage - Execution URL - https://ssl-product-creditor-web.vm-rct.stg.as8677.net/creditor/rm/login
[INFO ] 2020-11-13 11:04:30.183 [TestNG-test=Regression for DS-1] BasePage - hubURL - http://selenium-hub:4444/wd/hub
[INFO ] 2020-11-13 11:04:30.183 [TestNG-test=Regression for DS-1] BasePage - Execution browser - chromelocal
[INFO ] 2020-11-13 11:04:43.886 [TestNG-test=Regression for DS-1] BasePage - Initialized chrome browser driver
[INFO ] 2020-11-13 11:05:04.468 [TestNG-test=Regression for DS-1] SignHomePage - SPS SIGN Execution environment - RCI
[INFO ] 2020-11-13 11:05:14.132 [TestNG-test=Regression for DS-1] UserActions - Page loaded sucessfully ......
[INFO ] 2020-11-13 11:24:07.280 [TestNG-test=Regression for DS-1] BasePage - Execution environment - RCI
[INFO ] 2020-11-13 11:24:08.297 [TestNG-test=Regression for DS-1] BasePage - Execution URL - https://ssl-product-creditor-web.vm-rct.stg.as8677.net/creditor/rm/login
[INFO ] 2020-11-13 11:24:08.300 [TestNG-test=Regression for DS-1] BasePage - hubURL - http://selenium-hub:4444/wd/hub
[INFO ] 2020-11-13 11:24:08.300 [TestNG-test=Regression for DS-1] BasePage - Execution browser - chromelocal
[INFO ] 2020-11-13 11:24:22.541 [TestNG-test=Regression for DS-1] BasePage - Initialized chrome browser driver
[INFO ] 2020-11-13 11:24:42.288 [TestNG-test=Regression for DS-1] SignHomePage - SPS SIGN Execution environment - RCI
[INFO ] 2020-11-13 11:24:49.616 [TestNG-test=Regression for DS-1] UserActions - Page loaded sucessfully ......
[INFO ] 2020-11-13 11:32:55.677 [TestNG-test=Regression for DS-1] BasePage - Execution environment - RCI
[INFO ] 2020-11-13 11:32:57.110 [TestNG-test=Regression for DS-1] BasePage - Execution URL - https://ssl-product-creditor-web.vm-rct.stg.as8677.net/creditor/rm/login
[INFO ] 2020-11-13 11:32:57.113 [TestNG-test=Regression for DS-1] BasePage - hubURL - http://selenium-hub:4444/wd/hub
[INFO ] 2020-11-13 11:32:57.114 [TestNG-test=Regression for DS-1] BasePage - Execution browser - chromelocal
[INFO ] 2020-11-13 11:33:17.472 [TestNG-test=Regression for DS-1] BasePage - Initialized chrome browser driver
[INFO ] 2020-11-13 11:33:41.681 [TestNG-test=Regression for DS-1] SignHomePage - SPS SIGN Execution environment - RCI
[INFO ] 2020-11-13 11:33:50.265 [TestNG-test=Regression for DS-1] UserActions - Page loaded sucessfully ......
[INFO ] 2020-11-13 11:46:59.744 [TestNG-test=Regression for DS-1] BasePage - Execution environment - RCI
[INFO ] 2020-11-13 11:47:00.972 [TestNG-test=Regression for DS-1] BasePage - Execution URL - https://ssl-product-creditor-web.vm-rct.stg.as8677.net/creditor/rm/login
[INFO ] 2020-11-13 11:47:00.976 [TestNG-test=Regression for DS-1] BasePage - hubURL - http://selenium-hub:4444/wd/hub
[INFO ] 2020-11-13 11:47:00.978 [TestNG-test=Regression for DS-1] BasePage - Execution browser - chromelocal
[INFO ] 2020-11-13 11:47:15.944 [TestNG-test=Regression for DS-1] BasePage - Initialized chrome browser driver
[INFO ] 2020-11-13 11:47:35.540 [TestNG-test=Regression for DS-1] SignHomePage - SPS SIGN Execution environment - RCI
[INFO ] 2020-11-13 11:47:43.811 [TestNG-test=Regression for DS-1] UserActions - Page loaded sucessfully ......
[INFO ] 2020-11-13 11:51:00.517 [TestNG-test=Regression for DS-1] BasePage - Execution environment - RCI
[INFO ] 2020-11-13 11:51:01.451 [TestNG-test=Regression for DS-1] BasePage - Execution URL - https://ssl-product-creditor-web.vm-rct.stg.as8677.net/creditor/rm/login
[INFO ] 2020-11-13 11:51:01.458 [TestNG-test=Regression for DS-1] BasePage - hubURL - http://selenium-hub:4444/wd/hub
[INFO ] 2020-11-13 11:51:01.459 [TestNG-test=Regression for DS-1] BasePage - Execution browser - chromelocal
[INFO ] 2020-11-13 11:51:16.809 [TestNG-test=Regression for DS-1] BasePage - Initialized chrome browser driver
[INFO ] 2020-11-13 11:51:34.961 [TestNG-test=Regression for DS-1] SignHomePage - SPS SIGN Execution environment - RCI
[INFO ] 2020-11-13 11:51:42.344 [TestNG-test=Regression for DS-1] UserActions - Page loaded sucessfully ......
